#
# A fatal error has been detected by the Java Runtime Environment:
#
#  EXCEPTION_ACCESS_VIOLATION (0xc0000005) at pc=0x00007ffead75d1cc, pid=21880, tid=27960
#
# JRE version: OpenJDK Runtime Environment (21.0.2+13) (build 21.0.2+13-58)
# Java VM: OpenJDK 64-Bit Server VM (21.0.2+13-58, mixed mode, sharing, tiered, compressed oops, compressed class ptrs, g1 gc, windows-amd64)
# Problematic frame:
# C  [igxelpicd64.dll+0x30d1cc]
#
# No core dump will be written. Minidumps are not enabled by default on client versions of Windows
#
# If you would like to submit a bug report, please visit:
#   https://bugreport.java.com/bugreport/crash.jsp
#

---------------  S U M M A R Y ------------

Command Line: -javaagent:C:\Program Files\JetBrains\IntelliJ IDEA 2023.3.4\lib\idea_rt.jar=52204:C:\Program Files\JetBrains\IntelliJ IDEA 2023.3.4\bin -Dfile.encoding=UTF-8 -Dsun.stdout.encoding=UTF-8 -Dsun.stderr.encoding=UTF-8 main.java.GameServer

Host: 11th Gen Intel(R) Core(TM) i7-1165G7 @ 2.80GHz, 8 cores, 31G,  Windows 10 , 64 bit Build 19041 (10.0.19041.3636)
Time: Thu Apr 18 22:09:08 2024 W. Europe Summer Time elapsed time: 83.654177 seconds (0d 0h 1m 23s)

---------------  T H R E A D  ---------------

Current thread (0x0000027cfa4487c0):  VMThread "VM Thread"          [id=27960, stack(0x000000bd8d900000,0x000000bd8da00000) (1024K)]

Stack: [0x000000bd8d900000,0x000000bd8da00000],  sp=0x000000bd8d9fe6c0,  free space=1017k
Native frames: (J=compiled Java code, j=interpreted, Vv=VM code, C=native code)
C  [igxelpicd64.dll+0x30d1cc]


siginfo: EXCEPTION_ACCESS_VIOLATION (0xc0000005), reading address 0x00000000000356f8


Registers:
RAX=0x0000027ce551b160, RBX=0x0000027c9fe487b0, RCX=0x0000000000000000, RDX=0x0000000000000000
RSP=0x000000bd8d9fe6c0, RBP=0x0000000000000016, RSI=0x0000027c9f62a2a0, RDI=0x0000000000000000
R8 =0x0000000000000014, R9 =0x0000000000000000, R10=0x0000000000000000, R11=0x0000000000000246
R12=0x0000027ce551b628, R13=0x0000000000000000, R14=0x0000027ce551b060, R15=0x0000000000000000
RIP=0x00007ffead75d1cc, EFLAGS=0x0000000000010206


Register to memory mapping:

RAX=0x0000027ce551b160 points into unknown readable memory: 0x0000000000132a01 | 01 2a 13 00 00 00 00 00
RBX=0x0000027c9fe487b0 points into unknown readable memory: 0xffffffffffffffff | ff ff ff ff ff ff ff ff
RCX=0x0 is null
RDX=0x0 is null
RSP=0x000000bd8d9fe6c0 points into unknown readable memory: 0x0000027c9fe487b0 | b0 87 e4 9f 7c 02 00 00
RBP=0x0000000000000016 is an unknown value
RSI=0x0000027c9f62a2a0 points into unknown readable memory: 0x0000027c9f432c00 | 00 2c 43 9f 7c 02 00 00
RDI=0x0 is null
R8 =0x0000000000000014 is an unknown value
R9 =0x0 is null
R10=0x0 is null
R11=0x0000000000000246 is an unknown value
R12=0x0000027ce551b628 points into unknown readable memory: 0x0000027c9f7e5180 | 80 51 7e 9f 7c 02 00 00
R13=0x0 is null
R14=0x0000027ce551b060 points into unknown readable memory: 0x0000027ce53c6c10 | 10 6c 3c e5 7c 02 00 00
R15=0x0 is null

Top of Stack: (sp=0x000000bd8d9fe6c0)
0x000000bd8d9fe6c0:   0000027c9fe487b0 00007fff4e43db69
0x000000bd8d9fe6d0:   000000bd8d9fe758 0000000000000000
0x000000bd8d9fe6e0:   0000000000000054 0000027c9fe487b0
0x000000bd8d9fe6f0:   00007fff01ceb010 00007fff4ee90e64
0x000000bd8d9fe700:   0000000000000001 000000bd8d9fe710
0x000000bd8d9fe710:   000000000000002e 0000027ce53532f8
0x000000bd8d9fe720:   0000000000132a07 0000000000000000
0x000000bd8d9fe730:   0000000000000013 0000000000000000
0x000000bd8d9fe740:   0000000000000000 000000bd8d9fe860
0x000000bd8d9fe750:   0000027c9f62a2a0 00007ffead63d62c
0x000000bd8d9fe760:   0000027c00000016 0000027c9f7e5180
0x000000bd8d9fe770:   0000027cf5be0000 0000027ce59c1a00
0x000000bd8d9fe780:   000000bd00000748 0000b80200000000
0x000000bd8d9fe790:   0000000000000000 000000000000001e
0x000000bd8d9fe7a0:   976027ca00000000 0000027ce59c1a70
0x000000bd8d9fe7b0:   0000000000000000 0000000000000001
0x000000bd8d9fe7c0:   0000027ce59c1a60 00007ffead72da70
0x000000bd8d9fe7d0:   0000027c9f45dcc0 0000000002000002
0x000000bd8d9fe7e0:   0000027cf5be0150 00007ffff0000dfd
0x000000bd8d9fe7f0:   00000000000005f4 0000027cf5be0150
0x000000bd8d9fe800:   00000000000005f4 00007ffead4eb9e7
0x000000bd8d9fe810:   0000b80200000000 0000000000000748
0x000000bd8d9fe820:   0000000000000000 4000040000000001
0x000000bd8d9fe830:   0000000000000000 0000000000000000
0x000000bd8d9fe840:   0000000000000000 0000000000000000
0x000000bd8d9fe850:   0000000000000000 0000000000000000
0x000000bd8d9fe860:   0000000000000000 0000000000000000
0x000000bd8d9fe870:   0000000000000000 0000000000000000
0x000000bd8d9fe880:   0000000000000000 0000000000000000
0x000000bd8d9fe890:   0000000000000000 0000000000000000
0x000000bd8d9fe8a0:   0000000000000000 0000000000000000
0x000000bd8d9fe8b0:   0000000000000000 0000000000000000 

Instructions: (pc=0x00007ffead75d1cc)
0x00007ffead75d0cc:   41 bf 20 00 00 00 48 8b 04 38 4d 8b 3c 07 0f b6
0x00007ffead75d0dc:   bc 24 b0 00 00 00 4c 3b 3d 57 b4 c3 00 41 0f 44
0x00007ffead75d0ec:   e9 89 ac 24 a0 00 00 00 48 85 c9 0f 84 d4 07 00
0x00007ffead75d0fc:   00 0f 1f 00 4c 8b f1 4c 8d a1 c8 05 00 00 49 8b
0x00007ffead75d10c:   04 24 48 89 84 24 a8 00 00 00 40 84 ff 74 10 48
0x00007ffead75d11c:   8b d1 48 8b 09 e8 6a 46 ee ff e9 4f 07 00 00 8b
0x00007ffead75d12c:   96 c8 01 00 00 48 8b 05 d8 97 b3 00 83 b8 64 03
0x00007ffead75d13c:   00 00 02 0f 85 18 02 00 00 83 fa 10 73 0e 48 8d
0x00007ffead75d14c:   42 04 48 8d 04 c2 48 8d 04 c1 eb 60 8d 4a f0 8b
0x00007ffead75d15c:   c1 c1 e8 04 83 f8 03 73 1d 0f ae e8 83 e1 0f 4d
0x00007ffead75d16c:   8b 84 c6 80 05 00 00 4d 85 c0 74 25 48 8d 0c c9
0x00007ffead75d17c:   49 8d 04 c8 eb 36 49 8b 86 98 05 00 00 48 85 c0
0x00007ffead75d18c:   74 0f 66 90 39 10 74 2f 48 8b 40 50 48 85 c0 75
0x00007ffead75d19c:   f3 41 80 be a0 05 00 00 00 74 22 8b c2 83 e0 0f
0x00007ffead75d1ac:   48 8d 04 c0 48 8d 40 20 49 8d 04 c6 48 85 c0 74
0x00007ffead75d1bc:   0c 48 8b 48 08 eb 09 48 83 c0 08 eb ef 49 8b c9
0x00007ffead75d1cc:   49 3b 8f f8 56 03 00 0f 86 84 01 00 00 83 fa 10
0x00007ffead75d1dc:   73 0a 48 8d 42 04 48 8d 04 c2 eb 5c 8d 4a f0 8b
0x00007ffead75d1ec:   c1 c1 e8 04 83 f8 03 73 1d 0f ae e8 83 e1 0f 4d
0x00007ffead75d1fc:   8b 84 c6 80 05 00 00 4d 85 c0 74 25 48 8d 0c c9
0x00007ffead75d20c:   49 8d 04 c8 eb 36 49 8b 86 98 05 00 00 48 85 c0
0x00007ffead75d21c:   74 0f 66 90 39 10 74 2f 48 8b 40 50 48 85 c0 75
0x00007ffead75d22c:   f3 41 80 be a0 05 00 00 00 74 22 8b c2 83 e0 0f
0x00007ffead75d23c:   48 8d 04 c0 48 8d 40 20 49 8d 04 c6 48 85 c0 74
0x00007ffead75d24c:   0c 48 8b 48 08 eb 09 48 83 c0 08 eb ef 49 8b c9
0x00007ffead75d25c:   49 3b 8e 40 06 00 00 0f 86 f4 00 00 00 48 8b 86
0x00007ffead75d26c:   78 02 00 00 49 89 04 24 4c 89 b6 78 02 00 00 ff
0x00007ffead75d27c:   86 80 02 00 00 49 8b 46 08 48 8b 88 18 01 00 00
0x00007ffead75d28c:   48 81 e1 00 00 ff ff 48 81 c1 00 00 01 00 48 01
0x00007ffead75d29c:   8e 88 02 00 00 ba 01 00 00 00 49 8b 4e 08 e8 11
0x00007ffead75d2ac:   8f d4 ff 48 01 86 98 02 00 00 85 ed 74 75 49 8b
0x00007ffead75d2bc:   9f 58 4f 03 00 0f 57 c0 f3 0f 7f 44 24 30 c7 44 


Stack slot to memory mapping:

stack at sp + 0 slots: 0x0000027c9fe487b0 points into unknown readable memory: 0xffffffffffffffff | ff ff ff ff ff ff ff ff
stack at sp + 1 slots: 0x00007fff4e43db69 USER32.dll
stack at sp + 2 slots: 0x000000bd8d9fe758 points into unknown readable memory: 0x00007ffead63d62c | 2c d6 63 ad fe 7f 00 00
stack at sp + 3 slots: 0x0 is null
stack at sp + 4 slots: 0x0000000000000054 is an unknown value
stack at sp + 5 slots: 0x0000027c9fe487b0 points into unknown readable memory: 0xffffffffffffffff | ff ff ff ff ff ff ff ff
stack at sp + 6 slots: 0x00007fff01ceb010 jvm.dll
stack at sp + 7 slots: 0x00007fff4ee90e64 ntdll.dll

VM_Operation (0x000000bd8d0ff220): Exit, mode: safepoint, requested by thread 0x0000027ce5dc01d0


---------------  P R O C E S S  ---------------

Threads class SMR info:
_java_thread_list=0x0000027ce5c2dee0, length=33, elements={
0x0000027cfa466a90, 0x0000027cfa467aa0, 0x0000027cfa46c7b0, 0x0000027cfa46d660,
0x0000027cfa46e950, 0x0000027c9f370d00, 0x0000027c9f377c70, 0x0000027c9f398fb0,
0x0000027cfa430a90, 0x0000027c9f75ae10, 0x0000027c9f75b480, 0x0000027c9f91de10,
0x0000027c9fde3250, 0x0000027c9fd9e400, 0x0000027c9fd9ea70, 0x0000027c9fdcb620,
0x0000027c9fdcc110, 0x0000027c9fb322f0, 0x0000027c9fe21170, 0x0000027c9fe20450,
0x0000027c9fe1f730, 0x0000027c9fe21800, 0x0000027c9fe1f0a0, 0x0000027c9fe1ea10,
0x0000027c9fe1e380, 0x0000027ce51dbe70, 0x0000027ce51daac0, 0x0000027ce51dc500,
0x0000027ce51d9710, 0x0000027ce51d9da0, 0x0000027ce51db150, 0x0000027ce5dc2930,
0x0000027ce5dc01d0
}

Java Threads: ( => current thread )
  0x0000027cfa466a90 JavaThread "Reference Handler"          daemon [_thread_blocked, id=40852, stack(0x000000bd8da00000,0x000000bd8db00000) (1024K)]
  0x0000027cfa467aa0 JavaThread "Finalizer"                  daemon [_thread_blocked, id=14208, stack(0x000000bd8db00000,0x000000bd8dc00000) (1024K)]
  0x0000027cfa46c7b0 JavaThread "Signal Dispatcher"          daemon [_thread_blocked, id=40224, stack(0x000000bd8dc00000,0x000000bd8dd00000) (1024K)]
  0x0000027cfa46d660 JavaThread "Attach Listener"            daemon [_thread_blocked, id=28836, stack(0x000000bd8dd00000,0x000000bd8de00000) (1024K)]
  0x0000027cfa46e950 JavaThread "Service Thread"             daemon [_thread_blocked, id=8736, stack(0x000000bd8de00000,0x000000bd8df00000) (1024K)]
  0x0000027c9f370d00 JavaThread "Monitor Deflation Thread"   daemon [_thread_blocked, id=36380, stack(0x000000bd8df00000,0x000000bd8e000000) (1024K)]
  0x0000027c9f377c70 JavaThread "C2 CompilerThread0"         daemon [_thread_blocked, id=33636, stack(0x000000bd8e000000,0x000000bd8e100000) (1024K)]
  0x0000027c9f398fb0 JavaThread "C1 CompilerThread0"         daemon [_thread_blocked, id=1492, stack(0x000000bd8e100000,0x000000bd8e200000) (1024K)]
  0x0000027cfa430a90 JavaThread "Common-Cleaner"             daemon [_thread_blocked, id=24720, stack(0x000000bd8e200000,0x000000bd8e300000) (1024K)]
  0x0000027c9f75ae10 JavaThread "Monitor Ctrl-Break"         daemon [_thread_in_native, id=9900, stack(0x000000bd8e300000,0x000000bd8e400000) (1024K)]
  0x0000027c9f75b480 JavaThread "Notification Thread"        daemon [_thread_blocked, id=37964, stack(0x000000bd8e400000,0x000000bd8e500000) (1024K)]
  0x0000027c9f91de10 JavaThread "Thread-0"                          [_thread_blocked, id=17588, stack(0x000000bd8e600000,0x000000bd8e700000) (1024K)]
  0x0000027c9fde3250 JavaThread "qtp1031668669-23"                  [_thread_in_native, id=26236, stack(0x000000bd8e700000,0x000000bd8e800000) (1024K)]
  0x0000027c9fd9e400 JavaThread "qtp1031668669-24"                  [_thread_in_native, id=14852, stack(0x000000bd8e800000,0x000000bd8e900000) (1024K)]
  0x0000027c9fd9ea70 JavaThread "qtp1031668669-25"                  [_thread_in_native, id=13804, stack(0x000000bd8e900000,0x000000bd8ea00000) (1024K)]
  0x0000027c9fdcb620 JavaThread "qtp1031668669-26"                  [_thread_blocked, id=25572, stack(0x000000bd8ea00000,0x000000bd8eb00000) (1024K)]
  0x0000027c9fdcc110 JavaThread "qtp1031668669-27-acceptor-0@38f9f516-ServerConnector@1b90be69{HTTP/1.1, (http/1.1)}{0.0.0.0:4567}"        [_thread_in_native, id=11628, stack(0x000000bd8eb00000,0x000000bd8ec00000) (1024K)]
  0x0000027c9fb322f0 JavaThread "qtp1031668669-28"                  [_thread_blocked, id=5784, stack(0x000000bd8ec00000,0x000000bd8ed00000) (1024K)]
  0x0000027c9fe21170 JavaThread "qtp1031668669-29"                  [_thread_blocked, id=6876, stack(0x000000bd8ed00000,0x000000bd8ee00000) (1024K)]
  0x0000027c9fe20450 JavaThread "qtp1031668669-30"                  [_thread_in_native, id=37992, stack(0x000000bd8ee00000,0x000000bd8ef00000) (1024K)]
  0x0000027c9fe1f730 JavaThread "Session-HouseKeeper-4b3fb833-1"        [_thread_blocked, id=38644, stack(0x000000bd8ef00000,0x000000bd8f000000) (1024K)]
  0x0000027c9fe21800 JavaThread "Java2D Disposer"            daemon [_thread_blocked, id=34708, stack(0x000000bd8f000000,0x000000bd8f100000) (1024K)]
  0x0000027c9fe1f0a0 JavaThread "AWT-Shutdown"                      [_thread_blocked, id=37676, stack(0x000000bd8f100000,0x000000bd8f200000) (1024K)]
  0x0000027c9fe1ea10 JavaThread "TimerQueue"                 daemon [_thread_blocked, id=4508, stack(0x000000bd8fa00000,0x000000bd8fb00000) (1024K)]
  0x0000027c9fe1e380 JavaThread "AWT-EventQueue-0"                  [_thread_blocked, id=24816, stack(0x000000bd8fb00000,0x000000bd8fc00000) (1024K)]
  0x0000027ce51dbe70 JavaThread "DestroyJavaVM"                     [_thread_blocked, id=40560, stack(0x000000bd8d200000,0x000000bd8d300000) (1024K)]
  0x0000027ce51daac0 JavaThread "Connector-Scheduler-1b90be69-1"        [_thread_blocked, id=39324, stack(0x000000bd8e500000,0x000000bd8e600000) (1024K)]
  0x0000027ce51dc500 JavaThread "Timer-0"                           [_thread_blocked, id=35680, stack(0x000000bd8fc00000,0x000000bd8fd00000) (1024K)]
  0x0000027ce51d9710 JavaThread "LWJGL Application"                 [_thread_blocked, id=40160, stack(0x000000bd90100000,0x000000bd90200000) (1024K)]
  0x0000027ce51d9da0 JavaThread "Thread-13"                         [_thread_blocked, id=21868, stack(0x000000bd90700000,0x000000bd90800000) (1024K)]
  0x0000027ce51db150 JavaThread "LWJGL Timer"                daemon [_thread_blocked, id=2940, stack(0x000000bd90800000,0x000000bd90900000) (1024K)]
  0x0000027ce5dc2930 JavaThread "Thread-18"                         [_thread_blocked, id=40524, stack(0x000000bd8cf00000,0x000000bd8d000000) (1024K)]
  0x0000027ce5dc01d0 JavaThread "SIGINT handler"             daemon [_thread_blocked, id=33932, stack(0x000000bd8d000000,0x000000bd8d100000) (1024K)]
Total: 33

Other Threads:
=>0x0000027cfa4487c0 VMThread "VM Thread"                           [id=27960, stack(0x000000bd8d900000,0x000000bd8da00000) (1024K)]
  0x0000027cfa2b0780 WorkerThread "GC Thread#0"                     [id=7112, stack(0x000000bd8d300000,0x000000bd8d400000) (1024K)]
  0x0000027ce51bfba0 WorkerThread "GC Thread#1"                     [id=34888, stack(0x000000bd8f300000,0x000000bd8f400000) (1024K)]
  0x0000027ce517b230 WorkerThread "GC Thread#2"                     [id=35660, stack(0x000000bd8f400000,0x000000bd8f500000) (1024K)]
  0x0000027ce517b5d0 WorkerThread "GC Thread#3"                     [id=36832, stack(0x000000bd8f500000,0x000000bd8f600000) (1024K)]
  0x0000027ce517b970 WorkerThread "GC Thread#4"                     [id=9404, stack(0x000000bd8f600000,0x000000bd8f700000) (1024K)]
  0x0000027ce517bf20 WorkerThread "GC Thread#5"                     [id=22684, stack(0x000000bd8f700000,0x000000bd8f800000) (1024K)]
  0x0000027ce517c2c0 WorkerThread "GC Thread#6"                     [id=34100, stack(0x000000bd8f800000,0x000000bd8f900000) (1024K)]
  0x0000027ce517ca70 WorkerThread "GC Thread#7"                     [id=34288, stack(0x000000bd8f900000,0x000000bd8fa00000) (1024K)]
  0x0000027cf7f3f3b0 ConcurrentGCThread "G1 Main Marker"            terminated
  0x0000027cf7f3fdc0 WorkerThread "G1 Conc#0"                       [id=3264, stack(0x000000bd8d500000,0x000000bd8d600000) (1024K)]
  0x0000027cf7f7ead0 ConcurrentGCThread "G1 Refine#0"               terminated
  0x0000027cfa3057b0 ConcurrentGCThread "G1 Service"                terminated
Total: 13

Threads with active compile tasks:
Total: 0

VM state: at safepoint (shutting down)

VM Mutex/Monitor currently owned by a thread:  ([mutex/lock_event])
[0x00007fff0202cd68] Threads_lock - owner thread: 0x0000027cfa4487c0
[0x00007fff0202ce68] Heap_lock - owner thread: 0x0000027ce5dc01d0

Heap address: 0x0000000604c00000, size: 8116 MB, Compressed Oops mode: Zero based, Oop shift amount: 3

CDS archive(s) mapped at: [0x0000027ca0000000-0x0000027ca0c90000-0x0000027ca0c90000), size 13172736, SharedBaseAddress: 0x0000027ca0000000, ArchiveRelocationMode: 1.
Compressed class space mapped at: 0x0000027ca1000000-0x0000027ce1000000, reserved size: 1073741824
Narrow klass base: 0x0000027ca0000000, Narrow klass shift: 0, Narrow klass range: 0x100000000

GC Precious Log:
 CardTable entry size: 512
 Card Set container configuration: InlinePtr #cards 4 size 8 Array Of Cards #cards 32 size 80 Howl #buckets 8 coarsen threshold 7372 Howl Bitmap #cards 1024 size 144 coarsen threshold 921 Card regions per heap region 1 cards per card region 8192
 CPUs: 8 total, 8 available
 Memory: 32448M
 Large Page Support: Disabled
 NUMA Support: Disabled
 Compressed Oops: Enabled (Zero based)
 Heap Region Size: 4M
 Heap Min Capacity: 8M
 Heap Initial Capacity: 508M
 Heap Max Capacity: 8116M
 Pre-touch: Disabled
 Parallel Workers: 8
 Concurrent Workers: 2
 Concurrent Refinement Workers: 8
 Periodic GC: Disabled

Heap:
 garbage-first heap   total 520192K, used 28343K [0x0000000604c00000, 0x0000000800000000)
  region size 4096K, 5 young (20480K), 1 survivors (4096K)
 Metaspace       used 20054K, committed 20352K, reserved 1114112K
  class space    used 2019K, committed 2176K, reserved 1048576K

Heap Regions: E=young(eden), S=young(survivor), O=old, HS=humongous(starts), HC=humongous(continues), CS=collection set, F=free, TAMS=top-at-mark-start, PB=parsable bottom
|   0|0x0000000604c00000, 0x0000000605000000, 0x0000000605000000|100%| O|  |TAMS 0x0000000604c00000| PB 0x0000000604c00000| Untracked 
|   1|0x0000000605000000, 0x0000000605400000, 0x0000000605400000|100%|HS|  |TAMS 0x0000000605000000| PB 0x0000000605000000| Complete 
|   2|0x0000000605400000, 0x0000000605800000, 0x0000000605800000|100%|HC|  |TAMS 0x0000000605400000| PB 0x0000000605400000| Complete 
|   3|0x0000000605800000, 0x00000006058cd650, 0x0000000605c00000| 20%| O|  |TAMS 0x0000000605800000| PB 0x0000000605800000| Untracked 
|   4|0x0000000605c00000, 0x0000000605c00000, 0x0000000606000000|  0%| F|  |TAMS 0x0000000605c00000| PB 0x0000000605c00000| Untracked 
|   5|0x0000000606000000, 0x0000000606000000, 0x0000000606400000|  0%| F|  |TAMS 0x0000000606000000| PB 0x0000000606000000| Untracked 
|   6|0x0000000606400000, 0x0000000606400000, 0x0000000606800000|  0%| F|  |TAMS 0x0000000606400000| PB 0x0000000606400000| Untracked 
|   7|0x0000000606800000, 0x0000000606800000, 0x0000000606c00000|  0%| F|  |TAMS 0x0000000606800000| PB 0x0000000606800000| Untracked 
|   8|0x0000000606c00000, 0x0000000606c00000, 0x0000000607000000|  0%| F|  |TAMS 0x0000000606c00000| PB 0x0000000606c00000| Untracked 
|   9|0x0000000607000000, 0x0000000607000000, 0x0000000607400000|  0%| F|  |TAMS 0x0000000607000000| PB 0x0000000607000000| Untracked 
|  10|0x0000000607400000, 0x0000000607400000, 0x0000000607800000|  0%| F|  |TAMS 0x0000000607400000| PB 0x0000000607400000| Untracked 
|  11|0x0000000607800000, 0x0000000607800000, 0x0000000607c00000|  0%| F|  |TAMS 0x0000000607800000| PB 0x0000000607800000| Untracked 
|  12|0x0000000607c00000, 0x0000000607c00000, 0x0000000608000000|  0%| F|  |TAMS 0x0000000607c00000| PB 0x0000000607c00000| Untracked 
|  13|0x0000000608000000, 0x0000000608000000, 0x0000000608400000|  0%| F|  |TAMS 0x0000000608000000| PB 0x0000000608000000| Untracked 
|  14|0x0000000608400000, 0x0000000608400000, 0x0000000608800000|  0%| F|  |TAMS 0x0000000608400000| PB 0x0000000608400000| Untracked 
|  15|0x0000000608800000, 0x0000000608800000, 0x0000000608c00000|  0%| F|  |TAMS 0x0000000608800000| PB 0x0000000608800000| Untracked 
|  16|0x0000000608c00000, 0x0000000608c00000, 0x0000000609000000|  0%| F|  |TAMS 0x0000000608c00000| PB 0x0000000608c00000| Untracked 
|  17|0x0000000609000000, 0x0000000609000000, 0x0000000609400000|  0%| F|  |TAMS 0x0000000609000000| PB 0x0000000609000000| Untracked 
|  18|0x0000000609400000, 0x0000000609400000, 0x0000000609800000|  0%| F|  |TAMS 0x0000000609400000| PB 0x0000000609400000| Untracked 
|  19|0x0000000609800000, 0x0000000609800000, 0x0000000609c00000|  0%| F|  |TAMS 0x0000000609800000| PB 0x0000000609800000| Untracked 
|  20|0x0000000609c00000, 0x0000000609c00000, 0x000000060a000000|  0%| F|  |TAMS 0x0000000609c00000| PB 0x0000000609c00000| Untracked 
|  21|0x000000060a000000, 0x000000060a000000, 0x000000060a400000|  0%| F|  |TAMS 0x000000060a000000| PB 0x000000060a000000| Untracked 
|  22|0x000000060a400000, 0x000000060a400000, 0x000000060a800000|  0%| F|  |TAMS 0x000000060a400000| PB 0x000000060a400000| Untracked 
|  23|0x000000060a800000, 0x000000060a800000, 0x000000060ac00000|  0%| F|  |TAMS 0x000000060a800000| PB 0x000000060a800000| Untracked 
|  24|0x000000060ac00000, 0x000000060ac00000, 0x000000060b000000|  0%| F|  |TAMS 0x000000060ac00000| PB 0x000000060ac00000| Untracked 
|  25|0x000000060b000000, 0x000000060b000000, 0x000000060b400000|  0%| F|  |TAMS 0x000000060b000000| PB 0x000000060b000000| Untracked 
|  26|0x000000060b400000, 0x000000060b400000, 0x000000060b800000|  0%| F|  |TAMS 0x000000060b400000| PB 0x000000060b400000| Untracked 
|  27|0x000000060b800000, 0x000000060b800000, 0x000000060bc00000|  0%| F|  |TAMS 0x000000060b800000| PB 0x000000060b800000| Untracked 
|  28|0x000000060bc00000, 0x000000060bc00000, 0x000000060c000000|  0%| F|  |TAMS 0x000000060bc00000| PB 0x000000060bc00000| Untracked 
|  29|0x000000060c000000, 0x000000060c000000, 0x000000060c400000|  0%| F|  |TAMS 0x000000060c000000| PB 0x000000060c000000| Untracked 
|  30|0x000000060c400000, 0x000000060c400000, 0x000000060c800000|  0%| F|  |TAMS 0x000000060c400000| PB 0x000000060c400000| Untracked 
|  31|0x000000060c800000, 0x000000060c800000, 0x000000060cc00000|  0%| F|  |TAMS 0x000000060c800000| PB 0x000000060c800000| Untracked 
|  32|0x000000060cc00000, 0x000000060cc00000, 0x000000060d000000|  0%| F|  |TAMS 0x000000060cc00000| PB 0x000000060cc00000| Untracked 
|  33|0x000000060d000000, 0x000000060d000000, 0x000000060d400000|  0%| F|  |TAMS 0x000000060d000000| PB 0x000000060d000000| Untracked 
|  34|0x000000060d400000, 0x000000060d400000, 0x000000060d800000|  0%| F|  |TAMS 0x000000060d400000| PB 0x000000060d400000| Untracked 
|  35|0x000000060d800000, 0x000000060d800000, 0x000000060dc00000|  0%| F|  |TAMS 0x000000060d800000| PB 0x000000060d800000| Untracked 
|  36|0x000000060dc00000, 0x000000060dc00000, 0x000000060e000000|  0%| F|  |TAMS 0x000000060dc00000| PB 0x000000060dc00000| Untracked 
|  37|0x000000060e000000, 0x000000060e000000, 0x000000060e400000|  0%| F|  |TAMS 0x000000060e000000| PB 0x000000060e000000| Untracked 
|  38|0x000000060e400000, 0x000000060e400000, 0x000000060e800000|  0%| F|  |TAMS 0x000000060e400000| PB 0x000000060e400000| Untracked 
|  39|0x000000060e800000, 0x000000060e800000, 0x000000060ec00000|  0%| F|  |TAMS 0x000000060e800000| PB 0x000000060e800000| Untracked 
|  40|0x000000060ec00000, 0x000000060ec00000, 0x000000060f000000|  0%| F|  |TAMS 0x000000060ec00000| PB 0x000000060ec00000| Untracked 
|  41|0x000000060f000000, 0x000000060f000000, 0x000000060f400000|  0%| F|  |TAMS 0x000000060f000000| PB 0x000000060f000000| Untracked 
|  42|0x000000060f400000, 0x000000060f400000, 0x000000060f800000|  0%| F|  |TAMS 0x000000060f400000| PB 0x000000060f400000| Untracked 
|  43|0x000000060f800000, 0x000000060f800000, 0x000000060fc00000|  0%| F|  |TAMS 0x000000060f800000| PB 0x000000060f800000| Untracked 
|  44|0x000000060fc00000, 0x000000060fc00000, 0x0000000610000000|  0%| F|  |TAMS 0x000000060fc00000| PB 0x000000060fc00000| Untracked 
|  45|0x0000000610000000, 0x0000000610000000, 0x0000000610400000|  0%| F|  |TAMS 0x0000000610000000| PB 0x0000000610000000| Untracked 
|  46|0x0000000610400000, 0x0000000610400000, 0x0000000610800000|  0%| F|  |TAMS 0x0000000610400000| PB 0x0000000610400000| Untracked 
|  47|0x0000000610800000, 0x0000000610800000, 0x0000000610c00000|  0%| F|  |TAMS 0x0000000610800000| PB 0x0000000610800000| Untracked 
|  48|0x0000000610c00000, 0x0000000610c00000, 0x0000000611000000|  0%| F|  |TAMS 0x0000000610c00000| PB 0x0000000610c00000| Untracked 
|  49|0x0000000611000000, 0x0000000611000000, 0x0000000611400000|  0%| F|  |TAMS 0x0000000611000000| PB 0x0000000611000000| Untracked 
|  50|0x0000000611400000, 0x0000000611400000, 0x0000000611800000|  0%| F|  |TAMS 0x0000000611400000| PB 0x0000000611400000| Untracked 
|  51|0x0000000611800000, 0x0000000611800000, 0x0000000611c00000|  0%| F|  |TAMS 0x0000000611800000| PB 0x0000000611800000| Untracked 
|  52|0x0000000611c00000, 0x0000000611c00000, 0x0000000612000000|  0%| F|  |TAMS 0x0000000611c00000| PB 0x0000000611c00000| Untracked 
|  53|0x0000000612000000, 0x0000000612000000, 0x0000000612400000|  0%| F|  |TAMS 0x0000000612000000| PB 0x0000000612000000| Untracked 
|  54|0x0000000612400000, 0x0000000612400000, 0x0000000612800000|  0%| F|  |TAMS 0x0000000612400000| PB 0x0000000612400000| Untracked 
|  55|0x0000000612800000, 0x0000000612800000, 0x0000000612c00000|  0%| F|  |TAMS 0x0000000612800000| PB 0x0000000612800000| Untracked 
|  56|0x0000000612c00000, 0x0000000612c00000, 0x0000000613000000|  0%| F|  |TAMS 0x0000000612c00000| PB 0x0000000612c00000| Untracked 
|  57|0x0000000613000000, 0x0000000613000000, 0x0000000613400000|  0%| F|  |TAMS 0x0000000613000000| PB 0x0000000613000000| Untracked 
|  58|0x0000000613400000, 0x0000000613400000, 0x0000000613800000|  0%| F|  |TAMS 0x0000000613400000| PB 0x0000000613400000| Untracked 
|  59|0x0000000613800000, 0x0000000613800000, 0x0000000613c00000|  0%| F|  |TAMS 0x0000000613800000| PB 0x0000000613800000| Untracked 
|  60|0x0000000613c00000, 0x0000000613c00000, 0x0000000614000000|  0%| F|  |TAMS 0x0000000613c00000| PB 0x0000000613c00000| Untracked 
|  61|0x0000000614000000, 0x0000000614000000, 0x0000000614400000|  0%| F|  |TAMS 0x0000000614000000| PB 0x0000000614000000| Untracked 
|  62|0x0000000614400000, 0x0000000614400000, 0x0000000614800000|  0%| F|  |TAMS 0x0000000614400000| PB 0x0000000614400000| Untracked 
|  63|0x0000000614800000, 0x0000000614800000, 0x0000000614c00000|  0%| F|  |TAMS 0x0000000614800000| PB 0x0000000614800000| Untracked 
|  64|0x0000000614c00000, 0x0000000614c00000, 0x0000000615000000|  0%| F|  |TAMS 0x0000000614c00000| PB 0x0000000614c00000| Untracked 
|  65|0x0000000615000000, 0x0000000615000000, 0x0000000615400000|  0%| F|  |TAMS 0x0000000615000000| PB 0x0000000615000000| Untracked 
|  66|0x0000000615400000, 0x0000000615400000, 0x0000000615800000|  0%| F|  |TAMS 0x0000000615400000| PB 0x0000000615400000| Untracked 
|  67|0x0000000615800000, 0x0000000615800000, 0x0000000615c00000|  0%| F|  |TAMS 0x0000000615800000| PB 0x0000000615800000| Untracked 
|  68|0x0000000615c00000, 0x0000000615c00000, 0x0000000616000000|  0%| F|  |TAMS 0x0000000615c00000| PB 0x0000000615c00000| Untracked 
|  69|0x0000000616000000, 0x0000000616000000, 0x0000000616400000|  0%| F|  |TAMS 0x0000000616000000| PB 0x0000000616000000| Untracked 
|  70|0x0000000616400000, 0x0000000616400000, 0x0000000616800000|  0%| F|  |TAMS 0x0000000616400000| PB 0x0000000616400000| Untracked 
|  71|0x0000000616800000, 0x0000000616800000, 0x0000000616c00000|  0%| F|  |TAMS 0x0000000616800000| PB 0x0000000616800000| Untracked 
|  72|0x0000000616c00000, 0x0000000616c00000, 0x0000000617000000|  0%| F|  |TAMS 0x0000000616c00000| PB 0x0000000616c00000| Untracked 
|  73|0x0000000617000000, 0x0000000617000000, 0x0000000617400000|  0%| F|  |TAMS 0x0000000617000000| PB 0x0000000617000000| Untracked 
|  74|0x0000000617400000, 0x0000000617400000, 0x0000000617800000|  0%| F|  |TAMS 0x0000000617400000| PB 0x0000000617400000| Untracked 
|  75|0x0000000617800000, 0x0000000617800000, 0x0000000617c00000|  0%| F|  |TAMS 0x0000000617800000| PB 0x0000000617800000| Untracked 
|  76|0x0000000617c00000, 0x0000000617c00000, 0x0000000618000000|  0%| F|  |TAMS 0x0000000617c00000| PB 0x0000000617c00000| Untracked 
|  77|0x0000000618000000, 0x0000000618000000, 0x0000000618400000|  0%| F|  |TAMS 0x0000000618000000| PB 0x0000000618000000| Untracked 
|  78|0x0000000618400000, 0x0000000618400000, 0x0000000618800000|  0%| F|  |TAMS 0x0000000618400000| PB 0x0000000618400000| Untracked 
|  79|0x0000000618800000, 0x0000000618800000, 0x0000000618c00000|  0%| F|  |TAMS 0x0000000618800000| PB 0x0000000618800000| Untracked 
|  80|0x0000000618c00000, 0x0000000618c00000, 0x0000000619000000|  0%| F|  |TAMS 0x0000000618c00000| PB 0x0000000618c00000| Untracked 
|  81|0x0000000619000000, 0x0000000619000000, 0x0000000619400000|  0%| F|  |TAMS 0x0000000619000000| PB 0x0000000619000000| Untracked 
|  82|0x0000000619400000, 0x0000000619400000, 0x0000000619800000|  0%| F|  |TAMS 0x0000000619400000| PB 0x0000000619400000| Untracked 
|  83|0x0000000619800000, 0x0000000619800000, 0x0000000619c00000|  0%| F|  |TAMS 0x0000000619800000| PB 0x0000000619800000| Untracked 
|  84|0x0000000619c00000, 0x0000000619c00000, 0x000000061a000000|  0%| F|  |TAMS 0x0000000619c00000| PB 0x0000000619c00000| Untracked 
|  85|0x000000061a000000, 0x000000061a000000, 0x000000061a400000|  0%| F|  |TAMS 0x000000061a000000| PB 0x000000061a000000| Untracked 
|  86|0x000000061a400000, 0x000000061a400000, 0x000000061a800000|  0%| F|  |TAMS 0x000000061a400000| PB 0x000000061a400000| Untracked 
|  87|0x000000061a800000, 0x000000061a800000, 0x000000061ac00000|  0%| F|  |TAMS 0x000000061a800000| PB 0x000000061a800000| Untracked 
|  88|0x000000061ac00000, 0x000000061ac00000, 0x000000061b000000|  0%| F|  |TAMS 0x000000061ac00000| PB 0x000000061ac00000| Untracked 
|  89|0x000000061b000000, 0x000000061b000000, 0x000000061b400000|  0%| F|  |TAMS 0x000000061b000000| PB 0x000000061b000000| Untracked 
|  90|0x000000061b400000, 0x000000061b400000, 0x000000061b800000|  0%| F|  |TAMS 0x000000061b400000| PB 0x000000061b400000| Untracked 
|  91|0x000000061b800000, 0x000000061b800000, 0x000000061bc00000|  0%| F|  |TAMS 0x000000061b800000| PB 0x000000061b800000| Untracked 
|  92|0x000000061bc00000, 0x000000061bc00000, 0x000000061c000000|  0%| F|  |TAMS 0x000000061bc00000| PB 0x000000061bc00000| Untracked 
|  93|0x000000061c000000, 0x000000061c000000, 0x000000061c400000|  0%| F|  |TAMS 0x000000061c000000| PB 0x000000061c000000| Untracked 
|  94|0x000000061c400000, 0x000000061c400000, 0x000000061c800000|  0%| F|  |TAMS 0x000000061c400000| PB 0x000000061c400000| Untracked 
|  95|0x000000061c800000, 0x000000061c800000, 0x000000061cc00000|  0%| F|  |TAMS 0x000000061c800000| PB 0x000000061c800000| Untracked 
|  96|0x000000061cc00000, 0x000000061cc00000, 0x000000061d000000|  0%| F|  |TAMS 0x000000061cc00000| PB 0x000000061cc00000| Untracked 
|  97|0x000000061d000000, 0x000000061d000000, 0x000000061d400000|  0%| F|  |TAMS 0x000000061d000000| PB 0x000000061d000000| Untracked 
|  98|0x000000061d400000, 0x000000061d400000, 0x000000061d800000|  0%| F|  |TAMS 0x000000061d400000| PB 0x000000061d400000| Untracked 
|  99|0x000000061d800000, 0x000000061d800000, 0x000000061dc00000|  0%| F|  |TAMS 0x000000061d800000| PB 0x000000061d800000| Untracked 
| 100|0x000000061dc00000, 0x000000061dc00000, 0x000000061e000000|  0%| F|  |TAMS 0x000000061dc00000| PB 0x000000061dc00000| Untracked 
| 101|0x000000061e000000, 0x000000061e000000, 0x000000061e400000|  0%| F|  |TAMS 0x000000061e000000| PB 0x000000061e000000| Untracked 
| 102|0x000000061e400000, 0x000000061e400000, 0x000000061e800000|  0%| F|  |TAMS 0x000000061e400000| PB 0x000000061e400000| Untracked 
| 103|0x000000061e800000, 0x000000061e800000, 0x000000061ec00000|  0%| F|  |TAMS 0x000000061e800000| PB 0x000000061e800000| Untracked 
| 104|0x000000061ec00000, 0x000000061ec00000, 0x000000061f000000|  0%| F|  |TAMS 0x000000061ec00000| PB 0x000000061ec00000| Untracked 
| 105|0x000000061f000000, 0x000000061f000000, 0x000000061f400000|  0%| F|  |TAMS 0x000000061f000000| PB 0x000000061f000000| Untracked 
| 106|0x000000061f400000, 0x000000061f400000, 0x000000061f800000|  0%| F|  |TAMS 0x000000061f400000| PB 0x000000061f400000| Untracked 
| 107|0x000000061f800000, 0x000000061f800000, 0x000000061fc00000|  0%| F|  |TAMS 0x000000061f800000| PB 0x000000061f800000| Untracked 
| 108|0x000000061fc00000, 0x000000061fc00000, 0x0000000620000000|  0%| F|  |TAMS 0x000000061fc00000| PB 0x000000061fc00000| Untracked 
| 109|0x0000000620000000, 0x0000000620000000, 0x0000000620400000|  0%| F|  |TAMS 0x0000000620000000| PB 0x0000000620000000| Untracked 
| 110|0x0000000620400000, 0x0000000620400000, 0x0000000620800000|  0%| F|  |TAMS 0x0000000620400000| PB 0x0000000620400000| Untracked 
| 111|0x0000000620800000, 0x0000000620800000, 0x0000000620c00000|  0%| F|  |TAMS 0x0000000620800000| PB 0x0000000620800000| Untracked 
| 112|0x0000000620c00000, 0x0000000620c00000, 0x0000000621000000|  0%| F|  |TAMS 0x0000000620c00000| PB 0x0000000620c00000| Untracked 
| 113|0x0000000621000000, 0x00000006212e0860, 0x0000000621400000| 71%| S|CS|TAMS 0x0000000621000000| PB 0x0000000621000000| Complete 
| 114|0x0000000621400000, 0x0000000621400000, 0x0000000621800000|  0%| F|  |TAMS 0x0000000621400000| PB 0x0000000621400000| Untracked 
| 115|0x0000000621800000, 0x0000000621800000, 0x0000000621c00000|  0%| F|  |TAMS 0x0000000621800000| PB 0x0000000621800000| Untracked 
| 116|0x0000000621c00000, 0x0000000621c00000, 0x0000000622000000|  0%| F|  |TAMS 0x0000000621c00000| PB 0x0000000621c00000| Untracked 
| 117|0x0000000622000000, 0x0000000622000000, 0x0000000622400000|  0%| F|  |TAMS 0x0000000622000000| PB 0x0000000622000000| Untracked 
| 118|0x0000000622400000, 0x0000000622400000, 0x0000000622800000|  0%| F|  |TAMS 0x0000000622400000| PB 0x0000000622400000| Untracked 
| 119|0x0000000622800000, 0x0000000622800000, 0x0000000622c00000|  0%| F|  |TAMS 0x0000000622800000| PB 0x0000000622800000| Untracked 
| 120|0x0000000622c00000, 0x0000000622c00000, 0x0000000623000000|  0%| F|  |TAMS 0x0000000622c00000| PB 0x0000000622c00000| Untracked 
| 121|0x0000000623000000, 0x0000000623000000, 0x0000000623400000|  0%| F|  |TAMS 0x0000000623000000| PB 0x0000000623000000| Untracked 
| 122|0x0000000623400000, 0x0000000623400000, 0x0000000623800000|  0%| F|  |TAMS 0x0000000623400000| PB 0x0000000623400000| Untracked 
| 123|0x0000000623800000, 0x0000000623a9c010, 0x0000000623c00000| 65%| E|  |TAMS 0x0000000623800000| PB 0x0000000623800000| Complete 
| 124|0x0000000623c00000, 0x0000000624000000, 0x0000000624000000|100%| E|CS|TAMS 0x0000000623c00000| PB 0x0000000623c00000| Complete 
| 125|0x0000000624000000, 0x0000000624400000, 0x0000000624400000|100%| E|CS|TAMS 0x0000000624000000| PB 0x0000000624000000| Complete 
| 126|0x0000000624400000, 0x0000000624800000, 0x0000000624800000|100%| E|CS|TAMS 0x0000000624400000| PB 0x0000000624400000| Complete 

Card table byte_map: [0x0000027cf9290000,0x0000027cfa270000] _byte_map_base: 0x0000027cf626a000

Marking Bits: (CMBitMap*) 0x0000027cf7f2cb70
 Bits: [0x0000027c97390000, 0x0000027c9f260000)

Polling page: 0x0000027cf5df0000

Metaspace:

Usage:
  Non-class:     17.61 MB used.
      Class:      1.97 MB used.
       Both:     19.58 MB used.

Virtual space:
  Non-class space:       64.00 MB reserved,      17.75 MB ( 28%) committed,  1 nodes.
      Class space:        1.00 GB reserved,       2.12 MB ( <1%) committed,  1 nodes.
             Both:        1.06 GB reserved,      19.88 MB (  2%) committed. 

Chunk freelists:
   Non-Class:  13.69 MB
       Class:  13.87 MB
        Both:  27.56 MB

MaxMetaspaceSize: unlimited
CompressedClassSpaceSize: 1.00 GB
Initial GC threshold: 21.00 MB
Current GC threshold: 21.00 MB
CDS: on
 - commit_granule_bytes: 65536.
 - commit_granule_words: 8192.
 - virtual_space_node_default_size: 8388608.
 - enlarge_chunks_in_place: 1.
 - use_allocation_guard: 0.


Internal statistics:

num_allocs_failed_limit: 0.
num_arena_births: 238.
num_arena_deaths: 0.
num_vsnodes_births: 2.
num_vsnodes_deaths: 0.
num_space_committed: 316.
num_space_uncommitted: 0.
num_chunks_returned_to_freelist: 0.
num_chunks_taken_from_freelist: 653.
num_chunk_merges: 0.
num_chunk_splits: 417.
num_chunks_enlarged: 289.
num_inconsistent_stats: 0.

CodeHeap 'non-profiled nmethods': size=120000Kb used=2179Kb max_used=2179Kb free=117820Kb
 bounds [0x0000027c8fe60000, 0x0000027c900d0000, 0x0000027c97390000]
CodeHeap 'profiled nmethods': size=120000Kb used=7739Kb max_used=7739Kb free=112261Kb
 bounds [0x0000027c88390000, 0x0000027c88b20000, 0x0000027c8f8c0000]
CodeHeap 'non-nmethods': size=5760Kb used=2030Kb max_used=2092Kb free=3729Kb
 bounds [0x0000027c8f8c0000, 0x0000027c8fb30000, 0x0000027c8fe60000]
 total_blobs=4508 nmethods=3692 adapters=720
 compilation: enabled
              stopped_count=0, restarted_count=0
 full_count=0

Compilation events (20 events):
Event: 83.014 Thread 0x0000027c9f398fb0 3683       3       sun.nio.cs.StreamEncoder::writeBytes (139 bytes)
Event: 83.014 Thread 0x0000027c9f398fb0 nmethod 3683 0x0000027c88b18690 code [0x0000027c88b18900, 0x0000027c88b19318]
Event: 83.029 Thread 0x0000027c9f398fb0 3684   !   3       java.io.BufferedOutputStream::write (73 bytes)
Event: 83.030 Thread 0x0000027c9f398fb0 nmethod 3684 0x0000027c88b19690 code [0x0000027c88b19920, 0x0000027c88b1a5f0]
Event: 83.030 Thread 0x0000027c9f398fb0 3685       3       java.io.BufferedOutputStream::implWrite (71 bytes)
Event: 83.030 Thread 0x0000027c9f398fb0 nmethod 3685 0x0000027c88b1aa90 code [0x0000027c88b1aca0, 0x0000027c88b1b380]
Event: 83.030 Thread 0x0000027c9f398fb0 3686   !   3       java.io.FileOutputStream::write (47 bytes)
Event: 83.030 Thread 0x0000027c9f398fb0 nmethod 3686 0x0000027c88b1b590 code [0x0000027c88b1b780, 0x0000027c88b1ba50]
Event: 83.046 Thread 0x0000027c9f398fb0 3688   !   3       sun.nio.cs.StreamEncoder::write (82 bytes)
Event: 83.047 Thread 0x0000027c9f398fb0 nmethod 3688 0x0000027c88b1bc10 code [0x0000027c88b1bea0, 0x0000027c88b1cd40]
Event: 83.047 Thread 0x0000027c9f398fb0 3689       3       sun.nio.cs.StreamEncoder::lockedWrite (53 bytes)
Event: 83.047 Thread 0x0000027c9f398fb0 nmethod 3689 0x0000027c88b1d210 code [0x0000027c88b1d420, 0x0000027c88b1d9d8]
Event: 83.047 Thread 0x0000027c9f398fb0 3690       3       sun.nio.cs.StreamEncoder::implWrite (15 bytes)
Event: 83.047 Thread 0x0000027c9f398fb0 nmethod 3690 0x0000027c88b1dc10 code [0x0000027c88b1ddc0, 0x0000027c88b1df48]
Event: 83.047 Thread 0x0000027c9f398fb0 3691       3       sun.nio.cs.StreamEncoder::growByteBufferIfNeeded (59 bytes)
Event: 83.047 Thread 0x0000027c9f398fb0 nmethod 3691 0x0000027c88b1e010 code [0x0000027c88b1e200, 0x0000027c88b1e650]
Event: 83.064 Thread 0x0000027c9f398fb0 3692       3       java.lang.System$2::encodeASCII (11 bytes)
Event: 83.064 Thread 0x0000027c9f398fb0 nmethod 3692 0x0000027c88b1e810 code [0x0000027c88b1e9c0, 0x0000027c88b1eb08]
Event: 83.229 Thread 0x0000027c9f377c70 3693       4       java.util.ArrayDeque::offer (6 bytes)
Event: 83.231 Thread 0x0000027c9f377c70 nmethod 3693 0x0000027c90080a10 code [0x0000027c90080ba0, 0x0000027c90080df0]

GC Heap History (6 events):
Event: 0.592 GC heap before
{Heap before GC invocations=0 (full 0):
 garbage-first heap   total 520192K, used 24576K [0x0000000604c00000, 0x0000000800000000)
  region size 4096K, 6 young (24576K), 0 survivors (0K)
 Metaspace       used 10397K, committed 10688K, reserved 1114112K
  class space    used 1136K, committed 1280K, reserved 1048576K
}
Event: 0.595 GC heap after
{Heap after GC invocations=1 (full 0):
 garbage-first heap   total 520192K, used 4819K [0x0000000604c00000, 0x0000000800000000)
  region size 4096K, 1 young (4096K), 1 survivors (4096K)
 Metaspace       used 10397K, committed 10688K, reserved 1114112K
  class space    used 1136K, committed 1280K, reserved 1048576K
}
Event: 19.091 GC heap before
{Heap before GC invocations=1 (full 0):
 garbage-first heap   total 520192K, used 33491K [0x0000000604c00000, 0x0000000800000000)
  region size 4096K, 7 young (28672K), 1 survivors (4096K)
 Metaspace       used 19631K, committed 19904K, reserved 1114112K
  class space    used 2016K, committed 2176K, reserved 1048576K
}
Event: 19.096 GC heap after
{Heap after GC invocations=2 (full 0):
 garbage-first heap   total 520192K, used 16402K [0x0000000604c00000, 0x0000000800000000)
  region size 4096K, 1 young (4096K), 1 survivors (4096K)
 Metaspace       used 19631K, committed 19904K, reserved 1114112K
  class space    used 2016K, committed 2176K, reserved 1048576K
}
Event: 57.724 GC heap before
{Heap before GC invocations=2 (full 0):
 garbage-first heap   total 520192K, used 65554K [0x0000000604c00000, 0x0000000800000000)
  region size 4096K, 13 young (53248K), 1 survivors (4096K)
 Metaspace       used 20010K, committed 20288K, reserved 1114112K
  class space    used 2018K, committed 2176K, reserved 1048576K
}
Event: 57.727 GC heap after
{Heap after GC invocations=3 (full 0):
 garbage-first heap   total 520192K, used 16055K [0x0000000604c00000, 0x0000000800000000)
  region size 4096K, 1 young (4096K), 1 survivors (4096K)
 Metaspace       used 20010K, committed 20288K, reserved 1114112K
  class space    used 2018K, committed 2176K, reserved 1048576K
}

Dll operation events (19 events):
Event: 0.009 Loaded shared library C:\Users\w137087\.jdks\openjdk-21.0.2\bin\java.dll
Event: 0.038 Loaded shared library C:\Users\w137087\.jdks\openjdk-21.0.2\bin\jsvml.dll
Event: 0.085 Loaded shared library C:\Users\w137087\.jdks\openjdk-21.0.2\bin\zip.dll
Event: 0.088 Loaded shared library C:\Users\w137087\.jdks\openjdk-21.0.2\bin\instrument.dll
Event: 0.092 Loaded shared library C:\Users\w137087\.jdks\openjdk-21.0.2\bin\net.dll
Event: 0.094 Loaded shared library C:\Users\w137087\.jdks\openjdk-21.0.2\bin\nio.dll
Event: 0.097 Loaded shared library C:\Users\w137087\.jdks\openjdk-21.0.2\bin\zip.dll
Event: 0.137 Loaded shared library C:\Program Files\JetBrains\IntelliJ IDEA 2023.3.4\bin\breakgen64.dll
Event: 0.142 Loaded shared library C:\Users\w137087\.jdks\openjdk-21.0.2\bin\jimage.dll
Event: 0.143 Loaded shared library C:\Users\w137087\.jdks\openjdk-21.0.2\bin\extnet.dll
Event: 0.166 Loaded shared library C:\Users\w137087\.jdks\openjdk-21.0.2\bin\verify.dll
Event: 0.278 Loaded shared library C:\Users\w137087\.jdks\openjdk-21.0.2\bin\management.dll
Event: 0.281 Loaded shared library C:\Users\w137087\.jdks\openjdk-21.0.2\bin\management_ext.dll
Event: 0.477 Loaded shared library C:\Users\w137087\.jdks\openjdk-21.0.2\bin\sunmscapi.dll
Event: 0.526 Loaded shared library C:\Users\w137087\.jdks\openjdk-21.0.2\bin\awt.dll
Event: 0.645 Loaded shared library C:\Users\w137087\.jdks\openjdk-21.0.2\bin\freetype.dll
Event: 0.646 Loaded shared library C:\Users\w137087\.jdks\openjdk-21.0.2\bin\fontmanager.dll
Event: 11.605 Loaded shared library C:\Users\w137087\AppData\Local\Temp\libgdxw137087\515ef75a\gdx64.dll
Event: 11.625 Loaded shared library C:\Users\w137087\AppData\Local\Temp\libgdxw137087\1cecf4f6\lwjgl64.dll

Deoptimization events (20 events):
Event: 79.349 Thread 0x0000027ce51dc500 Uncommon trap: trap_request=0xffffff66 fr.pc=0x0000027c90068ad4 relative=0x0000000000004734
Event: 79.349 Thread 0x0000027ce51dc500 Uncommon trap: reason=speculate_class_check action=maybe_recompile pc=0x0000027c90068ad4 method=org.eclipse.jetty.io.ByteBufferPool$Bucket.queuePoll()Ljava/nio/ByteBuffer; @ 9 c2
Event: 79.349 Thread 0x0000027ce51dc500 DEOPT PACKING pc=0x0000027c90068ad4 sp=0x000000bd8fcfe390
Event: 79.349 Thread 0x0000027ce51dc500 DEOPT UNPACKING pc=0x0000027c8f917da2 sp=0x000000bd8fcfe1c0 mode 2
Event: 80.109 Thread 0x0000027ce51dc500 Uncommon trap: trap_request=0xffffff66 fr.pc=0x0000027c90075b44 relative=0x0000000000001de4
Event: 80.109 Thread 0x0000027ce51dc500 Uncommon trap: reason=speculate_class_check action=maybe_recompile pc=0x0000027c90075b44 method=org.eclipse.jetty.io.AbstractByteBufferPool.updateMemory(Ljava/nio/ByteBuffer;Z)V @ 1 c2
Event: 80.109 Thread 0x0000027ce51dc500 DEOPT PACKING pc=0x0000027c90075b44 sp=0x000000bd8fcfe3a0
Event: 80.109 Thread 0x0000027ce51dc500 DEOPT UNPACKING pc=0x0000027c8f917da2 sp=0x000000bd8fcfe1a0 mode 2
Event: 80.128 Thread 0x0000027ce51dc500 Uncommon trap: trap_request=0xffffff66 fr.pc=0x0000027c90075b44 relative=0x0000000000001de4
Event: 80.128 Thread 0x0000027ce51dc500 Uncommon trap: reason=speculate_class_check action=maybe_recompile pc=0x0000027c90075b44 method=org.eclipse.jetty.io.AbstractByteBufferPool.updateMemory(Ljava/nio/ByteBuffer;Z)V @ 1 c2
Event: 80.128 Thread 0x0000027ce51dc500 DEOPT PACKING pc=0x0000027c90075b44 sp=0x000000bd8fcfe3a0
Event: 80.128 Thread 0x0000027ce51dc500 DEOPT UNPACKING pc=0x0000027c8f917da2 sp=0x000000bd8fcfe1a0 mode 2
Event: 80.149 Thread 0x0000027ce51dc500 Uncommon trap: trap_request=0xffffff66 fr.pc=0x0000027c90075b44 relative=0x0000000000001de4
Event: 80.149 Thread 0x0000027ce51dc500 Uncommon trap: reason=speculate_class_check action=maybe_recompile pc=0x0000027c90075b44 method=org.eclipse.jetty.io.AbstractByteBufferPool.updateMemory(Ljava/nio/ByteBuffer;Z)V @ 1 c2
Event: 80.149 Thread 0x0000027ce51dc500 DEOPT PACKING pc=0x0000027c90075b44 sp=0x000000bd8fcfe3a0
Event: 80.149 Thread 0x0000027ce51dc500 DEOPT UNPACKING pc=0x0000027c8f917da2 sp=0x000000bd8fcfe1a0 mode 2
Event: 80.168 Thread 0x0000027ce51dc500 Uncommon trap: trap_request=0xffffff66 fr.pc=0x0000027c90075b44 relative=0x0000000000001de4
Event: 80.168 Thread 0x0000027ce51dc500 Uncommon trap: reason=speculate_class_check action=maybe_recompile pc=0x0000027c90075b44 method=org.eclipse.jetty.io.AbstractByteBufferPool.updateMemory(Ljava/nio/ByteBuffer;Z)V @ 1 c2
Event: 80.168 Thread 0x0000027ce51dc500 DEOPT PACKING pc=0x0000027c90075b44 sp=0x000000bd8fcfe3a0
Event: 80.168 Thread 0x0000027ce51dc500 DEOPT UNPACKING pc=0x0000027c8f917da2 sp=0x000000bd8fcfe1a0 mode 2

Classes loaded (20 events):
Event: 12.252 Loading class java/lang/FdLibm
Event: 12.252 Loading class java/lang/FdLibm done
Event: 13.261 Loading class java/io/StringReader
Event: 13.261 Loading class java/io/StringReader done
Event: 13.261 Loading class java/math/MathContext
Event: 13.262 Loading class java/math/MathContext done
Event: 13.436 Loading class java/math/MutableBigInteger
Event: 13.436 Loading class java/math/MutableBigInteger done
Event: 17.273 Loading class java/lang/FdLibm$Atan2
Event: 17.273 Loading class java/lang/FdLibm$Atan2 done
Event: 17.273 Loading class java/lang/FdLibm$Atan
Event: 17.273 Loading class java/lang/FdLibm$Atan done
Event: 35.488 Loading class java/lang/Throwable$WrappedPrintStream
Event: 35.489 Loading class java/lang/Throwable$PrintStreamOrWriter
Event: 35.489 Loading class java/lang/Throwable$PrintStreamOrWriter done
Event: 35.489 Loading class java/lang/Throwable$WrappedPrintStream done
Event: 35.489 Loading class java/lang/StackTraceElement$HashedModules
Event: 35.489 Loading class java/lang/StackTraceElement$HashedModules done
Event: 83.210 Loading class jdk/internal/misc/Signal$1
Event: 83.210 Loading class jdk/internal/misc/Signal$1 done

Classes unloaded (0 events):
No events

Classes redefined (0 events):
No events

Internal exceptions (20 events):
Event: 0.451 Thread 0x0000027c9f91de10 Exception <a 'java/lang/NoSuchMethodError'{0x000000062302d9f8}: 'void java.lang.invoke.DirectMethodHandle$Holder.invokeInterface(java.lang.Object, java.lang.Object, java.lang.Object)'> (0x000000062302d9f8) 
thrown [s\open\src\hotspot\share\interpreter\linkResolver.cpp, line 773]
Event: 0.499 Thread 0x0000027c9f91de10 Exception <a 'java/lang/NoSuchMethodError'{0x00000006231cbe68}: 'java.lang.Object java.lang.invoke.DirectMethodHandle$Holder.invokeStaticInit(java.lang.Object, java.lang.Object, int, int, int, int)'> (0x00000006231cbe68) 
thrown [s\open\src\hotspot\share\interpreter\linkResolver.cpp, line 773]
Event: 0.504 Thread 0x0000027c9f91de10 Exception <a 'java/lang/NoSuchMethodError'{0x00000006231d4c50}: 'void java.lang.invoke.DirectMethodHandle$Holder.invokeInterface(java.lang.Object, java.lang.Object)'> (0x00000006231d4c50) 
thrown [s\open\src\hotspot\share\interpreter\linkResolver.cpp, line 773]
Event: 0.522 Thread 0x0000027cf5c19910 Exception <a 'java/lang/ClassNotFoundException'{0x0000000623cd56e0}: sun/awt/resources/spi/awtProvider> (0x0000000623cd56e0) 
thrown [s\open\src\hotspot\share\classfile\systemDictionary.cpp, line 312]
Event: 0.531 Thread 0x0000027cf5c19910 Exception <a 'java/io/FileNotFoundException'{0x000000062320d1f0}> (0x000000062320d1f0) 
thrown [s\open\src\hotspot\share\prims\jni.cpp, line 520]
Event: 0.535 Thread 0x0000027cf5c19910 Exception <a 'java/io/FileNotFoundException'{0x0000000623236f70}> (0x0000000623236f70) 
thrown [s\open\src\hotspot\share\prims\jni.cpp, line 520]
Event: 0.586 Thread 0x0000027cf5c19910 Exception <a 'java/lang/NoSuchMethodError'{0x00000006232c3bc8}: 'void java.lang.invoke.DirectMethodHandle$Holder.invokeSpecial(java.lang.Object, java.lang.Object, java.lang.Object)'> (0x00000006232c3bc8) 
thrown [s\open\src\hotspot\share\interpreter\linkResolver.cpp, line 773]
Event: 0.590 Thread 0x0000027cf5c19910 Exception <a 'java/lang/NoSuchMethodError'{0x00000006233df2c8}: 'java.lang.Object java.lang.invoke.DirectMethodHandle$Holder.newInvokeSpecial(java.lang.Object, java.lang.Object, java.lang.Object, java.lang.Object, java.lang.Object)'> (0x00000006233df2c8) 
thrown [s\open\src\hotspot\share\interpreter\linkResolver.cpp, line 773]
Event: 0.610 Thread 0x0000027cf5c19910 Exception <a 'java/lang/ClassNotFoundException'{0x0000000624543d98}: com/sun/swing/internal/plaf/metal/resources/spi/metalProvider> (0x0000000624543d98) 
thrown [s\open\src\hotspot\share\classfile\systemDictionary.cpp, line 312]
Event: 0.611 Thread 0x0000027cf5c19910 Exception <a 'java/lang/ClassNotFoundException'{0x0000000624547cc8}: com/sun/swing/internal/plaf/basic/resources/spi/basicProvider> (0x0000000624547cc8) 
thrown [s\open\src\hotspot\share\classfile\systemDictionary.cpp, line 312]
Event: 0.618 Thread 0x0000027cf5c19910 Exception <a 'java/lang/NoSuchMethodError'{0x0000000624563650}: 'int java.lang.invoke.Invokers$Holder.invokeExact_MT(java.lang.Object, java.lang.Object)'> (0x0000000624563650) 
thrown [s\open\src\hotspot\share\interpreter\linkResolver.cpp, line 773]
Event: 0.629 Thread 0x0000027c9fe20ae0 Exception <a 'java/lang/NoSuchMethodError'{0x00000006245bcc10}: 'void java.lang.invoke.DirectMethodHandle$Holder.invokeVirtual(java.lang.Object, java.lang.Object)'> (0x00000006245bcc10) 
thrown [s\open\src\hotspot\share\interpreter\linkResolver.cpp, line 773]
Event: 6.704 Thread 0x0000027c9fe21170 Exception <a 'java/lang/NoSuchMethodError'{0x0000000624170f98}: 'java.lang.Object java.lang.invoke.DirectMethodHandle$Holder.invokeInterface(java.lang.Object, java.lang.Object)'> (0x0000000624170f98) 
thrown [s\open\src\hotspot\share\interpreter\linkResolver.cpp, line 773]
Event: 6.726 Thread 0x0000027c9fb322f0 Exception <a 'java/lang/NoSuchMethodError'{0x000000062428d750}: 'void java.lang.invoke.DirectMethodHandle$Holder.invokeSpecial(java.lang.Object, java.lang.Object, int)'> (0x000000062428d750) 
thrown [s\open\src\hotspot\share\interpreter\linkResolver.cpp, line 773]
Event: 6.739 Thread 0x0000027c9fb322f0 Exception <a 'java/lang/NoSuchMethodError'{0x00000006242e9628}: 'void java.lang.invoke.DirectMethodHandle$Holder.invokeInterface(java.lang.Object, java.lang.Object, java.lang.Object, java.lang.Object)'> (0x00000006242e9628) 
thrown [s\open\src\hotspot\share\interpreter\linkResolver.cpp, line 773]
Event: 11.608 Thread 0x0000027c9fe1e380 Exception <a 'java/lang/NoSuchMethodError'{0x0000000623f2e900}: 'int java.lang.invoke.DirectMethodHandle$Holder.invokeVirtual(java.lang.Object, java.lang.Object)'> (0x0000000623f2e900) 
thrown [s\open\src\hotspot\share\interpreter\linkResolver.cpp, line 773]
Event: 11.627 Thread 0x0000027c9fe1e380 Exception <a 'java/lang/IncompatibleClassChangeError'{0x0000000623fa1a90}: Found class java.lang.Object, but interface was expected> (0x0000000623fa1a90) 
thrown [s\open\src\hotspot\share\interpreter\linkResolver.cpp, line 840]
Event: 13.259 Thread 0x0000027c9fe20450 Exception <a 'java/lang/NoSuchMethodError'{0x000000062424e930}: 'void java.lang.invoke.DirectMethodHandle$Holder.invokeVirtual(java.lang.Object, java.lang.Object, java.lang.Object, java.lang.Object)'> (0x000000062424e930) 
thrown [s\open\src\hotspot\share\interpreter\linkResolver.cpp, line 773]
Event: 13.259 Thread 0x0000027c9fe20450 Exception <a 'java/lang/NoSuchMethodError'{0x00000006242522b0}: 'void java.lang.invoke.DirectMethodHandle$Holder.invokeSpecial(java.lang.Object, java.lang.Object, java.lang.Object, java.lang.Object, java.lang.Object)'> (0x00000006242522b0) 
thrown [s\open\src\hotspot\share\interpreter\linkResolver.cpp, line 773]
Event: 83.212 Thread 0x0000027ce5dc2fc0 Exception <a 'org/lwjgl/LWJGLException'{0x0000000623a1a858}: Failed to set device gamma.> (0x0000000623a1a858) 
thrown [s\open\src\hotspot\share\prims\jni.cpp, line 539]

ZGC Phase Switch (0 events):
No events

VM Operations (20 events):
Event: 60.049 Executing VM operation: HandshakeAllThreads (HandshakeForDeflation) done
Event: 60.049 Executing VM operation: RendezvousGCThreads
Event: 60.049 Executing VM operation: RendezvousGCThreads done
Event: 61.050 Executing VM operation: Cleanup
Event: 61.050 Executing VM operation: Cleanup done
Event: 63.050 Executing VM operation: Cleanup
Event: 63.050 Executing VM operation: Cleanup done
Event: 68.051 Executing VM operation: Cleanup
Event: 68.051 Executing VM operation: Cleanup done
Event: 72.053 Executing VM operation: Cleanup
Event: 72.053 Executing VM operation: Cleanup done
Event: 73.054 Executing VM operation: Cleanup
Event: 73.054 Executing VM operation: Cleanup done
Event: 74.054 Executing VM operation: Cleanup
Event: 74.054 Executing VM operation: Cleanup done
Event: 76.055 Executing VM operation: Cleanup
Event: 76.055 Executing VM operation: Cleanup done
Event: 83.058 Executing VM operation: Cleanup
Event: 83.058 Executing VM operation: Cleanup done
Event: 83.313 Executing VM operation: Exit

Events (20 events):
Event: 17.425 Thread 0x0000027ce5a427d0 Thread added: 0x0000027ce5a427d0
Event: 17.673 Thread 0x0000027ce5a427d0 Thread exited: 0x0000027ce5a427d0
Event: 17.673 Thread 0x0000027ce5778ff0 Thread exited: 0x0000027ce5778ff0
Event: 35.478 Thread 0x0000027ce5dc2fc0 Thread added: 0x0000027ce5dc2fc0
Event: 35.489 Thread 0x0000027ce51dcb90 Thread exited: 0x0000027ce51dcb90
Event: 55.481 Thread 0x0000027ce5dc2fc0 Thread exited: 0x0000027ce5dc2fc0
Event: 55.983 Thread 0x0000027ce5dc4370 Thread added: 0x0000027ce5dc4370
Event: 60.983 Thread 0x0000027ce5dc4370 Thread exited: 0x0000027ce5dc4370
Event: 61.490 Thread 0x0000027ce5dbf4b0 Thread added: 0x0000027ce5dbf4b0
Event: 69.625 Thread 0x0000027ce51db7e0 Thread exited: 0x0000027ce51db7e0
Event: 81.491 Thread 0x0000027ce5dbf4b0 Thread exited: 0x0000027ce5dbf4b0
Event: 81.995 Thread 0x0000027ce5dc2930 Thread added: 0x0000027ce5dc2930
Event: 83.210 Thread 0x0000027ce5dc01d0 Thread added: 0x0000027ce5dc01d0
Event: 83.211 Thread 0x0000027ce5dc4370 Thread added: 0x0000027ce5dc4370
Event: 83.211 Thread 0x0000027ce5dc0ef0 Thread added: 0x0000027ce5dc0ef0
Event: 83.211 Thread 0x0000027ce5dc2fc0 Thread added: 0x0000027ce5dc2fc0
Event: 83.211 Thread 0x0000027ce5dc0ef0 Thread exited: 0x0000027ce5dc0ef0
Event: 83.212 Thread 0x0000027ce5dc2fc0 Thread exited: 0x0000027ce5dc2fc0
Event: 83.215 Thread 0x0000027c9fe20ae0 Thread exited: 0x0000027c9fe20ae0
Event: 83.313 Thread 0x0000027ce5dc4370 Thread exited: 0x0000027ce5dc4370


Dynamic libraries:
0x00007ff736720000 - 0x00007ff73672e000 	C:\Users\w137087\.jdks\openjdk-21.0.2\bin\java.exe
0x00007fff4edf0000 - 0x00007fff4efe8000 	C:\Windows\SYSTEM32\ntdll.dll
0x00007fff4e130000 - 0x00007fff4e1ed000 	C:\Windows\System32\KERNEL32.DLL
0x00007fff4c820000 - 0x00007fff4cb16000 	C:\Windows\System32\KERNELBASE.dll
0x00007fff4dde0000 - 0x00007fff4de90000 	C:\Windows\System32\ADVAPI32.DLL
0x00007fff4e210000 - 0x00007fff4e2ae000 	C:\Windows\System32\msvcrt.dll
0x00007fff4dbb0000 - 0x00007fff4dc50000 	C:\Windows\System32\sechost.dll
0x00007fff4e600000 - 0x00007fff4e725000 	C:\Windows\System32\RPCRT4.dll
0x00007fff4c7f0000 - 0x00007fff4c817000 	C:\Windows\System32\bcrypt.dll
0x00007ffedbee0000 - 0x00007ffedbf23000 	C:\ProgramData\FastTrack Software\Admin By Request\ShellHelper64.dll
0x00007fff4e0d0000 - 0x00007fff4e125000 	C:\Windows\System32\SHLWAPI.dll
0x00007fff4e420000 - 0x00007fff4e5be000 	C:\Windows\System32\USER32.dll
0x00007fff4c550000 - 0x00007fff4c572000 	C:\Windows\System32\win32u.dll
0x00007fff41040000 - 0x00007fff4104a000 	C:\Windows\SYSTEM32\VERSION.dll
0x00007fff4dd40000 - 0x00007fff4dd6b000 	C:\Windows\System32\GDI32.dll
0x00007fff4c580000 - 0x00007fff4c697000 	C:\Windows\System32\gdi32full.dll
0x00007fff4cb20000 - 0x00007fff4cbbd000 	C:\Windows\System32\msvcp_win.dll
0x00007fff4c6f0000 - 0x00007fff4c7f0000 	C:\Windows\System32\ucrtbase.dll
0x00007fff4d440000 - 0x00007fff4dbab000 	C:\Windows\System32\SHELL32.dll
0x00007fff47370000 - 0x00007fff4738b000 	C:\Users\w137087\.jdks\openjdk-21.0.2\bin\VCRUNTIME140.dll
0x00007fff47780000 - 0x00007fff47798000 	C:\Users\w137087\.jdks\openjdk-21.0.2\bin\jli.dll
0x00007fff3e3d0000 - 0x00007fff3e66a000 	C:\Windows\WinSxS\amd64_microsoft.windows.common-controls_6595b64144ccf1df_6.0.19041.3636_none_60b6a03d71f818d5\COMCTL32.dll
0x00007fff4e5c0000 - 0x00007fff4e5f2000 	C:\Windows\System32\IMM32.DLL
0x00007fff47770000 - 0x00007fff4777c000 	C:\Users\w137087\.jdks\openjdk-21.0.2\bin\vcruntime140_1.dll
0x00007fff2fe80000 - 0x00007fff2ff0e000 	C:\Users\w137087\.jdks\openjdk-21.0.2\bin\msvcp140.dll
0x00007fff013f0000 - 0x00007fff02107000 	C:\Users\w137087\.jdks\openjdk-21.0.2\bin\server\jvm.dll
0x00007fff4dd70000 - 0x00007fff4dddb000 	C:\Windows\System32\WS2_32.dll
0x00007fff4be90000 - 0x00007fff4bedb000 	C:\Windows\SYSTEM32\POWRPROF.dll
0x00007fff28230000 - 0x00007fff28257000 	C:\Windows\SYSTEM32\WINMM.dll
0x00007fff4be70000 - 0x00007fff4be82000 	C:\Windows\SYSTEM32\UMPDC.dll
0x00007fff4a9b0000 - 0x00007fff4a9c2000 	C:\Windows\SYSTEM32\kernel.appcore.dll
0x00007fff47740000 - 0x00007fff4774a000 	C:\Users\w137087\.jdks\openjdk-21.0.2\bin\jimage.dll
0x00007fff49ee0000 - 0x00007fff4a0c4000 	C:\Windows\SYSTEM32\DBGHELP.DLL
0x00007fff32e60000 - 0x00007fff32e94000 	C:\Windows\SYSTEM32\dbgcore.DLL
0x00007fff4cc30000 - 0x00007fff4ccb2000 	C:\Windows\System32\bcryptPrimitives.dll
0x00007fff476e0000 - 0x00007fff476ef000 	C:\Users\w137087\.jdks\openjdk-21.0.2\bin\instrument.dll
0x00007fff47340000 - 0x00007fff4735f000 	C:\Users\w137087\.jdks\openjdk-21.0.2\bin\java.dll
0x00007fff4a200000 - 0x00007fff4a99e000 	C:\Windows\SYSTEM32\windows.storage.dll
0x00007fff4cfa0000 - 0x00007fff4d2f3000 	C:\Windows\System32\combase.dll
0x00007fff4bd70000 - 0x00007fff4bd9e000 	C:\Windows\SYSTEM32\Wldp.dll
0x00007fff4dc70000 - 0x00007fff4dd3d000 	C:\Windows\System32\OLEAUT32.dll
0x00007fff4d390000 - 0x00007fff4d43d000 	C:\Windows\System32\SHCORE.dll
0x00007fff4c3d0000 - 0x00007fff4c3f5000 	C:\Windows\SYSTEM32\profapi.dll
0x00007fff14ba0000 - 0x00007fff14c77000 	C:\Users\w137087\.jdks\openjdk-21.0.2\bin\jsvml.dll
0x00007fff47290000 - 0x00007fff472a8000 	C:\Users\w137087\.jdks\openjdk-21.0.2\bin\zip.dll
0x00007fff476a0000 - 0x00007fff476b0000 	C:\Users\w137087\.jdks\openjdk-21.0.2\bin\net.dll
0x00007fff4b3d0000 - 0x00007fff4b4da000 	C:\Windows\SYSTEM32\WINHTTP.dll
0x00007fff4bb00000 - 0x00007fff4bb6a000 	C:\Windows\system32\mswsock.dll
0x00007fff47320000 - 0x00007fff47336000 	C:\Users\w137087\.jdks\openjdk-21.0.2\bin\nio.dll
0x00007fff43000000 - 0x00007fff4301a000 	C:\Program Files\JetBrains\IntelliJ IDEA 2023.3.4\bin\breakgen64.dll
0x00007fff43090000 - 0x00007fff43099000 	C:\Users\w137087\.jdks\openjdk-21.0.2\bin\extnet.dll
0x00007fff300f0000 - 0x00007fff30100000 	C:\Users\w137087\.jdks\openjdk-21.0.2\bin\verify.dll
0x00007fff2fe70000 - 0x00007fff2fe7a000 	C:\Users\w137087\.jdks\openjdk-21.0.2\bin\management.dll
0x00007fff2eed0000 - 0x00007fff2eedb000 	C:\Users\w137087\.jdks\openjdk-21.0.2\bin\management_ext.dll
0x00007fff4e1f0000 - 0x00007fff4e1f8000 	C:\Windows\System32\PSAPI.DLL
0x00007fff2c7e0000 - 0x00007fff2c7ee000 	C:\Users\w137087\.jdks\openjdk-21.0.2\bin\sunmscapi.dll
0x00007fff4ccc0000 - 0x00007fff4ce1d000 	C:\Windows\System32\CRYPT32.dll
0x00007fff4bf40000 - 0x00007fff4bf68000 	C:\Windows\SYSTEM32\ncrypt.dll
0x00007fff4bf00000 - 0x00007fff4bf3b000 	C:\Windows\SYSTEM32\NTASN1.dll
0x00007fff239b0000 - 0x00007fff239b7000 	C:\Windows\system32\wshunix.dll
0x00007fff4bdb0000 - 0x00007fff4bdc8000 	C:\Windows\SYSTEM32\CRYPTSP.dll
0x00007fff4b340000 - 0x00007fff4b374000 	C:\Windows\system32\rsaenh.dll
0x00007fff4c350000 - 0x00007fff4c37e000 	C:\Windows\SYSTEM32\USERENV.dll
0x00007fff4bda0000 - 0x00007fff4bdac000 	C:\Windows\SYSTEM32\CRYPTBASE.dll
0x00007fff4b810000 - 0x00007fff4b84b000 	C:\Windows\SYSTEM32\IPHLPAPI.DLL
0x00007fff4e390000 - 0x00007fff4e398000 	C:\Windows\System32\NSI.dll
0x00007fff06620000 - 0x00007fff067ae000 	C:\Users\w137087\.jdks\openjdk-21.0.2\bin\awt.dll
0x00007fff49590000 - 0x00007fff49620000 	C:\Windows\SYSTEM32\apphelp.dll
0x00007fff49850000 - 0x00007fff4987f000 	C:\Windows\system32\DWMAPI.DLL
0x00007fff49720000 - 0x00007fff497be000 	C:\Windows\system32\uxtheme.dll
0x00007fff0b270000 - 0x00007fff0b395000 	C:\Windows\system32\opengl32.dll
0x00007fff0af60000 - 0x00007fff0af8c000 	C:\Windows\SYSTEM32\GLU32.dll
0x00007fff4ce20000 - 0x00007fff4cf35000 	C:\Windows\System32\MSCTF.dll
0x00007fff4de90000 - 0x00007fff4dfbb000 	C:\Windows\System32\ole32.dll
0x00007fff07cf0000 - 0x00007fff07d77000 	C:\Users\w137087\.jdks\openjdk-21.0.2\bin\freetype.dll
0x00007fff06530000 - 0x00007fff06612000 	C:\Users\w137087\.jdks\openjdk-21.0.2\bin\fontmanager.dll
0x00007fff325e0000 - 0x00007fff326d9000 	C:\Windows\SYSTEM32\textinputframework.dll
0x00007fff48c70000 - 0x00007fff48fcb000 	C:\Windows\System32\CoreUIComponents.dll
0x00007fff49350000 - 0x00007fff49442000 	C:\Windows\System32\CoreMessaging.dll
0x00007fff4b590000 - 0x00007fff4b5c3000 	C:\Windows\SYSTEM32\ntmarta.dll
0x00007fff47bb0000 - 0x00007fff47d05000 	C:\Windows\SYSTEM32\wintypes.dll
0x0000000065ac0000 - 0x0000000065aec000 	C:\Users\w137087\AppData\Local\Temp\libgdxw137087\515ef75a\gdx64.dll
0x0000000180000000 - 0x0000000180053000 	C:\Users\w137087\AppData\Local\Temp\libgdxw137087\1cecf4f6\lwjgl64.dll
0x0000027ce66d0000 - 0x0000027ce6734000 	C:\Users\w137087\AppData\Local\Temp\libgdxw137087\1cecf4f6\OpenAL64.dll
0x00007fff4dfc0000 - 0x00007fff4e069000 	C:\Windows\System32\clbcatq.dll
0x00007fff442e0000 - 0x00007fff44365000 	C:\Windows\System32\MMDevApi.dll
0x00007fff4c230000 - 0x00007fff4c263000 	C:\Windows\System32\DEVOBJ.dll
0x00007fff4c6a0000 - 0x00007fff4c6ee000 	C:\Windows\System32\cfgmgr32.dll
0x00007fff08410000 - 0x00007fff084ac000 	C:\Windows\SYSTEM32\dsound.dll
0x00007fff2a580000 - 0x00007fff2a5a6000 	C:\Windows\SYSTEM32\winmmbase.dll
0x00007fff44380000 - 0x00007fff44502000 	C:\Windows\SYSTEM32\AUDIOSES.DLL
0x00007fff49880000 - 0x00007fff49894000 	C:\Windows\SYSTEM32\resourcepolicyclient.dll
0x00007fff45bd0000 - 0x00007fff45c7e000 	C:\Windows\SYSTEM32\mscms.dll
0x00007fff45bb0000 - 0x00007fff45bc1000 	C:\Windows\SYSTEM32\ColorAdapterClient.dll
0x00007fff3d8d0000 - 0x00007fff3d9d3000 	C:\Windows\System32\AppXDeploymentClient.dll
0x00007ffead450000 - 0x00007ffeae456000 	C:\Windows\System32\DriverStore\FileRepository\iigd_dch.inf_amd64_bd06817067e305f4\igxelpicd64.dll
0x00007fff4a9f0000 - 0x00007fff4aae3000 	C:\Windows\system32\dxgi.dll
0x00007fff05ab0000 - 0x00007fff05f4e000 	C:\Windows\System32\DriverStore\FileRepository\iigd_dch.inf_amd64_bd06817067e305f4\igdml64.dll
0x00007fff42b40000 - 0x00007fff42f01000 	C:\Windows\System32\DriverStore\FileRepository\iigd_dch.inf_amd64_bd06817067e305f4\igdgmm64.dll
0x00007fff14f40000 - 0x00007fff14f83000 	C:\Windows\SYSTEM32\icm32.dll
0x00007fff39a80000 - 0x00007fff3cce0000 	C:\Windows\System32\DriverStore\FileRepository\iigd_dch.inf_amd64_bd06817067e305f4\igc64.dll

dbghelp: loaded successfully - version: 4.0.5 - missing functions: none
symbol engine: initialized successfully - sym options: 0x614 - pdb path: .;C:\Users\w137087\.jdks\openjdk-21.0.2\bin;C:\Windows\SYSTEM32;C:\ProgramData\FastTrack Software\Admin By Request;C:\Windows\WinSxS\amd64_microsoft.windows.common-controls_6595b64144ccf1df_6.0.19041.3636_none_60b6a03d71f818d5;C:\Users\w137087\.jdks\openjdk-21.0.2\bin\server;C:\Program Files\JetBrains\IntelliJ IDEA 2023.3.4\bin;C:\Users\w137087\AppData\Local\Temp\libgdxw137087\515ef75a;C:\Users\w137087\AppData\Local\Temp\libgdxw137087\1cecf4f6;C:\Windows\System32\DriverStore\FileRepository\iigd_dch.inf_amd64_bd06817067e305f4

VM Arguments:
jvm_args: -javaagent:C:\Program Files\JetBrains\IntelliJ IDEA 2023.3.4\lib\idea_rt.jar=52204:C:\Program Files\JetBrains\IntelliJ IDEA 2023.3.4\bin -Dfile.encoding=UTF-8 -Dsun.stdout.encoding=UTF-8 -Dsun.stderr.encoding=UTF-8 
java_command: main.java.GameServer
java_class_path (initial): C:\Users\w137087\IdeaProjects\JeuServeur\target\classes;C:\Users\w137087\.m2\repository\com\sparkjava\spark-core\2.9.3\spark-core-2.9.3.jar;C:\Users\w137087\.m2\repository\org\slf4j\slf4j-api\1.7.25\slf4j-api-1.7.25.jar;C:\Users\w137087\.m2\repository\org\eclipse\jetty\jetty-server\9.4.31.v20200723\jetty-server-9.4.31.v20200723.jar;C:\Users\w137087\.m2\repository\javax\servlet\javax.servlet-api\3.1.0\javax.servlet-api-3.1.0.jar;C:\Users\w137087\.m2\repository\org\eclipse\jetty\jetty-http\9.4.31.v20200723\jetty-http-9.4.31.v20200723.jar;C:\Users\w137087\.m2\repository\org\eclipse\jetty\jetty-util\9.4.31.v20200723\jetty-util-9.4.31.v20200723.jar;C:\Users\w137087\.m2\repository\org\eclipse\jetty\jetty-io\9.4.31.v20200723\jetty-io-9.4.31.v20200723.jar;C:\Users\w137087\.m2\repository\org\eclipse\jetty\jetty-webapp\9.4.31.v20200723\jetty-webapp-9.4.31.v20200723.jar;C:\Users\w137087\.m2\repository\org\eclipse\jetty\jetty-xml\9.4.31.v20200723\jetty-xml-9.4.31.v20200723.jar;C:\Users\w137087\.m2\repository\org\eclipse\jetty\jetty-servlet\9.4.31.v20200723\jetty-servlet-9.4.31.v20200723.jar;C:\Users\w137087\.m2\repository\org\eclipse\jetty\jetty-security\9.4.31.v20200723\jetty-security-9.4.31.v20200723.jar;C:\Users\w137087\.m2\repository\org\eclipse\jetty\websocket\websocket-server\9.4.31.v20200723\websocket-server-9.4.31.v20200723.jar;C:\Users\w137087\.m2\repository\org\eclipse\jetty\websocket\websocket-common\9.4.31.v20200723\websocket-common-9.4.31.v20200723.jar;C:\Users\w137087\.m2\repository\org\eclipse\jetty\websocket\websocket-client\9.4.31.v20200723\websocket-client-9.4.31.v20200723.jar;C:\Users\w137087\.m2\repository\org\eclipse\jetty\jetty-client\9.4.31.v20200723\jetty-client-9.4.31.v20200723.jar;C:\Users\w137087\.m2\repository\org\eclipse\jetty\websocket\websocket-servlet\9.4.31.v20200723\websocket-servlet-9.4.31.v20200723.jar;C:\Users\w137087\.m2\repository\org\eclipse\jetty\websocket\websocket-api\9.4.31.v20200723\websocket-api-9.4.31.v20200723.jar;C:\Users\w137087\.m2\repository\com\google\code\gson\gson\2.8.9\gson-2.8.9.jar;C:\Users\w137087\.m2\repository\ch\qos\logback\logback-classic\1.2.6\logback-classic-1.2.6.jar;C:\Users\w137087\.m2\repository\ch\qos\logback\logback-core\1.2.6\logback-core-1.2.6.jar;C:\Users\w137087\.m2\repository\org\json\json\20210307\json-20210307.jar;C:\Users\w137087\.m2\repository\com\badlogicgames\gdx\gdx\1.9.12\gdx-1.9.12.jar;C:\Users\w137087\.m2\repository\com\badlogicgames\gdx\gdx-backend-lwjgl\1.9.12\gdx-backend-lwjgl-1.9.12.jar;C:\Users\w137087\.m2\repository\org\lwjgl\lwjgl\lwjgl\2.9.3\lwjgl-2.9.3.jar;C:\Users\w137087\.m2\repository\org\lwjgl\lwjgl\lwjgl-platform\2.9.3\lwjgl-platform-2.9.3-natives-windows.jar;C:\Users\w137087\.m2\repository\org\lwjgl\lwjgl\lwjgl-platform\2.9.3\lwjgl-platform-2.9.3-natives-linux.jar;C:\Users\w137087\.m2\repository\org\lwjgl\lwjgl\lwjgl-platform\2.9.3\lwjgl-platform-2.9.3-natives-osx.jar;C:\Users\w137087\.m2\repository\net\java\jinput\jinput\2.0.5\jinput-2.0.5.jar;C:\Users\w137087\.m2\repository\net\java\jutils\jutils\1.0.0\jutils-1.0.0.jar;C:\Users\w137087\.m2\repository\net\java\jinput\jinput-platform\2.0.5\jinput-platform-2.0.5-natives-linux.jar;C:\Users\w137087\.m2\repository\net\java\jinput\jinput-platform\2.0.5\jinput-platform-2.0.5-natives-windows.jar;C:\Users\w137087\.m2\repository\net\java\jinput\jinput-platform\2.0.5\jinput-platform-2.0.5-natives-osx.jar;C:\Users\w137087\.m2\repository\org\lwjgl\lwjgl\lwjgl_util\2.9.3\lwjgl_util-2.9.3.jar;C:\Users\w137087\.m2\repository\com\badlogicgames\jlayer\jlayer\1.0.1-gdx\jlayer-1.0.1-gdx.jar;C:\Users\w137087\.m2\repository\org\jcraft\jorbis\0.0.17\jorbis-0.0.17.jar;C:\Users\w137087\.m2\repository\com\badlogicgames\gdx\gdx-platform\1.9.11\gdx-platform-1.9.11-natives-desktop.jar
Launcher Type: SUN_STANDARD

[Global flags]
     intx CICompilerCount                          = 4                                         {product} {ergonomic}
     uint ConcGCThreads                            = 2                                         {product} {ergonomic}
     uint G1ConcRefinementThreads                  = 8                                         {product} {ergonomic}
   size_t G1HeapRegionSize                         = 4194304                                   {product} {ergonomic}
    uintx GCDrainStackTargetSize                   = 64                                        {product} {ergonomic}
   size_t InitialHeapSize                          = 532676608                                 {product} {ergonomic}
   size_t MarkStackSize                            = 4194304                                   {product} {ergonomic}
   size_t MaxHeapSize                              = 8510242816                                {product} {ergonomic}
   size_t MaxNewSize                               = 5104467968                                {product} {ergonomic}
   size_t MinHeapDeltaBytes                        = 4194304                                   {product} {ergonomic}
   size_t MinHeapSize                              = 8388608                                   {product} {ergonomic}
    uintx NonNMethodCodeHeapSize                   = 5839372                                {pd product} {ergonomic}
    uintx NonProfiledCodeHeapSize                  = 122909434                              {pd product} {ergonomic}
    uintx ProfiledCodeHeapSize                     = 122909434                              {pd product} {ergonomic}
    uintx ReservedCodeCacheSize                    = 251658240                              {pd product} {ergonomic}
     bool SegmentedCodeCache                       = true                                      {product} {ergonomic}
   size_t SoftMaxHeapSize                          = 8510242816                             {manageable} {ergonomic}
     bool UseCompressedOops                        = true                           {product lp64_product} {ergonomic}
     bool UseG1GC                                  = true                                      {product} {ergonomic}
     bool UseLargePagesIndividualAllocation        = false                                  {pd product} {ergonomic}

Logging:
Log output configuration:
 #0: stdout all=off uptime,level,tags foldmultilines=false
 #1: stderr all=off uptime,level,tags foldmultilines=false

Environment Variables:
PATH=C:\Python312\Scripts\;C:\Python312\;C:\Windows\system32;C:\Windows;C:\Windows\System32\Wbem;C:\Windows\System32\WindowsPowerShell\v1.0\;C:\Windows\System32\OpenSSH\;C:\Program Files\PuTTY\;C:\Program Files\nodejs\;C:\ProgramData\chocolatey\bin;C:\Program Files\JetBrains\IntelliJ IDEA Community Edition 2021.1.3\bin;C:\Program Files\Microsoft VS Code\bin;C:\Program Files\Docker\Docker\resources\bin;C:\Program Files\Git\cmd;C:\Program Files\OpenSSL\bin;C:\Users\w137087\AppData\Local\Microsoft\WindowsApps;C:\Users\w137087\AppData\Roaming\npm;C:\Users\w137087\AppData\Local\Google\Cloud SDK\google-cloud-sdk\bin
USERNAME=w137087
OS=Windows_NT
PROCESSOR_IDENTIFIER=Intel64 Family 6 Model 140 Stepping 1, GenuineIntel
TMP=C:\Users\w137087\AppData\Local\Temp
TEMP=C:\Users\w137087\AppData\Local\Temp




Periodic native trim disabled

---------------  S Y S T E M  ---------------

OS:
 Windows 10 , 64 bit Build 19041 (10.0.19041.3636)
OS uptime: 6 days 8:26 hours
Hyper-V role detected

CPU: total 8 (initial active 8) (4 cores per cpu, 2 threads per core) family 6 model 140 stepping 1 microcode 0xac, cx8, cmov, fxsr, ht, mmx, 3dnowpref, sse, sse2, sse3, ssse3, sse4.1, sse4.2, popcnt, lzcnt, tsc, tscinvbit, avx, avx2, aes, erms, clmul, bmi1, bmi2, adx, avx512f, avx512dq, avx512cd, avx512bw, avx512vl, sha, fma, vzeroupper, avx512_vpopcntdq, avx512_vpclmulqdq, avx512_vaes, avx512_vnni, clflush, clflushopt, clwb, avx512_vbmi2, avx512_vbmi, hv, rdtscp, rdpid, fsrm, gfni, avx512_bitalg, f16c, cet_ibt, cet_ss, avx512_ifma
Processor Information for all 8 processors :
  Max Mhz: 2803, Current Mhz: 2803, Mhz Limit: 2803

Memory: 4k page, system-wide physical 32448M (11078M free)
TotalPageFile size 39104M (AvailPageFile size 6550M)
current process WorkingSet (physical memory assigned to process): 248M, peak: 278M
current process commit charge ("private bytes"): 687M, peak: 715M

vm_info: OpenJDK 64-Bit Server VM (21.0.2+13-58) for windows-amd64 JRE (21.0.2+13-58), built on 2024-01-05T18:32:24Z by "mach5one" with MS VC++ 17.1 (VS2022)

END.
