#
# A fatal error has been detected by the Java Runtime Environment:
#
#  EXCEPTION_ACCESS_VIOLATION (0xc0000005) at pc=0x00007ff95ba6d1cc, pid=27756, tid=19620
#
# JRE version: OpenJDK Runtime Environment (21.0.2+13) (build 21.0.2+13-58)
# Java VM: OpenJDK 64-Bit Server VM (21.0.2+13-58, mixed mode, sharing, tiered, compressed oops, compressed class ptrs, g1 gc, windows-amd64)
# Problematic frame:
# C  [igxelpicd64.dll+0x30d1cc]
#
# No core dump will be written. Minidumps are not enabled by default on client versions of Windows
#
# If you would like to submit a bug report, please visit:
#   https://bugreport.java.com/bugreport/crash.jsp
#

---------------  S U M M A R Y ------------

Command Line: -javaagent:C:\Program Files\JetBrains\IntelliJ IDEA 2023.3.4\lib\idea_rt.jar=53710:C:\Program Files\JetBrains\IntelliJ IDEA 2023.3.4\bin -Dfile.encoding=UTF-8 -Dsun.stdout.encoding=UTF-8 -Dsun.stderr.encoding=UTF-8 main.java.GameServer

Host: 11th Gen Intel(R) Core(TM) i7-1165G7 @ 2.80GHz, 8 cores, 31G,  Windows 10 , 64 bit Build 19041 (10.0.19041.3636)
Time: Fri Apr  5 10:30:46 2024 W. Europe Summer Time elapsed time: 5.076192 seconds (0d 0h 0m 5s)

---------------  T H R E A D  ---------------

Current thread (0x000001bf798dee30):  VMThread "VM Thread"          [id=19620, stack(0x00000068d4a00000,0x00000068d4b00000) (1024K)]

Stack: [0x00000068d4a00000,0x00000068d4b00000],  sp=0x00000068d4afe490,  free space=1017k
Native frames: (J=compiled Java code, j=interpreted, Vv=VM code, C=native code)
C  [igxelpicd64.dll+0x30d1cc]


siginfo: EXCEPTION_ACCESS_VIOLATION (0xc0000005), reading address 0x00000000000356f8


Registers:
RAX=0x000001bf7d70f640, RBX=0x000001bf7d0b7b90, RCX=0x0000000000000000, RDX=0x0000000000000000
RSP=0x00000068d4afe490, RBP=0x0000000000000016, RSI=0x000001bf7d232860, RDI=0x0000000000000000
R8 =0x0000000000000014, R9 =0x0000000000000000, R10=0x0000000000000000, R11=0x0000000000000246
R12=0x000001bf7d70fb08, R13=0x0000000000000000, R14=0x000001bf7d70f540, R15=0x0000000000000000
RIP=0x00007ff95ba6d1cc, EFLAGS=0x0000000000010202


Register to memory mapping:

RAX=0x000001bf7d70f640 points into unknown readable memory: 0x0000000000000038 | 38 00 00 00 00 00 00 00
RBX=0x000001bf7d0b7b90 points into unknown readable memory: 0xffffffffffffffff | ff ff ff ff ff ff ff ff
RCX=0x0 is null
RDX=0x0 is null
RSP=0x00000068d4afe490 points into unknown readable memory: 0x000001bf7d0b7b90 | 90 7b 0b 7d bf 01 00 00
RBP=0x0000000000000016 is an unknown value
RSI=0x000001bf7d232860 points into unknown readable memory: 0x000001bf55fc0100 | 00 01 fc 55 bf 01 00 00
RDI=0x0 is null
R8 =0x0000000000000014 is an unknown value
R9 =0x0 is null
R10=0x0 is null
R11=0x0000000000000246 is an unknown value
R12=0x000001bf7d70fb08 points into unknown readable memory: 0x0000000000000000 | 00 00 00 00 00 00 00 00
R13=0x0 is null
R14=0x000001bf7d70f540 points into unknown readable memory: 0x000001bf7cd08750 | 50 87 d0 7c bf 01 00 00
R15=0x0 is null

Top of Stack: (sp=0x00000068d4afe490)
0x00000068d4afe490:   000001bf7d0b7b90 000020f6575a2081
0x00000068d4afe4a0:   0000000000000018 000001bf7d124f40
0x00000068d4afe4b0:   000001bf7d23a7f0 000001bf7d0b7b90
0x00000068d4afe4c0:   0000000000000000 0000200100000000
0x00000068d4afe4d0:   0000200100000000 00007ff95b7ae41d
0x00000068d4afe4e0:   000000007a000004 000001bf7d159db8
0x00000068d4afe4f0:   000000000000042b 0000000000000000
0x00000068d4afe500:   0000000000000012 0000000000000000
0x00000068d4afe510:   0000000000000000 00000068d4afe630
0x00000068d4afe520:   000001bf7d232860 00007ff95b94d62c
0x00000068d4afe530:   000001bf00000016 0000000000000000
0x00000068d4afe540:   000001bf7d159a00 000001bf7d232800
0x00000068d4afe550:   0000006800000f90 0000b80200000000
0x00000068d4afe560:   0000000000000000 0000000000000009
0x00000068d4afe570:   0000002855fc0000 0000800400001000
0x00000068d4afe580:   0000000000000000 0000000000000001
0x00000068d4afe590:   000001bf7ce70610 00007ff95ba3da70
0x00000068d4afe5a0:   0000000000000000 00007ff95ba3d2c7
0x00000068d4afe5b0:   0000000000000000 0000000000000000
0x00000068d4afe5c0:   000000000000042b 000001bf7d23a8f0
0x00000068d4afe5d0:   0000000000000000 00007ff95b7fb9e7
0x00000068d4afe5e0:   0000b80200000000 0000000000000f90
0x00000068d4afe5f0:   0000000000000000 4000044000000001
0x00000068d4afe600:   0000000000000000 0000000000000000
0x00000068d4afe610:   0000000000000000 0000000000000000
0x00000068d4afe620:   0000000000000000 0000000000000000
0x00000068d4afe630:   0000000000000000 0000000000000000
0x00000068d4afe640:   0000000000000000 0000000000000000
0x00000068d4afe650:   0000000000000000 0000000000000000
0x00000068d4afe660:   0000000000000000 0000000000000000
0x00000068d4afe670:   0000000000000000 0000000000000000
0x00000068d4afe680:   0000000000000000 0000000000000000 

Instructions: (pc=0x00007ff95ba6d1cc)
0x00007ff95ba6d0cc:   41 bf 20 00 00 00 48 8b 04 38 4d 8b 3c 07 0f b6
0x00007ff95ba6d0dc:   bc 24 b0 00 00 00 4c 3b 3d 57 b4 c3 00 41 0f 44
0x00007ff95ba6d0ec:   e9 89 ac 24 a0 00 00 00 48 85 c9 0f 84 d4 07 00
0x00007ff95ba6d0fc:   00 0f 1f 00 4c 8b f1 4c 8d a1 c8 05 00 00 49 8b
0x00007ff95ba6d10c:   04 24 48 89 84 24 a8 00 00 00 40 84 ff 74 10 48
0x00007ff95ba6d11c:   8b d1 48 8b 09 e8 6a 46 ee ff e9 4f 07 00 00 8b
0x00007ff95ba6d12c:   96 c8 01 00 00 48 8b 05 d8 97 b3 00 83 b8 64 03
0x00007ff95ba6d13c:   00 00 02 0f 85 18 02 00 00 83 fa 10 73 0e 48 8d
0x00007ff95ba6d14c:   42 04 48 8d 04 c2 48 8d 04 c1 eb 60 8d 4a f0 8b
0x00007ff95ba6d15c:   c1 c1 e8 04 83 f8 03 73 1d 0f ae e8 83 e1 0f 4d
0x00007ff95ba6d16c:   8b 84 c6 80 05 00 00 4d 85 c0 74 25 48 8d 0c c9
0x00007ff95ba6d17c:   49 8d 04 c8 eb 36 49 8b 86 98 05 00 00 48 85 c0
0x00007ff95ba6d18c:   74 0f 66 90 39 10 74 2f 48 8b 40 50 48 85 c0 75
0x00007ff95ba6d19c:   f3 41 80 be a0 05 00 00 00 74 22 8b c2 83 e0 0f
0x00007ff95ba6d1ac:   48 8d 04 c0 48 8d 40 20 49 8d 04 c6 48 85 c0 74
0x00007ff95ba6d1bc:   0c 48 8b 48 08 eb 09 48 83 c0 08 eb ef 49 8b c9
0x00007ff95ba6d1cc:   49 3b 8f f8 56 03 00 0f 86 84 01 00 00 83 fa 10
0x00007ff95ba6d1dc:   73 0a 48 8d 42 04 48 8d 04 c2 eb 5c 8d 4a f0 8b
0x00007ff95ba6d1ec:   c1 c1 e8 04 83 f8 03 73 1d 0f ae e8 83 e1 0f 4d
0x00007ff95ba6d1fc:   8b 84 c6 80 05 00 00 4d 85 c0 74 25 48 8d 0c c9
0x00007ff95ba6d20c:   49 8d 04 c8 eb 36 49 8b 86 98 05 00 00 48 85 c0
0x00007ff95ba6d21c:   74 0f 66 90 39 10 74 2f 48 8b 40 50 48 85 c0 75
0x00007ff95ba6d22c:   f3 41 80 be a0 05 00 00 00 74 22 8b c2 83 e0 0f
0x00007ff95ba6d23c:   48 8d 04 c0 48 8d 40 20 49 8d 04 c6 48 85 c0 74
0x00007ff95ba6d24c:   0c 48 8b 48 08 eb 09 48 83 c0 08 eb ef 49 8b c9
0x00007ff95ba6d25c:   49 3b 8e 40 06 00 00 0f 86 f4 00 00 00 48 8b 86
0x00007ff95ba6d26c:   78 02 00 00 49 89 04 24 4c 89 b6 78 02 00 00 ff
0x00007ff95ba6d27c:   86 80 02 00 00 49 8b 46 08 48 8b 88 18 01 00 00
0x00007ff95ba6d28c:   48 81 e1 00 00 ff ff 48 81 c1 00 00 01 00 48 01
0x00007ff95ba6d29c:   8e 88 02 00 00 ba 01 00 00 00 49 8b 4e 08 e8 11
0x00007ff95ba6d2ac:   8f d4 ff 48 01 86 98 02 00 00 85 ed 74 75 49 8b
0x00007ff95ba6d2bc:   9f 58 4f 03 00 0f 57 c0 f3 0f 7f 44 24 30 c7 44 


Stack slot to memory mapping:

stack at sp + 0 slots: 0x000001bf7d0b7b90 points into unknown readable memory: 0xffffffffffffffff | ff ff ff ff ff ff ff ff
stack at sp + 1 slots: 0x000020f6575a2081 is an unknown value
stack at sp + 2 slots: 0x0000000000000018 is an unknown value
stack at sp + 3 slots: 0x000001bf7d124f40 points into unknown readable memory: 0x000001bf7d0b82c0 | c0 82 0b 7d bf 01 00 00
stack at sp + 4 slots: 0x000001bf7d23a7f0 points into unknown readable memory: 0x000001bf7cd08750 | 50 87 d0 7c bf 01 00 00
stack at sp + 5 slots: 0x000001bf7d0b7b90 points into unknown readable memory: 0xffffffffffffffff | ff ff ff ff ff ff ff ff
stack at sp + 6 slots: 0x0 is null
stack at sp + 7 slots: 0x0000200100000000 is an unknown value

VM_Operation (0x00000068d68ff2f0): Exit, mode: safepoint, requested by thread 0x000001bf7cd57520


---------------  P R O C E S S  ---------------

Threads class SMR info:
_java_thread_list=0x000001bf7cd52f30, length=22, elements={
0x000001bf798fad10, 0x000001bf798fbc30, 0x000001bf798fe740, 0x000001bf7c282910,
0x000001bf7c284c60, 0x000001bf7c28d590, 0x000001bf7c297800, 0x000001bf7c283f40,
0x000001bf7c2845d0, 0x000001bf7c286d30, 0x000001bf7c2838b0, 0x000001bf7c2852f0,
0x000001bf7c285980, 0x000001bf7c286010, 0x000001bf7c2866a0, 0x000001bf7cd540a0,
0x000001bf7cd56800, 0x000001bf7cd5a310, 0x000001bf7cd58f60, 0x000001bf7cd595f0,
0x000001bf7cd5a9a0, 0x000001bf7cd57520
}

Java Threads: ( => current thread )
  0x000001bf798fad10 JavaThread "Reference Handler"          daemon [_thread_blocked, id=35556, stack(0x00000068d4b00000,0x00000068d4c00000) (1024K)]
  0x000001bf798fbc30 JavaThread "Finalizer"                  daemon [_thread_blocked, id=37352, stack(0x00000068d4c00000,0x00000068d4d00000) (1024K)]
  0x000001bf798fe740 JavaThread "Attach Listener"            daemon [_thread_blocked, id=19748, stack(0x00000068d4e00000,0x00000068d4f00000) (1024K)]
  0x000001bf7c282910 JavaThread "Service Thread"             daemon [_thread_blocked, id=27148, stack(0x00000068d4f00000,0x00000068d5000000) (1024K)]
  0x000001bf7c284c60 JavaThread "Monitor Deflation Thread"   daemon [_thread_blocked, id=40032, stack(0x00000068d5000000,0x00000068d5100000) (1024K)]
  0x000001bf7c28d590 JavaThread "C2 CompilerThread0"         daemon [_thread_blocked, id=22356, stack(0x00000068d5100000,0x00000068d5200000) (1024K)]
  0x000001bf7c297800 JavaThread "C1 CompilerThread0"         daemon [_thread_blocked, id=30520, stack(0x00000068d5200000,0x00000068d5300000) (1024K)]
  0x000001bf7c283f40 JavaThread "Common-Cleaner"             daemon [_thread_blocked, id=28324, stack(0x00000068d5300000,0x00000068d5400000) (1024K)]
  0x000001bf7c2845d0 JavaThread "Monitor Ctrl-Break"         daemon [_thread_in_native, id=38780, stack(0x00000068d5400000,0x00000068d5500000) (1024K)]
  0x000001bf7c286d30 JavaThread "Notification Thread"        daemon [_thread_blocked, id=34612, stack(0x00000068d5500000,0x00000068d5600000) (1024K)]
  0x000001bf7c2838b0 JavaThread "Thread-0"                          [_thread_blocked, id=12740, stack(0x00000068d5700000,0x00000068d5800000) (1024K)]
  0x000001bf7c2852f0 JavaThread "qtp853317594-23"                   [_thread_in_native, id=4600, stack(0x00000068d5800000,0x00000068d5900000) (1024K)]
  0x000001bf7c285980 JavaThread "qtp853317594-24"                   [_thread_in_native, id=33208, stack(0x00000068d5900000,0x00000068d5a00000) (1024K)]
  0x000001bf7c286010 JavaThread "qtp853317594-25"                   [_thread_in_native, id=29236, stack(0x00000068d5a00000,0x00000068d5b00000) (1024K)]
  0x000001bf7c2866a0 JavaThread "qtp853317594-26"                   [_thread_blocked, id=30640, stack(0x00000068d5b00000,0x00000068d5c00000) (1024K)]
  0x000001bf7cd540a0 JavaThread "qtp853317594-27-acceptor-0@379063c-ServerConnector@403229e2{HTTP/1.1, (http/1.1)}{0.0.0.0:4567}"        [_thread_in_native, id=21956, stack(0x00000068d5c00000,0x00000068d5d00000) (1024K)]
  0x000001bf7cd56800 JavaThread "qtp853317594-28"                   [_thread_in_native, id=29540, stack(0x00000068d5d00000,0x00000068d5e00000) (1024K)]
  0x000001bf7cd5a310 JavaThread "qtp853317594-29"                   [_thread_blocked, id=26800, stack(0x00000068d5e00000,0x00000068d5f00000) (1024K)]
  0x000001bf7cd58f60 JavaThread "qtp853317594-30"                   [_thread_blocked, id=13804, stack(0x00000068d5f00000,0x00000068d6000000) (1024K)]
  0x000001bf7cd595f0 JavaThread "Session-HouseKeeper-5526115-1"        [_thread_blocked, id=35352, stack(0x00000068d6000000,0x00000068d6100000) (1024K)]
  0x000001bf7cd5a9a0 JavaThread "DestroyJavaVM"                     [_thread_blocked, id=30524, stack(0x00000068d4300000,0x00000068d4400000) (1024K)]
  0x000001bf7cd57520 JavaThread "SIGINT handler"             daemon [_thread_blocked, id=28084, stack(0x00000068d6800000,0x00000068d6900000) (1024K)]
Total: 22

Other Threads:
=>0x000001bf798dee30 VMThread "VM Thread"                           [id=19620, stack(0x00000068d4a00000,0x00000068d4b00000) (1024K)]
  0x000001bf79740780 WorkerThread "GC Thread#0"                     [id=36612, stack(0x00000068d4400000,0x00000068d4500000) (1024K)]
  0x000001bf7ce56930 WorkerThread "GC Thread#1"                     [id=27612, stack(0x00000068d5600000,0x00000068d5700000) (1024K)]
  0x000001bf7ce56cd0 WorkerThread "GC Thread#2"                     [id=15100, stack(0x00000068d6200000,0x00000068d6300000) (1024K)]
  0x000001bf7ce57070 WorkerThread "GC Thread#3"                     [id=21748, stack(0x00000068d6300000,0x00000068d6400000) (1024K)]
  0x000001bf7ce57410 WorkerThread "GC Thread#4"                     [id=20612, stack(0x00000068d6400000,0x00000068d6500000) (1024K)]
  0x000001bf7ce577b0 WorkerThread "GC Thread#5"                     [id=308, stack(0x00000068d6500000,0x00000068d6600000) (1024K)]
  0x000001bf7ce57b50 WorkerThread "GC Thread#6"                     [id=11748, stack(0x00000068d6600000,0x00000068d6700000) (1024K)]
  0x000001bf7ce5a9b0 WorkerThread "GC Thread#7"                     [id=15752, stack(0x00000068d6700000,0x00000068d6800000) (1024K)]
  0x000001bf5796f470 ConcurrentGCThread "G1 Main Marker"            terminated
  0x000001bf5796fe80 WorkerThread "G1 Conc#0"                       [id=28724, stack(0x00000068d4600000,0x00000068d4700000) (1024K)]
  0x000001bf579aeaf0 ConcurrentGCThread "G1 Refine#0"               terminated
  0x000001bf79796790 ConcurrentGCThread "G1 Service"                terminated
Total: 13

Threads with active compile tasks:
Total: 0

VM state: at safepoint (shutting down)

VM Mutex/Monitor currently owned by a thread:  ([mutex/lock_event])
[0x00007ff96aa6cd68] Threads_lock - owner thread: 0x000001bf798dee30
[0x00007ff96aa6ce68] Heap_lock - owner thread: 0x000001bf7cd57520

Heap address: 0x0000000604c00000, size: 8116 MB, Compressed Oops mode: Zero based, Oop shift amount: 3

CDS archive(s) mapped at: [0x000001bf00000000-0x000001bf00c90000-0x000001bf00c90000), size 13172736, SharedBaseAddress: 0x000001bf00000000, ArchiveRelocationMode: 1.
Compressed class space mapped at: 0x000001bf01000000-0x000001bf41000000, reserved size: 1073741824
Narrow klass base: 0x000001bf00000000, Narrow klass shift: 0, Narrow klass range: 0x100000000

GC Precious Log:
 CardTable entry size: 512
 Card Set container configuration: InlinePtr #cards 4 size 8 Array Of Cards #cards 32 size 80 Howl #buckets 8 coarsen threshold 7372 Howl Bitmap #cards 1024 size 144 coarsen threshold 921 Card regions per heap region 1 cards per card region 8192
 CPUs: 8 total, 8 available
 Memory: 32448M
 Large Page Support: Disabled
 NUMA Support: Disabled
 Compressed Oops: Enabled (Zero based)
 Heap Region Size: 4M
 Heap Min Capacity: 8M
 Heap Initial Capacity: 508M
 Heap Max Capacity: 8116M
 Pre-touch: Disabled
 Parallel Workers: 8
 Concurrent Workers: 2
 Concurrent Refinement Workers: 8
 Periodic GC: Disabled

Heap:
 garbage-first heap   total 520192K, used 8725K [0x0000000604c00000, 0x0000000800000000)
  region size 4096K, 3 young (12288K), 1 survivors (4096K)
 Metaspace       used 10666K, committed 10816K, reserved 1114112K
  class space    used 1051K, committed 1152K, reserved 1048576K

Heap Regions: E=young(eden), S=young(survivor), O=old, HS=humongous(starts), HC=humongous(continues), CS=collection set, F=free, TAMS=top-at-mark-start, PB=parsable bottom
|   0|0x0000000604c00000, 0x0000000604c85420, 0x0000000605000000| 13%| O|  |TAMS 0x0000000604c00000| PB 0x0000000604c00000| Untracked 
|   1|0x0000000605000000, 0x0000000605000000, 0x0000000605400000|  0%| F|  |TAMS 0x0000000605000000| PB 0x0000000605000000| Untracked 
|   2|0x0000000605400000, 0x0000000605400000, 0x0000000605800000|  0%| F|  |TAMS 0x0000000605400000| PB 0x0000000605400000| Untracked 
|   3|0x0000000605800000, 0x0000000605800000, 0x0000000605c00000|  0%| F|  |TAMS 0x0000000605800000| PB 0x0000000605800000| Untracked 
|   4|0x0000000605c00000, 0x0000000605c00000, 0x0000000606000000|  0%| F|  |TAMS 0x0000000605c00000| PB 0x0000000605c00000| Untracked 
|   5|0x0000000606000000, 0x0000000606000000, 0x0000000606400000|  0%| F|  |TAMS 0x0000000606000000| PB 0x0000000606000000| Untracked 
|   6|0x0000000606400000, 0x0000000606400000, 0x0000000606800000|  0%| F|  |TAMS 0x0000000606400000| PB 0x0000000606400000| Untracked 
|   7|0x0000000606800000, 0x0000000606800000, 0x0000000606c00000|  0%| F|  |TAMS 0x0000000606800000| PB 0x0000000606800000| Untracked 
|   8|0x0000000606c00000, 0x0000000606c00000, 0x0000000607000000|  0%| F|  |TAMS 0x0000000606c00000| PB 0x0000000606c00000| Untracked 
|   9|0x0000000607000000, 0x0000000607000000, 0x0000000607400000|  0%| F|  |TAMS 0x0000000607000000| PB 0x0000000607000000| Untracked 
|  10|0x0000000607400000, 0x0000000607400000, 0x0000000607800000|  0%| F|  |TAMS 0x0000000607400000| PB 0x0000000607400000| Untracked 
|  11|0x0000000607800000, 0x0000000607800000, 0x0000000607c00000|  0%| F|  |TAMS 0x0000000607800000| PB 0x0000000607800000| Untracked 
|  12|0x0000000607c00000, 0x0000000607c00000, 0x0000000608000000|  0%| F|  |TAMS 0x0000000607c00000| PB 0x0000000607c00000| Untracked 
|  13|0x0000000608000000, 0x0000000608000000, 0x0000000608400000|  0%| F|  |TAMS 0x0000000608000000| PB 0x0000000608000000| Untracked 
|  14|0x0000000608400000, 0x0000000608400000, 0x0000000608800000|  0%| F|  |TAMS 0x0000000608400000| PB 0x0000000608400000| Untracked 
|  15|0x0000000608800000, 0x0000000608800000, 0x0000000608c00000|  0%| F|  |TAMS 0x0000000608800000| PB 0x0000000608800000| Untracked 
|  16|0x0000000608c00000, 0x0000000608c00000, 0x0000000609000000|  0%| F|  |TAMS 0x0000000608c00000| PB 0x0000000608c00000| Untracked 
|  17|0x0000000609000000, 0x0000000609000000, 0x0000000609400000|  0%| F|  |TAMS 0x0000000609000000| PB 0x0000000609000000| Untracked 
|  18|0x0000000609400000, 0x0000000609400000, 0x0000000609800000|  0%| F|  |TAMS 0x0000000609400000| PB 0x0000000609400000| Untracked 
|  19|0x0000000609800000, 0x0000000609800000, 0x0000000609c00000|  0%| F|  |TAMS 0x0000000609800000| PB 0x0000000609800000| Untracked 
|  20|0x0000000609c00000, 0x0000000609c00000, 0x000000060a000000|  0%| F|  |TAMS 0x0000000609c00000| PB 0x0000000609c00000| Untracked 
|  21|0x000000060a000000, 0x000000060a000000, 0x000000060a400000|  0%| F|  |TAMS 0x000000060a000000| PB 0x000000060a000000| Untracked 
|  22|0x000000060a400000, 0x000000060a400000, 0x000000060a800000|  0%| F|  |TAMS 0x000000060a400000| PB 0x000000060a400000| Untracked 
|  23|0x000000060a800000, 0x000000060a800000, 0x000000060ac00000|  0%| F|  |TAMS 0x000000060a800000| PB 0x000000060a800000| Untracked 
|  24|0x000000060ac00000, 0x000000060ac00000, 0x000000060b000000|  0%| F|  |TAMS 0x000000060ac00000| PB 0x000000060ac00000| Untracked 
|  25|0x000000060b000000, 0x000000060b000000, 0x000000060b400000|  0%| F|  |TAMS 0x000000060b000000| PB 0x000000060b000000| Untracked 
|  26|0x000000060b400000, 0x000000060b400000, 0x000000060b800000|  0%| F|  |TAMS 0x000000060b400000| PB 0x000000060b400000| Untracked 
|  27|0x000000060b800000, 0x000000060b800000, 0x000000060bc00000|  0%| F|  |TAMS 0x000000060b800000| PB 0x000000060b800000| Untracked 
|  28|0x000000060bc00000, 0x000000060bc00000, 0x000000060c000000|  0%| F|  |TAMS 0x000000060bc00000| PB 0x000000060bc00000| Untracked 
|  29|0x000000060c000000, 0x000000060c000000, 0x000000060c400000|  0%| F|  |TAMS 0x000000060c000000| PB 0x000000060c000000| Untracked 
|  30|0x000000060c400000, 0x000000060c400000, 0x000000060c800000|  0%| F|  |TAMS 0x000000060c400000| PB 0x000000060c400000| Untracked 
|  31|0x000000060c800000, 0x000000060c800000, 0x000000060cc00000|  0%| F|  |TAMS 0x000000060c800000| PB 0x000000060c800000| Untracked 
|  32|0x000000060cc00000, 0x000000060cc00000, 0x000000060d000000|  0%| F|  |TAMS 0x000000060cc00000| PB 0x000000060cc00000| Untracked 
|  33|0x000000060d000000, 0x000000060d000000, 0x000000060d400000|  0%| F|  |TAMS 0x000000060d000000| PB 0x000000060d000000| Untracked 
|  34|0x000000060d400000, 0x000000060d400000, 0x000000060d800000|  0%| F|  |TAMS 0x000000060d400000| PB 0x000000060d400000| Untracked 
|  35|0x000000060d800000, 0x000000060d800000, 0x000000060dc00000|  0%| F|  |TAMS 0x000000060d800000| PB 0x000000060d800000| Untracked 
|  36|0x000000060dc00000, 0x000000060dc00000, 0x000000060e000000|  0%| F|  |TAMS 0x000000060dc00000| PB 0x000000060dc00000| Untracked 
|  37|0x000000060e000000, 0x000000060e000000, 0x000000060e400000|  0%| F|  |TAMS 0x000000060e000000| PB 0x000000060e000000| Untracked 
|  38|0x000000060e400000, 0x000000060e400000, 0x000000060e800000|  0%| F|  |TAMS 0x000000060e400000| PB 0x000000060e400000| Untracked 
|  39|0x000000060e800000, 0x000000060e800000, 0x000000060ec00000|  0%| F|  |TAMS 0x000000060e800000| PB 0x000000060e800000| Untracked 
|  40|0x000000060ec00000, 0x000000060ec00000, 0x000000060f000000|  0%| F|  |TAMS 0x000000060ec00000| PB 0x000000060ec00000| Untracked 
|  41|0x000000060f000000, 0x000000060f000000, 0x000000060f400000|  0%| F|  |TAMS 0x000000060f000000| PB 0x000000060f000000| Untracked 
|  42|0x000000060f400000, 0x000000060f400000, 0x000000060f800000|  0%| F|  |TAMS 0x000000060f400000| PB 0x000000060f400000| Untracked 
|  43|0x000000060f800000, 0x000000060f800000, 0x000000060fc00000|  0%| F|  |TAMS 0x000000060f800000| PB 0x000000060f800000| Untracked 
|  44|0x000000060fc00000, 0x000000060fc00000, 0x0000000610000000|  0%| F|  |TAMS 0x000000060fc00000| PB 0x000000060fc00000| Untracked 
|  45|0x0000000610000000, 0x0000000610000000, 0x0000000610400000|  0%| F|  |TAMS 0x0000000610000000| PB 0x0000000610000000| Untracked 
|  46|0x0000000610400000, 0x0000000610400000, 0x0000000610800000|  0%| F|  |TAMS 0x0000000610400000| PB 0x0000000610400000| Untracked 
|  47|0x0000000610800000, 0x0000000610800000, 0x0000000610c00000|  0%| F|  |TAMS 0x0000000610800000| PB 0x0000000610800000| Untracked 
|  48|0x0000000610c00000, 0x0000000610c00000, 0x0000000611000000|  0%| F|  |TAMS 0x0000000610c00000| PB 0x0000000610c00000| Untracked 
|  49|0x0000000611000000, 0x0000000611000000, 0x0000000611400000|  0%| F|  |TAMS 0x0000000611000000| PB 0x0000000611000000| Untracked 
|  50|0x0000000611400000, 0x0000000611400000, 0x0000000611800000|  0%| F|  |TAMS 0x0000000611400000| PB 0x0000000611400000| Untracked 
|  51|0x0000000611800000, 0x0000000611800000, 0x0000000611c00000|  0%| F|  |TAMS 0x0000000611800000| PB 0x0000000611800000| Untracked 
|  52|0x0000000611c00000, 0x0000000611c00000, 0x0000000612000000|  0%| F|  |TAMS 0x0000000611c00000| PB 0x0000000611c00000| Untracked 
|  53|0x0000000612000000, 0x0000000612000000, 0x0000000612400000|  0%| F|  |TAMS 0x0000000612000000| PB 0x0000000612000000| Untracked 
|  54|0x0000000612400000, 0x0000000612400000, 0x0000000612800000|  0%| F|  |TAMS 0x0000000612400000| PB 0x0000000612400000| Untracked 
|  55|0x0000000612800000, 0x0000000612800000, 0x0000000612c00000|  0%| F|  |TAMS 0x0000000612800000| PB 0x0000000612800000| Untracked 
|  56|0x0000000612c00000, 0x0000000612c00000, 0x0000000613000000|  0%| F|  |TAMS 0x0000000612c00000| PB 0x0000000612c00000| Untracked 
|  57|0x0000000613000000, 0x0000000613000000, 0x0000000613400000|  0%| F|  |TAMS 0x0000000613000000| PB 0x0000000613000000| Untracked 
|  58|0x0000000613400000, 0x0000000613400000, 0x0000000613800000|  0%| F|  |TAMS 0x0000000613400000| PB 0x0000000613400000| Untracked 
|  59|0x0000000613800000, 0x0000000613800000, 0x0000000613c00000|  0%| F|  |TAMS 0x0000000613800000| PB 0x0000000613800000| Untracked 
|  60|0x0000000613c00000, 0x0000000613c00000, 0x0000000614000000|  0%| F|  |TAMS 0x0000000613c00000| PB 0x0000000613c00000| Untracked 
|  61|0x0000000614000000, 0x0000000614000000, 0x0000000614400000|  0%| F|  |TAMS 0x0000000614000000| PB 0x0000000614000000| Untracked 
|  62|0x0000000614400000, 0x0000000614400000, 0x0000000614800000|  0%| F|  |TAMS 0x0000000614400000| PB 0x0000000614400000| Untracked 
|  63|0x0000000614800000, 0x0000000614800000, 0x0000000614c00000|  0%| F|  |TAMS 0x0000000614800000| PB 0x0000000614800000| Untracked 
|  64|0x0000000614c00000, 0x0000000614c00000, 0x0000000615000000|  0%| F|  |TAMS 0x0000000614c00000| PB 0x0000000614c00000| Untracked 
|  65|0x0000000615000000, 0x0000000615000000, 0x0000000615400000|  0%| F|  |TAMS 0x0000000615000000| PB 0x0000000615000000| Untracked 
|  66|0x0000000615400000, 0x0000000615400000, 0x0000000615800000|  0%| F|  |TAMS 0x0000000615400000| PB 0x0000000615400000| Untracked 
|  67|0x0000000615800000, 0x0000000615800000, 0x0000000615c00000|  0%| F|  |TAMS 0x0000000615800000| PB 0x0000000615800000| Untracked 
|  68|0x0000000615c00000, 0x0000000615c00000, 0x0000000616000000|  0%| F|  |TAMS 0x0000000615c00000| PB 0x0000000615c00000| Untracked 
|  69|0x0000000616000000, 0x0000000616000000, 0x0000000616400000|  0%| F|  |TAMS 0x0000000616000000| PB 0x0000000616000000| Untracked 
|  70|0x0000000616400000, 0x0000000616400000, 0x0000000616800000|  0%| F|  |TAMS 0x0000000616400000| PB 0x0000000616400000| Untracked 
|  71|0x0000000616800000, 0x0000000616800000, 0x0000000616c00000|  0%| F|  |TAMS 0x0000000616800000| PB 0x0000000616800000| Untracked 
|  72|0x0000000616c00000, 0x0000000616c00000, 0x0000000617000000|  0%| F|  |TAMS 0x0000000616c00000| PB 0x0000000616c00000| Untracked 
|  73|0x0000000617000000, 0x0000000617000000, 0x0000000617400000|  0%| F|  |TAMS 0x0000000617000000| PB 0x0000000617000000| Untracked 
|  74|0x0000000617400000, 0x0000000617400000, 0x0000000617800000|  0%| F|  |TAMS 0x0000000617400000| PB 0x0000000617400000| Untracked 
|  75|0x0000000617800000, 0x0000000617800000, 0x0000000617c00000|  0%| F|  |TAMS 0x0000000617800000| PB 0x0000000617800000| Untracked 
|  76|0x0000000617c00000, 0x0000000617c00000, 0x0000000618000000|  0%| F|  |TAMS 0x0000000617c00000| PB 0x0000000617c00000| Untracked 
|  77|0x0000000618000000, 0x0000000618000000, 0x0000000618400000|  0%| F|  |TAMS 0x0000000618000000| PB 0x0000000618000000| Untracked 
|  78|0x0000000618400000, 0x0000000618400000, 0x0000000618800000|  0%| F|  |TAMS 0x0000000618400000| PB 0x0000000618400000| Untracked 
|  79|0x0000000618800000, 0x0000000618800000, 0x0000000618c00000|  0%| F|  |TAMS 0x0000000618800000| PB 0x0000000618800000| Untracked 
|  80|0x0000000618c00000, 0x0000000618c00000, 0x0000000619000000|  0%| F|  |TAMS 0x0000000618c00000| PB 0x0000000618c00000| Untracked 
|  81|0x0000000619000000, 0x0000000619000000, 0x0000000619400000|  0%| F|  |TAMS 0x0000000619000000| PB 0x0000000619000000| Untracked 
|  82|0x0000000619400000, 0x0000000619400000, 0x0000000619800000|  0%| F|  |TAMS 0x0000000619400000| PB 0x0000000619400000| Untracked 
|  83|0x0000000619800000, 0x0000000619800000, 0x0000000619c00000|  0%| F|  |TAMS 0x0000000619800000| PB 0x0000000619800000| Untracked 
|  84|0x0000000619c00000, 0x0000000619c00000, 0x000000061a000000|  0%| F|  |TAMS 0x0000000619c00000| PB 0x0000000619c00000| Untracked 
|  85|0x000000061a000000, 0x000000061a000000, 0x000000061a400000|  0%| F|  |TAMS 0x000000061a000000| PB 0x000000061a000000| Untracked 
|  86|0x000000061a400000, 0x000000061a400000, 0x000000061a800000|  0%| F|  |TAMS 0x000000061a400000| PB 0x000000061a400000| Untracked 
|  87|0x000000061a800000, 0x000000061a800000, 0x000000061ac00000|  0%| F|  |TAMS 0x000000061a800000| PB 0x000000061a800000| Untracked 
|  88|0x000000061ac00000, 0x000000061ac00000, 0x000000061b000000|  0%| F|  |TAMS 0x000000061ac00000| PB 0x000000061ac00000| Untracked 
|  89|0x000000061b000000, 0x000000061b000000, 0x000000061b400000|  0%| F|  |TAMS 0x000000061b000000| PB 0x000000061b000000| Untracked 
|  90|0x000000061b400000, 0x000000061b400000, 0x000000061b800000|  0%| F|  |TAMS 0x000000061b400000| PB 0x000000061b400000| Untracked 
|  91|0x000000061b800000, 0x000000061b800000, 0x000000061bc00000|  0%| F|  |TAMS 0x000000061b800000| PB 0x000000061b800000| Untracked 
|  92|0x000000061bc00000, 0x000000061bc00000, 0x000000061c000000|  0%| F|  |TAMS 0x000000061bc00000| PB 0x000000061bc00000| Untracked 
|  93|0x000000061c000000, 0x000000061c000000, 0x000000061c400000|  0%| F|  |TAMS 0x000000061c000000| PB 0x000000061c000000| Untracked 
|  94|0x000000061c400000, 0x000000061c400000, 0x000000061c800000|  0%| F|  |TAMS 0x000000061c400000| PB 0x000000061c400000| Untracked 
|  95|0x000000061c800000, 0x000000061c800000, 0x000000061cc00000|  0%| F|  |TAMS 0x000000061c800000| PB 0x000000061c800000| Untracked 
|  96|0x000000061cc00000, 0x000000061cc00000, 0x000000061d000000|  0%| F|  |TAMS 0x000000061cc00000| PB 0x000000061cc00000| Untracked 
|  97|0x000000061d000000, 0x000000061d000000, 0x000000061d400000|  0%| F|  |TAMS 0x000000061d000000| PB 0x000000061d000000| Untracked 
|  98|0x000000061d400000, 0x000000061d400000, 0x000000061d800000|  0%| F|  |TAMS 0x000000061d400000| PB 0x000000061d400000| Untracked 
|  99|0x000000061d800000, 0x000000061d800000, 0x000000061dc00000|  0%| F|  |TAMS 0x000000061d800000| PB 0x000000061d800000| Untracked 
| 100|0x000000061dc00000, 0x000000061dc00000, 0x000000061e000000|  0%| F|  |TAMS 0x000000061dc00000| PB 0x000000061dc00000| Untracked 
| 101|0x000000061e000000, 0x000000061e000000, 0x000000061e400000|  0%| F|  |TAMS 0x000000061e000000| PB 0x000000061e000000| Untracked 
| 102|0x000000061e400000, 0x000000061e400000, 0x000000061e800000|  0%| F|  |TAMS 0x000000061e400000| PB 0x000000061e400000| Untracked 
| 103|0x000000061e800000, 0x000000061e800000, 0x000000061ec00000|  0%| F|  |TAMS 0x000000061e800000| PB 0x000000061e800000| Untracked 
| 104|0x000000061ec00000, 0x000000061ec00000, 0x000000061f000000|  0%| F|  |TAMS 0x000000061ec00000| PB 0x000000061ec00000| Untracked 
| 105|0x000000061f000000, 0x000000061f000000, 0x000000061f400000|  0%| F|  |TAMS 0x000000061f000000| PB 0x000000061f000000| Untracked 
| 106|0x000000061f400000, 0x000000061f400000, 0x000000061f800000|  0%| F|  |TAMS 0x000000061f400000| PB 0x000000061f400000| Untracked 
| 107|0x000000061f800000, 0x000000061f800000, 0x000000061fc00000|  0%| F|  |TAMS 0x000000061f800000| PB 0x000000061f800000| Untracked 
| 108|0x000000061fc00000, 0x000000061fc00000, 0x0000000620000000|  0%| F|  |TAMS 0x000000061fc00000| PB 0x000000061fc00000| Untracked 
| 109|0x0000000620000000, 0x0000000620000000, 0x0000000620400000|  0%| F|  |TAMS 0x0000000620000000| PB 0x0000000620000000| Untracked 
| 110|0x0000000620400000, 0x0000000620400000, 0x0000000620800000|  0%| F|  |TAMS 0x0000000620400000| PB 0x0000000620400000| Untracked 
| 111|0x0000000620800000, 0x0000000620800000, 0x0000000620c00000|  0%| F|  |TAMS 0x0000000620800000| PB 0x0000000620800000| Untracked 
| 112|0x0000000620c00000, 0x0000000620c00000, 0x0000000621000000|  0%| F|  |TAMS 0x0000000620c00000| PB 0x0000000620c00000| Untracked 
| 113|0x0000000621000000, 0x0000000621000000, 0x0000000621400000|  0%| F|  |TAMS 0x0000000621000000| PB 0x0000000621000000| Untracked 
| 114|0x0000000621400000, 0x0000000621400000, 0x0000000621800000|  0%| F|  |TAMS 0x0000000621400000| PB 0x0000000621400000| Untracked 
| 115|0x0000000621800000, 0x0000000621800000, 0x0000000621c00000|  0%| F|  |TAMS 0x0000000621800000| PB 0x0000000621800000| Untracked 
| 116|0x0000000621c00000, 0x0000000621c00000, 0x0000000622000000|  0%| F|  |TAMS 0x0000000621c00000| PB 0x0000000621c00000| Untracked 
| 117|0x0000000622000000, 0x0000000622000000, 0x0000000622400000|  0%| F|  |TAMS 0x0000000622000000| PB 0x0000000622000000| Untracked 
| 118|0x0000000622400000, 0x0000000622400000, 0x0000000622800000|  0%| F|  |TAMS 0x0000000622400000| PB 0x0000000622400000| Untracked 
| 119|0x0000000622800000, 0x0000000622800000, 0x0000000622c00000|  0%| F|  |TAMS 0x0000000622800000| PB 0x0000000622800000| Untracked 
| 120|0x0000000622c00000, 0x0000000623000000, 0x0000000623000000|100%| S|CS|TAMS 0x0000000622c00000| PB 0x0000000622c00000| Complete 
| 121|0x0000000623000000, 0x0000000623000000, 0x0000000623400000|  0%| F|  |TAMS 0x0000000623000000| PB 0x0000000623000000| Untracked 
| 122|0x0000000623400000, 0x0000000623400000, 0x0000000623800000|  0%| F|  |TAMS 0x0000000623400000| PB 0x0000000623400000| Untracked 
| 123|0x0000000623800000, 0x0000000623800000, 0x0000000623c00000|  0%| F|  |TAMS 0x0000000623800000| PB 0x0000000623800000| Untracked 
| 124|0x0000000623c00000, 0x0000000623c00000, 0x0000000624000000|  0%| F|  |TAMS 0x0000000623c00000| PB 0x0000000623c00000| Untracked 
| 125|0x0000000624000000, 0x00000006242f2080, 0x0000000624400000| 73%| E|  |TAMS 0x0000000624000000| PB 0x0000000624000000| Complete 
| 126|0x0000000624400000, 0x0000000624800000, 0x0000000624800000|100%| E|CS|TAMS 0x0000000624400000| PB 0x0000000624400000| Complete 

Card table byte_map: [0x000001bf70850000,0x000001bf71830000] _byte_map_base: 0x000001bf6d82a000

Marking Bits: (CMBitMap*) 0x000001bf5795ec50
 Bits: [0x000001bf71830000, 0x000001bf79700000)

Polling page: 0x000001bf55fb0000

Metaspace:

Usage:
  Non-class:      9.39 MB used.
      Class:      1.03 MB used.
       Both:     10.42 MB used.

Virtual space:
  Non-class space:       64.00 MB reserved,       9.44 MB ( 15%) committed,  1 nodes.
      Class space:        1.00 GB reserved,       1.12 MB ( <1%) committed,  1 nodes.
             Both:        1.06 GB reserved,      10.56 MB ( <1%) committed. 

Chunk freelists:
   Non-Class:  6.50 MB
       Class:  14.91 MB
        Both:  21.41 MB

MaxMetaspaceSize: unlimited
CompressedClassSpaceSize: 1.00 GB
Initial GC threshold: 21.00 MB
Current GC threshold: 21.00 MB
CDS: on
 - commit_granule_bytes: 65536.
 - commit_granule_words: 8192.
 - virtual_space_node_default_size: 8388608.
 - enlarge_chunks_in_place: 1.
 - use_allocation_guard: 0.


Internal statistics:

num_allocs_failed_limit: 0.
num_arena_births: 82.
num_arena_deaths: 0.
num_vsnodes_births: 2.
num_vsnodes_deaths: 0.
num_space_committed: 167.
num_space_uncommitted: 0.
num_chunks_returned_to_freelist: 0.
num_chunks_taken_from_freelist: 334.
num_chunk_merges: 0.
num_chunk_splits: 226.
num_chunks_enlarged: 184.
num_inconsistent_stats: 0.

CodeHeap 'non-profiled nmethods': size=120000Kb used=511Kb max_used=511Kb free=119488Kb
 bounds [0x000001bf678e0000, 0x000001bf67b50000, 0x000001bf6ee10000]
CodeHeap 'profiled nmethods': size=120000Kb used=2610Kb max_used=2610Kb free=117389Kb
 bounds [0x000001bf5fe10000, 0x000001bf600a0000, 0x000001bf67340000]
CodeHeap 'non-nmethods': size=5760Kb used=1810Kb max_used=1810Kb free=3949Kb
 bounds [0x000001bf67340000, 0x000001bf675b0000, 0x000001bf678e0000]
 total_blobs=2080 nmethods=1406 adapters=579
 compilation: enabled
              stopped_count=0, restarted_count=0
 full_count=0

Compilation events (20 events):
Event: 1.663 Thread 0x000001bf7c297800 1393       3       java.util.StringTokenizer::nextToken (92 bytes)
Event: 1.663 Thread 0x000001bf7c297800 nmethod 1393 0x000001bf6009b090 code [0x000001bf6009b280, 0x000001bf6009b620]
Event: 1.665 Thread 0x000001bf7c297800 1398       3       java.io.FilterInputStream::read (11 bytes)
Event: 1.665 Thread 0x000001bf7c297800 nmethod 1398 0x000001bf6009b790 code [0x000001bf6009b940, 0x000001bf6009bb20]
Event: 1.677 Thread 0x000001bf7c297800 1399       1       com.badlogic.gdx.graphics.glutils.FileTextureData::getWidth (5 bytes)
Event: 1.677 Thread 0x000001bf7c297800 nmethod 1399 0x000001bf6795ed90 code [0x000001bf6795ef20, 0x000001bf6795efe8]
Event: 1.677 Thread 0x000001bf7c297800 1400       1       com.badlogic.gdx.graphics.glutils.FileTextureData::getHeight (5 bytes)
Event: 1.677 Thread 0x000001bf7c297800 nmethod 1400 0x000001bf6795f090 code [0x000001bf6795f220, 0x000001bf6795f2e8]
Event: 1.677 Thread 0x000001bf7c297800 1401       1       com.badlogic.gdx.graphics.g2d.TextureRegion::getTexture (5 bytes)
Event: 1.677 Thread 0x000001bf7c297800 nmethod 1401 0x000001bf6795f390 code [0x000001bf6795f520, 0x000001bf6795f5f0]
Event: 1.677 Thread 0x000001bf7c297800 1402       1       com.badlogic.gdx.graphics.g2d.TextureRegion::getRegionWidth (5 bytes)
Event: 1.677 Thread 0x000001bf7c297800 nmethod 1402 0x000001bf6795f690 code [0x000001bf6795f820, 0x000001bf6795f8e8]
Event: 1.677 Thread 0x000001bf7c297800 1403       1       com.badlogic.gdx.graphics.g2d.TextureRegion::getRegionHeight (5 bytes)
Event: 1.677 Thread 0x000001bf7c297800 nmethod 1403 0x000001bf6795f990 code [0x000001bf6795fb20, 0x000001bf6795fbe8]
Event: 1.681 Thread 0x000001bf7c297800 1404       3       java.util.concurrent.ConcurrentHashMap::isEmpty (15 bytes)
Event: 1.681 Thread 0x000001bf7c297800 nmethod 1404 0x000001bf6009bc10 code [0x000001bf6009bdc0, 0x000001bf6009bf58]
Event: 1.681 Thread 0x000001bf7c297800 1405       3       java.util.concurrent.ConcurrentHashMap::sumCount (60 bytes)
Event: 1.682 Thread 0x000001bf7c297800 nmethod 1405 0x000001bf6009c010 code [0x000001bf6009c1c0, 0x000001bf6009c420]
Event: 1.725 Thread 0x000001bf7c297800 1406       3       java.lang.String::valueOf (15 bytes)
Event: 1.725 Thread 0x000001bf7c297800 nmethod 1406 0x000001bf6009c590 code [0x000001bf6009c740, 0x000001bf6009c948]

GC Heap History (2 events):
Event: 0.984 GC heap before
{Heap before GC invocations=0 (full 0):
 garbage-first heap   total 520192K, used 24576K [0x0000000604c00000, 0x0000000800000000)
  region size 4096K, 6 young (24576K), 0 survivors (0K)
 Metaspace       used 8193K, committed 8320K, reserved 1114112K
  class space    used 902K, committed 960K, reserved 1048576K
}
Event: 0.987 GC heap after
{Heap after GC invocations=1 (full 0):
 garbage-first heap   total 520192K, used 4629K [0x0000000604c00000, 0x0000000800000000)
  region size 4096K, 1 young (4096K), 1 survivors (4096K)
 Metaspace       used 8193K, committed 8320K, reserved 1114112K
  class space    used 902K, committed 960K, reserved 1048576K
}

Dll operation events (16 events):
Event: 0.011 Loaded shared library C:\Users\w137087\.jdks\openjdk-21.0.2\bin\java.dll
Event: 0.039 Loaded shared library C:\Users\w137087\.jdks\openjdk-21.0.2\bin\jsvml.dll
Event: 0.116 Loaded shared library C:\Users\w137087\.jdks\openjdk-21.0.2\bin\zip.dll
Event: 0.120 Loaded shared library C:\Users\w137087\.jdks\openjdk-21.0.2\bin\instrument.dll
Event: 0.124 Loaded shared library C:\Users\w137087\.jdks\openjdk-21.0.2\bin\net.dll
Event: 0.126 Loaded shared library C:\Users\w137087\.jdks\openjdk-21.0.2\bin\nio.dll
Event: 0.129 Loaded shared library C:\Users\w137087\.jdks\openjdk-21.0.2\bin\zip.dll
Event: 0.176 Loaded shared library C:\Program Files\JetBrains\IntelliJ IDEA 2023.3.4\bin\breakgen64.dll
Event: 0.184 Loaded shared library C:\Users\w137087\.jdks\openjdk-21.0.2\bin\jimage.dll
Event: 0.184 Loaded shared library C:\Users\w137087\.jdks\openjdk-21.0.2\bin\extnet.dll
Event: 0.211 Loaded shared library C:\Users\w137087\.jdks\openjdk-21.0.2\bin\verify.dll
Event: 0.328 Loaded shared library C:\Users\w137087\.jdks\openjdk-21.0.2\bin\management.dll
Event: 0.331 Loaded shared library C:\Users\w137087\.jdks\openjdk-21.0.2\bin\management_ext.dll
Event: 0.496 Loaded shared library C:\Users\w137087\.jdks\openjdk-21.0.2\bin\sunmscapi.dll
Event: 0.579 Loaded shared library C:\Users\w137087\AppData\Local\Temp\libgdxw137087\515ef75a\gdx64.dll
Event: 0.598 Loaded shared library C:\Users\w137087\AppData\Local\Temp\libgdxw137087\1cecf4f6\lwjgl64.dll

Deoptimization events (20 events):
Event: 1.613 Thread 0x000001bf7cd5b6c0 Uncommon trap: trap_request=0xffffffde fr.pc=0x000001bf6794dde0 relative=0x00000000000004c0
Event: 1.613 Thread 0x000001bf7cd5b6c0 Uncommon trap: reason=class_check action=maybe_recompile pc=0x000001bf6794dde0 method=java.util.regex.Pattern$Start.match(Ljava/util/regex/Matcher;ILjava/lang/CharSequence;)Z @ 44 c2
Event: 1.613 Thread 0x000001bf7cd5b6c0 DEOPT PACKING pc=0x000001bf6794dde0 sp=0x00000068d68fef50
Event: 1.613 Thread 0x000001bf7cd5b6c0 DEOPT UNPACKING pc=0x000001bf67397da2 sp=0x00000068d68fef20 mode 2
Event: 1.659 Thread 0x000001bf7cd5b6c0 Uncommon trap: trap_request=0xffffffc6 fr.pc=0x000001bf6795bb60 relative=0x0000000000000300
Event: 1.659 Thread 0x000001bf7cd5b6c0 Uncommon trap: reason=bimorphic_or_optimized_type_check action=maybe_recompile pc=0x000001bf6795bb60 method=java.util.HashMap.getNode(Ljava/lang/Object;)Ljava/util/HashMap$Node; @ 128 c2
Event: 1.659 Thread 0x000001bf7cd5b6c0 DEOPT PACKING pc=0x000001bf6795bb60 sp=0x00000068d68fe850
Event: 1.659 Thread 0x000001bf7cd5b6c0 DEOPT UNPACKING pc=0x000001bf67397da2 sp=0x00000068d68fe7c8 mode 2
Event: 1.660 Thread 0x000001bf7cd5b6c0 Uncommon trap: trap_request=0xffffffde fr.pc=0x000001bf6794f708 relative=0x0000000000000768
Event: 1.660 Thread 0x000001bf7cd5b6c0 Uncommon trap: reason=class_check action=maybe_recompile pc=0x000001bf6794f708 method=java.util.regex.Pattern$Start.match(Ljava/util/regex/Matcher;ILjava/lang/CharSequence;)Z @ 44 c2
Event: 1.660 Thread 0x000001bf7cd5b6c0 DEOPT PACKING pc=0x000001bf6794f708 sp=0x00000068d68fef30
Event: 1.660 Thread 0x000001bf7cd5b6c0 DEOPT UNPACKING pc=0x000001bf67397da2 sp=0x00000068d68fee90 mode 2
Event: 1.660 Thread 0x000001bf7cd5b6c0 Uncommon trap: trap_request=0xffffffde fr.pc=0x000001bf6794f708 relative=0x0000000000000768
Event: 1.660 Thread 0x000001bf7cd5b6c0 Uncommon trap: reason=class_check action=maybe_recompile pc=0x000001bf6794f708 method=java.util.regex.Pattern$Start.match(Ljava/util/regex/Matcher;ILjava/lang/CharSequence;)Z @ 44 c2
Event: 1.660 Thread 0x000001bf7cd5b6c0 DEOPT PACKING pc=0x000001bf6794f708 sp=0x00000068d68fee30
Event: 1.660 Thread 0x000001bf7cd5b6c0 DEOPT UNPACKING pc=0x000001bf67397da2 sp=0x00000068d68fed90 mode 2
Event: 1.661 Thread 0x000001bf7cd5b6c0 Uncommon trap: trap_request=0xffffff45 fr.pc=0x000001bf6793b700 relative=0x00000000000003a0
Event: 1.661 Thread 0x000001bf7cd5b6c0 Uncommon trap: reason=unstable_if action=reinterpret pc=0x000001bf6793b700 method=java.lang.Integer.parseInt(Ljava/lang/String;I)I @ 119 c2
Event: 1.661 Thread 0x000001bf7cd5b6c0 DEOPT PACKING pc=0x000001bf6793b700 sp=0x00000068d68fef80
Event: 1.661 Thread 0x000001bf7cd5b6c0 DEOPT UNPACKING pc=0x000001bf67397da2 sp=0x00000068d68feee8 mode 2

Classes loaded (20 events):
Event: 4.545 Loading class jdk/internal/logger/AbstractLoggerWrapper
Event: 4.545 Loading class jdk/internal/logger/AbstractLoggerWrapper done
Event: 4.545 Loading class jdk/internal/logger/LazyLoggers$LazyLoggerWrapper done
Event: 4.545 Loading class jdk/internal/logger/LazyLoggers$JdkLazyLogger done
Event: 4.545 Loading class jdk/internal/logger/LazyLoggers$LazyLoggerAccessor
Event: 4.545 Loading class jdk/internal/logger/LazyLoggers$LoggerAccessor
Event: 4.545 Loading class jdk/internal/logger/LazyLoggers$LoggerAccessor done
Event: 4.546 Loading class jdk/internal/logger/LazyLoggers$LazyLoggerAccessor done
Event: 4.546 Loading class java/lang/System$Logger$Level
Event: 4.546 Loading class java/lang/System$Logger$Level done
Event: 4.546 Loading class jdk/internal/logger/SurrogateLogger
Event: 4.546 Loading class jdk/internal/logger/SimpleConsoleLogger
Event: 4.546 Loading class sun/util/logging/PlatformLogger$ConfigurableBridge$LoggerConfiguration
Event: 4.546 Loading class sun/util/logging/PlatformLogger$ConfigurableBridge$LoggerConfiguration done
Event: 4.546 Loading class jdk/internal/logger/SimpleConsoleLogger done
Event: 4.546 Loading class jdk/internal/logger/SurrogateLogger done
Event: 4.546 Loading class sun/util/logging/PlatformLogger
Event: 4.546 Loading class sun/util/logging/PlatformLogger done
Event: 4.546 Loading class sun/util/logging/PlatformLogger$Level
Event: 4.546 Loading class sun/util/logging/PlatformLogger$Level done

Classes unloaded (0 events):
No events

Classes redefined (0 events):
No events

Internal exceptions (20 events):
Event: 0.325 Thread 0x000001bf7c2838b0 Implicit null exception at 0x000001bf679199cc to 0x000001bf6791aa15
Event: 0.335 Thread 0x000001bf7c2838b0 Exception <a 'java/lang/NoSuchMethodError'{0x0000000623dba198}: 'int java.lang.invoke.DirectMethodHandle$Holder.invokeSpecial(java.lang.Object, java.lang.Object, java.lang.Object)'> (0x0000000623dba198) 
thrown [s\open\src\hotspot\share\interpreter\linkResolver.cpp, line 773]
Event: 0.337 Thread 0x000001bf7c2838b0 Exception <a 'java/lang/NoSuchMethodError'{0x0000000623dc8e30}: 'long java.lang.invoke.DirectMethodHandle$Holder.invokeInterface(java.lang.Object, java.lang.Object)'> (0x0000000623dc8e30) 
thrown [s\open\src\hotspot\share\interpreter\linkResolver.cpp, line 773]
Event: 0.337 Thread 0x000001bf7c2838b0 Exception <a 'java/lang/NoSuchMethodError'{0x0000000623dcd960}: 'long java.lang.invoke.DelegatingMethodHandle$Holder.reinvoke_L(java.lang.Object, java.lang.Object)'> (0x0000000623dcd960) 
thrown [s\open\src\hotspot\share\interpreter\linkResolver.cpp, line 773]
Event: 0.341 Thread 0x000001bf7c2838b0 Exception <a 'java/lang/NoSuchMethodError'{0x0000000623de01a0}: 'java.lang.Object java.lang.invoke.DirectMethodHandle$Holder.invokeStatic(java.lang.Object, int, java.lang.Object)'> (0x0000000623de01a0) 
thrown [s\open\src\hotspot\share\interpreter\linkResolver.cpp, line 773]
Event: 0.353 Thread 0x000001bf7c2838b0 Exception <a 'java/lang/NoSuchMethodError'{0x0000000623e4a698}: 'void java.lang.invoke.DirectMethodHandle$Holder.invokeStaticInit(java.lang.Object)'> (0x0000000623e4a698) 
thrown [s\open\src\hotspot\share\interpreter\linkResolver.cpp, line 773]
Event: 0.387 Thread 0x000001bf7c2838b0 Exception <a 'java/lang/NoSuchMethodError'{0x000000062387a1e8}: 'int java.lang.invoke.DirectMethodHandle$Holder.invokeSpecial(java.lang.Object, java.lang.Object, int)'> (0x000000062387a1e8) 
thrown [s\open\src\hotspot\share\interpreter\linkResolver.cpp, line 773]
Event: 0.423 Thread 0x000001bf7c2838b0 Exception <a 'java/lang/NoSuchMethodError'{0x0000000623acead0}: 'java.lang.Object java.lang.invoke.Invokers$Holder.invokeExact_MT(java.lang.Object, java.lang.Object, java.lang.Object, java.lang.Object, java.lang.Object, java.lang.Object)'> (0x0000000623acead0) 
thrown [s\open\src\hotspot\share\interpreter\linkResolver.cpp, line 773]
Event: 0.441 Thread 0x000001bf7c2838b0 Exception <a 'java/lang/NoSuchMethodError'{0x0000000623b94078}: 'int java.lang.invoke.DirectMethodHandle$Holder.invokeInterface(java.lang.Object, java.lang.Object)'> (0x0000000623b94078) 
thrown [s\open\src\hotspot\share\interpreter\linkResolver.cpp, line 773]
Event: 0.463 Thread 0x000001bf7c2838b0 Exception <a 'java/lang/NoSuchMethodError'{0x0000000623703730}: 'java.lang.Object java.lang.invoke.DirectMethodHandle$Holder.invokeStaticInit(java.lang.Object, int, int, int, int)'> (0x0000000623703730) 
thrown [s\open\src\hotspot\share\interpreter\linkResolver.cpp, line 773]
Event: 0.475 Thread 0x000001bf7c2838b0 Exception <a 'java/lang/NoSuchMethodError'{0x00000006237f1c28}: 'int java.lang.invoke.DirectMethodHandle$Holder.invokeStaticInit(java.lang.Object, java.lang.Object)'> (0x00000006237f1c28) 
thrown [s\open\src\hotspot\share\interpreter\linkResolver.cpp, line 773]
Event: 0.475 Thread 0x000001bf7c2838b0 Exception <a 'java/lang/NoSuchMethodError'{0x00000006237f7178}: 'void java.lang.invoke.DirectMethodHandle$Holder.invokeStaticInit(java.lang.Object, java.lang.Object, java.lang.Object)'> (0x00000006237f7178) 
thrown [s\open\src\hotspot\share\interpreter\linkResolver.cpp, line 773]
Event: 0.483 Thread 0x000001bf7c2838b0 Exception <a 'java/lang/NoSuchMethodError'{0x0000000623039cd0}: 'void java.lang.invoke.DirectMethodHandle$Holder.invokeInterface(java.lang.Object, java.lang.Object, java.lang.Object)'> (0x0000000623039cd0) 
thrown [s\open\src\hotspot\share\interpreter\linkResolver.cpp, line 773]
Event: 0.539 Thread 0x000001bf7c2838b0 Exception <a 'java/lang/NoSuchMethodError'{0x00000006231d6da0}: 'java.lang.Object java.lang.invoke.DirectMethodHandle$Holder.invokeStaticInit(java.lang.Object, java.lang.Object, int, int, int, int)'> (0x00000006231d6da0) 
thrown [s\open\src\hotspot\share\interpreter\linkResolver.cpp, line 773]
Event: 0.545 Thread 0x000001bf7c2838b0 Exception <a 'java/lang/NoSuchMethodError'{0x00000006231dfbd8}: 'void java.lang.invoke.DirectMethodHandle$Holder.invokeInterface(java.lang.Object, java.lang.Object)'> (0x00000006231dfbd8) 
thrown [s\open\src\hotspot\share\interpreter\linkResolver.cpp, line 773]
Event: 0.581 Thread 0x000001bf55ffc860 Exception <a 'java/lang/NoSuchMethodError'{0x0000000623321bb8}: 'int java.lang.invoke.DirectMethodHandle$Holder.invokeVirtual(java.lang.Object, java.lang.Object)'> (0x0000000623321bb8) 
thrown [s\open\src\hotspot\share\interpreter\linkResolver.cpp, line 773]
Event: 0.599 Thread 0x000001bf55ffc860 Exception <a 'java/lang/NoSuchMethodError'{0x00000006233991d0}: 'java.lang.Object java.lang.invoke.DirectMethodHandle$Holder.invokeInterface(java.lang.Object, java.lang.Object)'> (0x00000006233991d0) 
thrown [s\open\src\hotspot\share\interpreter\linkResolver.cpp, line 773]
Event: 0.600 Thread 0x000001bf55ffc860 Exception <a 'java/lang/IncompatibleClassChangeError'{0x000000062339c6e8}: Found class java.lang.Object, but interface was expected> (0x000000062339c6e8) 
thrown [s\open\src\hotspot\share\interpreter\linkResolver.cpp, line 840]
Event: 1.330 Thread 0x000001bf55ffc860 Exception <a 'java/lang/NoSuchMethodError'{0x0000000624542be8}: 'int java.lang.invoke.Invokers$Holder.invokeExact_MT(java.lang.Object, java.lang.Object)'> (0x0000000624542be8) 
thrown [s\open\src\hotspot\share\interpreter\linkResolver.cpp, line 773]
Event: 1.681 Thread 0x000001bf7cd5b6c0 Exception <a 'java/lang/NoSuchMethodError'{0x00000006242623e0}: 'java.lang.String main.java.Game.getNbLivingPlayers()'> (0x00000006242623e0) 
thrown [s\open\src\hotspot\share\interpreter\linkResolver.cpp, line 773]

ZGC Phase Switch (0 events):
No events

VM Operations (20 events):
Event: 0.285 Executing VM operation: HandshakeAllThreads (Deoptimize) done
Event: 0.285 Executing VM operation: HandshakeAllThreads (Deoptimize)
Event: 0.285 Executing VM operation: HandshakeAllThreads (Deoptimize) done
Event: 0.294 Executing VM operation: HandshakeAllThreads (Deoptimize)
Event: 0.294 Executing VM operation: HandshakeAllThreads (Deoptimize) done
Event: 0.362 Executing VM operation: HandshakeAllThreads (Deoptimize)
Event: 0.362 Executing VM operation: HandshakeAllThreads (Deoptimize) done
Event: 0.385 Executing VM operation: HandshakeAllThreads (Deoptimize)
Event: 0.385 Executing VM operation: HandshakeAllThreads (Deoptimize) done
Event: 0.445 Executing VM operation: HandshakeAllThreads (Deoptimize)
Event: 0.445 Executing VM operation: HandshakeAllThreads (Deoptimize) done
Event: 0.473 Executing VM operation: ICBufferFull
Event: 0.473 Executing VM operation: ICBufferFull done
Event: 0.505 Executing VM operation: HandshakeAllThreads (Deoptimize)
Event: 0.505 Executing VM operation: HandshakeAllThreads (Deoptimize) done
Event: 0.984 Executing VM operation: G1CollectForAllocation (G1 Evacuation Pause)
Event: 0.988 Executing VM operation: G1CollectForAllocation (G1 Evacuation Pause) done
Event: 1.991 Executing VM operation: Cleanup
Event: 1.991 Executing VM operation: Cleanup done
Event: 4.561 Executing VM operation: Exit

Events (20 events):
Event: 0.442 Thread 0x000001bf7c2852f0 Thread added: 0x000001bf7c2852f0
Event: 0.442 Thread 0x000001bf7c285980 Thread added: 0x000001bf7c285980
Event: 0.442 Thread 0x000001bf7c286010 Thread added: 0x000001bf7c286010
Event: 0.442 Thread 0x000001bf7c2866a0 Thread added: 0x000001bf7c2866a0
Event: 0.442 Thread 0x000001bf7cd540a0 Thread added: 0x000001bf7cd540a0
Event: 0.442 Thread 0x000001bf7cd56800 Thread added: 0x000001bf7cd56800
Event: 0.442 Thread 0x000001bf7cd5a310 Thread added: 0x000001bf7cd5a310
Event: 0.442 Thread 0x000001bf7cd58f60 Thread added: 0x000001bf7cd58f60
Event: 0.467 Thread 0x000001bf7cd595f0 Thread added: 0x000001bf7cd595f0
Event: 0.983 Thread 0x000001bf7c299a10 Thread exited: 0x000001bf7c299a10
Event: 0.988 Thread 0x000001bf7c298c70 Thread added: 0x000001bf7c298c70
Event: 1.329 Thread 0x000001bf7c298c70 Thread exited: 0x000001bf7c298c70
Event: 1.340 Thread 0x000001bf7cd5b6c0 Thread added: 0x000001bf7cd5b6c0
Event: 1.340 Thread 0x000001bf55ffc860 Thread exited: 0x000001bf55ffc860
Event: 1.340 Thread 0x000001bf7cd5a9a0 Thread added: 0x000001bf7cd5a9a0
Event: 1.725 Thread 0x000001bf7cd5b6c0 Thread exited: 0x000001bf7cd5b6c0
Event: 4.544 Thread 0x000001bf7cd57520 Thread added: 0x000001bf7cd57520
Event: 4.546 Thread 0x000001bf7cd5b030 Thread added: 0x000001bf7cd5b030
Event: 4.560 Thread 0x000001bf7cd5b030 Thread exited: 0x000001bf7cd5b030
Event: 4.561 Thread 0x000001bf798fdaf0 Thread exited: 0x000001bf798fdaf0


Dynamic libraries:
0x00007ff646e80000 - 0x00007ff646e8e000 	C:\Users\w137087\.jdks\openjdk-21.0.2\bin\java.exe
0x00007ffa26410000 - 0x00007ffa26608000 	C:\Windows\SYSTEM32\ntdll.dll
0x00007ffa25270000 - 0x00007ffa2532d000 	C:\Windows\System32\KERNEL32.DLL
0x00007ffa23ec0000 - 0x00007ffa241b6000 	C:\Windows\System32\KERNELBASE.dll
0x00007ffa24bf0000 - 0x00007ffa24ca0000 	C:\Windows\System32\ADVAPI32.DLL
0x00007ffa257c0000 - 0x00007ffa2585e000 	C:\Windows\System32\msvcrt.dll
0x00007ffa24440000 - 0x00007ffa244e0000 	C:\Windows\System32\sechost.dll
0x00007ffa245a0000 - 0x00007ffa246c5000 	C:\Windows\System32\RPCRT4.dll
0x00007ffa24240000 - 0x00007ffa24267000 	C:\Windows\System32\bcrypt.dll
0x00007ff9c0660000 - 0x00007ff9c06a3000 	C:\ProgramData\FastTrack Software\Admin By Request\ShellHelper64.dll
0x00007ffa24e20000 - 0x00007ffa24e75000 	C:\Windows\System32\SHLWAPI.dll
0x00007ffa25860000 - 0x00007ffa259fe000 	C:\Windows\System32\USER32.dll
0x00007ffa241c0000 - 0x00007ffa241e2000 	C:\Windows\System32\win32u.dll
0x00007ffa16ca0000 - 0x00007ffa16caa000 	C:\Windows\SYSTEM32\VERSION.dll
0x00007ffa24750000 - 0x00007ffa2477b000 	C:\Windows\System32\GDI32.dll
0x00007ffa23ac0000 - 0x00007ffa23bd7000 	C:\Windows\System32\gdi32full.dll
0x00007ffa23c90000 - 0x00007ffa23d2d000 	C:\Windows\System32\msvcp_win.dll
0x00007ffa23d30000 - 0x00007ffa23e30000 	C:\Windows\System32\ucrtbase.dll
0x00007ffa25a00000 - 0x00007ffa2616b000 	C:\Windows\System32\SHELL32.dll
0x00007ffa055e0000 - 0x00007ffa055f8000 	C:\Users\w137087\.jdks\openjdk-21.0.2\bin\jli.dll
0x00007ffa04870000 - 0x00007ffa0488b000 	C:\Users\w137087\.jdks\openjdk-21.0.2\bin\VCRUNTIME140.dll
0x00007ffa0a430000 - 0x00007ffa0a6ca000 	C:\Windows\WinSxS\amd64_microsoft.windows.common-controls_6595b64144ccf1df_6.0.19041.3636_none_60b6a03d71f818d5\COMCTL32.dll
0x00007ffa24d10000 - 0x00007ffa24d42000 	C:\Windows\System32\IMM32.DLL
0x00007ffa188b0000 - 0x00007ffa188bc000 	C:\Users\w137087\.jdks\openjdk-21.0.2\bin\vcruntime140_1.dll
0x00007ff9e23c0000 - 0x00007ff9e244e000 	C:\Users\w137087\.jdks\openjdk-21.0.2\bin\msvcp140.dll
0x00007ff969e30000 - 0x00007ff96ab47000 	C:\Users\w137087\.jdks\openjdk-21.0.2\bin\server\jvm.dll
0x00007ffa25530000 - 0x00007ffa2559b000 	C:\Windows\System32\WS2_32.dll
0x00007ff9ffb30000 - 0x00007ff9ffb57000 	C:\Windows\SYSTEM32\WINMM.dll
0x00007ffa22fe0000 - 0x00007ffa2302b000 	C:\Windows\SYSTEM32\POWRPROF.dll
0x00007ffa22e90000 - 0x00007ffa22ea2000 	C:\Windows\SYSTEM32\UMPDC.dll
0x00007ffa21ff0000 - 0x00007ffa22002000 	C:\Windows\SYSTEM32\kernel.appcore.dll
0x00007ffa09400000 - 0x00007ffa0940a000 	C:\Users\w137087\.jdks\openjdk-21.0.2\bin\jimage.dll
0x00007ffa21cc0000 - 0x00007ffa21ea4000 	C:\Windows\SYSTEM32\DBGHELP.DLL
0x00007ffa06430000 - 0x00007ffa06464000 	C:\Windows\SYSTEM32\dbgcore.DLL
0x00007ffa23e30000 - 0x00007ffa23eb2000 	C:\Windows\System32\bcryptPrimitives.dll
0x00007ffa05660000 - 0x00007ffa0566f000 	C:\Users\w137087\.jdks\openjdk-21.0.2\bin\instrument.dll
0x00007ffa02b70000 - 0x00007ffa02b8f000 	C:\Users\w137087\.jdks\openjdk-21.0.2\bin\java.dll
0x00007ffa21520000 - 0x00007ffa21cbe000 	C:\Windows\SYSTEM32\windows.storage.dll
0x00007ffa24e90000 - 0x00007ffa251e3000 	C:\Windows\System32\combase.dll
0x00007ffa23400000 - 0x00007ffa2342e000 	C:\Windows\SYSTEM32\Wldp.dll
0x00007ffa24d50000 - 0x00007ffa24e1d000 	C:\Windows\System32\OLEAUT32.dll
0x00007ffa244e0000 - 0x00007ffa2458d000 	C:\Windows\System32\SHCORE.dll
0x00007ffa239f0000 - 0x00007ffa23a15000 	C:\Windows\SYSTEM32\profapi.dll
0x00007ff9ef6c0000 - 0x00007ff9ef797000 	C:\Users\w137087\.jdks\openjdk-21.0.2\bin\jsvml.dll
0x00007ffa01690000 - 0x00007ffa016a8000 	C:\Users\w137087\.jdks\openjdk-21.0.2\bin\zip.dll
0x00007ffa093e0000 - 0x00007ffa093f0000 	C:\Users\w137087\.jdks\openjdk-21.0.2\bin\net.dll
0x00007ffa22a50000 - 0x00007ffa22b5a000 	C:\Windows\SYSTEM32\WINHTTP.dll
0x00007ffa231f0000 - 0x00007ffa2325a000 	C:\Windows\system32\mswsock.dll
0x00007ffa02b20000 - 0x00007ffa02b36000 	C:\Users\w137087\.jdks\openjdk-21.0.2\bin\nio.dll
0x00007ffa02e30000 - 0x00007ffa02e4a000 	C:\Program Files\JetBrains\IntelliJ IDEA 2023.3.4\bin\breakgen64.dll
0x00007ffa047e0000 - 0x00007ffa047e9000 	C:\Users\w137087\.jdks\openjdk-21.0.2\bin\extnet.dll
0x00007ffa02e50000 - 0x00007ffa02e60000 	C:\Users\w137087\.jdks\openjdk-21.0.2\bin\verify.dll
0x00007ffa05650000 - 0x00007ffa0565a000 	C:\Users\w137087\.jdks\openjdk-21.0.2\bin\management.dll
0x00007ffa02dd0000 - 0x00007ffa02ddb000 	C:\Users\w137087\.jdks\openjdk-21.0.2\bin\management_ext.dll
0x00007ffa24590000 - 0x00007ffa24598000 	C:\Windows\System32\PSAPI.DLL
0x00007ffa02da0000 - 0x00007ffa02dae000 	C:\Users\w137087\.jdks\openjdk-21.0.2\bin\sunmscapi.dll
0x00007ffa242e0000 - 0x00007ffa2443d000 	C:\Windows\System32\CRYPT32.dll
0x00007ffa23560000 - 0x00007ffa23588000 	C:\Windows\SYSTEM32\ncrypt.dll
0x00007ffa23520000 - 0x00007ffa2355b000 	C:\Windows\SYSTEM32\NTASN1.dll
0x00007ffa1bf50000 - 0x00007ffa1bf57000 	C:\Windows\system32\wshunix.dll
0x00007ffa23450000 - 0x00007ffa23468000 	C:\Windows\SYSTEM32\CRYPTSP.dll
0x00007ffa229c0000 - 0x00007ffa229f4000 	C:\Windows\system32\rsaenh.dll
0x00007ffa23970000 - 0x00007ffa2399e000 	C:\Windows\SYSTEM32\USERENV.dll
0x00007ffa23430000 - 0x00007ffa2343c000 	C:\Windows\SYSTEM32\CRYPTBASE.dll
0x00007ffa22eb0000 - 0x00007ffa22eeb000 	C:\Windows\SYSTEM32\IPHLPAPI.DLL
0x00007ffa24e80000 - 0x00007ffa24e88000 	C:\Windows\System32\NSI.dll
0x0000000065ac0000 - 0x0000000065aec000 	C:\Users\w137087\AppData\Local\Temp\libgdxw137087\515ef75a\gdx64.dll
0x0000000180000000 - 0x0000000180053000 	C:\Users\w137087\AppData\Local\Temp\libgdxw137087\1cecf4f6\lwjgl64.dll
0x00007ff9e53b0000 - 0x00007ff9e54d5000 	C:\Windows\SYSTEM32\OPENGL32.dll
0x00007ff9e5590000 - 0x00007ff9e55bc000 	C:\Windows\SYSTEM32\GLU32.dll
0x000001bf7e440000 - 0x000001bf7e4a4000 	C:\Users\w137087\AppData\Local\Temp\libgdxw137087\1cecf4f6\OpenAL64.dll
0x00007ffa25630000 - 0x00007ffa2575b000 	C:\Windows\System32\ole32.dll
0x00007ffa207e0000 - 0x00007ffa2087e000 	C:\Windows\system32\uxtheme.dll
0x00007ffa26170000 - 0x00007ffa26219000 	C:\Windows\System32\clbcatq.dll
0x00007ff9e28a0000 - 0x00007ff9e293c000 	C:\Windows\SYSTEM32\dsound.dll
0x00007ff9fccb0000 - 0x00007ff9fccd6000 	C:\Windows\SYSTEM32\winmmbase.dll
0x00007ffa19780000 - 0x00007ffa19805000 	C:\Windows\System32\MMDevApi.dll
0x00007ffa23850000 - 0x00007ffa23883000 	C:\Windows\System32\DEVOBJ.dll
0x00007ffa241f0000 - 0x00007ffa2423e000 	C:\Windows\System32\cfgmgr32.dll
0x00007ffa19810000 - 0x00007ffa19992000 	C:\Windows\SYSTEM32\AUDIOSES.DLL
0x00007ffa20ea0000 - 0x00007ffa20eb4000 	C:\Windows\SYSTEM32\resourcepolicyclient.dll
0x00007ffa1aa80000 - 0x00007ffa1ab2e000 	C:\Windows\SYSTEM32\mscms.dll
0x00007ffa1aa30000 - 0x00007ffa1aa41000 	C:\Windows\SYSTEM32\ColorAdapterClient.dll
0x00007ffa105b0000 - 0x00007ffa105f3000 	C:\Windows\System32\Windows.Internal.Graphics.Display.DisplayColorManagement.dll
0x00007ffa25410000 - 0x00007ffa25525000 	C:\Windows\System32\MSCTF.dll
0x00007ffa08c00000 - 0x00007ffa08cf9000 	C:\Windows\SYSTEM32\textinputframework.dll
0x00007ffa20460000 - 0x00007ffa20552000 	C:\Windows\System32\CoreMessaging.dll
0x00007ffa1fd80000 - 0x00007ffa200db000 	C:\Windows\System32\CoreUIComponents.dll
0x00007ffa22c10000 - 0x00007ffa22c43000 	C:\Windows\SYSTEM32\ntmarta.dll
0x00007ffa1eda0000 - 0x00007ffa1eef5000 	C:\Windows\SYSTEM32\wintypes.dll
0x00007ffa18350000 - 0x00007ffa18453000 	C:\Windows\System32\AppXDeploymentClient.dll
0x00007ff95b760000 - 0x00007ff95c766000 	C:\Windows\System32\DriverStore\FileRepository\iigd_dch.inf_amd64_bd06817067e305f4\igxelpicd64.dll
0x00007ffa20e70000 - 0x00007ffa20e9f000 	C:\Windows\system32\dwmapi.dll
0x00007ffa22010000 - 0x00007ffa22103000 	C:\Windows\system32\dxgi.dll
0x00007ff970cd0000 - 0x00007ff97116e000 	C:\Windows\System32\DriverStore\FileRepository\iigd_dch.inf_amd64_bd06817067e305f4\igdml64.dll
0x00007ffa0e000000 - 0x00007ffa0e3c1000 	C:\Windows\System32\DriverStore\FileRepository\iigd_dch.inf_amd64_bd06817067e305f4\igdgmm64.dll
0x00007ff9ef9b0000 - 0x00007ff9ef9f3000 	C:\Windows\SYSTEM32\icm32.dll
0x00007ffa0abe0000 - 0x00007ffa0de40000 	C:\Windows\System32\DriverStore\FileRepository\iigd_dch.inf_amd64_bd06817067e305f4\igc64.dll

dbghelp: loaded successfully - version: 4.0.5 - missing functions: none
symbol engine: initialized successfully - sym options: 0x614 - pdb path: .;C:\Users\w137087\.jdks\openjdk-21.0.2\bin;C:\Windows\SYSTEM32;C:\ProgramData\FastTrack Software\Admin By Request;C:\Windows\WinSxS\amd64_microsoft.windows.common-controls_6595b64144ccf1df_6.0.19041.3636_none_60b6a03d71f818d5;C:\Users\w137087\.jdks\openjdk-21.0.2\bin\server;C:\Program Files\JetBrains\IntelliJ IDEA 2023.3.4\bin;C:\Users\w137087\AppData\Local\Temp\libgdxw137087\515ef75a;C:\Users\w137087\AppData\Local\Temp\libgdxw137087\1cecf4f6;C:\Windows\System32\DriverStore\FileRepository\iigd_dch.inf_amd64_bd06817067e305f4

VM Arguments:
jvm_args: -javaagent:C:\Program Files\JetBrains\IntelliJ IDEA 2023.3.4\lib\idea_rt.jar=53710:C:\Program Files\JetBrains\IntelliJ IDEA 2023.3.4\bin -Dfile.encoding=UTF-8 -Dsun.stdout.encoding=UTF-8 -Dsun.stderr.encoding=UTF-8 
java_command: main.java.GameServer
java_class_path (initial): C:\Users\w137087\IdeaProjects\JeuServeur\target\classes;C:\Users\w137087\.m2\repository\com\sparkjava\spark-core\2.9.3\spark-core-2.9.3.jar;C:\Users\w137087\.m2\repository\org\slf4j\slf4j-api\1.7.25\slf4j-api-1.7.25.jar;C:\Users\w137087\.m2\repository\org\eclipse\jetty\jetty-server\9.4.31.v20200723\jetty-server-9.4.31.v20200723.jar;C:\Users\w137087\.m2\repository\javax\servlet\javax.servlet-api\3.1.0\javax.servlet-api-3.1.0.jar;C:\Users\w137087\.m2\repository\org\eclipse\jetty\jetty-http\9.4.31.v20200723\jetty-http-9.4.31.v20200723.jar;C:\Users\w137087\.m2\repository\org\eclipse\jetty\jetty-util\9.4.31.v20200723\jetty-util-9.4.31.v20200723.jar;C:\Users\w137087\.m2\repository\org\eclipse\jetty\jetty-io\9.4.31.v20200723\jetty-io-9.4.31.v20200723.jar;C:\Users\w137087\.m2\repository\org\eclipse\jetty\jetty-webapp\9.4.31.v20200723\jetty-webapp-9.4.31.v20200723.jar;C:\Users\w137087\.m2\repository\org\eclipse\jetty\jetty-xml\9.4.31.v20200723\jetty-xml-9.4.31.v20200723.jar;C:\Users\w137087\.m2\repository\org\eclipse\jetty\jetty-servlet\9.4.31.v20200723\jetty-servlet-9.4.31.v20200723.jar;C:\Users\w137087\.m2\repository\org\eclipse\jetty\jetty-security\9.4.31.v20200723\jetty-security-9.4.31.v20200723.jar;C:\Users\w137087\.m2\repository\org\eclipse\jetty\websocket\websocket-server\9.4.31.v20200723\websocket-server-9.4.31.v20200723.jar;C:\Users\w137087\.m2\repository\org\eclipse\jetty\websocket\websocket-common\9.4.31.v20200723\websocket-common-9.4.31.v20200723.jar;C:\Users\w137087\.m2\repository\org\eclipse\jetty\websocket\websocket-client\9.4.31.v20200723\websocket-client-9.4.31.v20200723.jar;C:\Users\w137087\.m2\repository\org\eclipse\jetty\jetty-client\9.4.31.v20200723\jetty-client-9.4.31.v20200723.jar;C:\Users\w137087\.m2\repository\org\eclipse\jetty\websocket\websocket-servlet\9.4.31.v20200723\websocket-servlet-9.4.31.v20200723.jar;C:\Users\w137087\.m2\repository\org\eclipse\jetty\websocket\websocket-api\9.4.31.v20200723\websocket-api-9.4.31.v20200723.jar;C:\Users\w137087\.m2\repository\com\google\code\gson\gson\2.8.9\gson-2.8.9.jar;C:\Users\w137087\.m2\repository\ch\qos\logback\logback-classic\1.2.6\logback-classic-1.2.6.jar;C:\Users\w137087\.m2\repository\ch\qos\logback\logback-core\1.2.6\logback-core-1.2.6.jar;C:\Users\w137087\.m2\repository\org\json\json\20210307\json-20210307.jar;C:\Users\w137087\.m2\repository\com\badlogicgames\gdx\gdx\1.9.12\gdx-1.9.12.jar;C:\Users\w137087\.m2\repository\com\badlogicgames\gdx\gdx-backend-lwjgl\1.9.12\gdx-backend-lwjgl-1.9.12.jar;C:\Users\w137087\.m2\repository\org\lwjgl\lwjgl\lwjgl\2.9.3\lwjgl-2.9.3.jar;C:\Users\w137087\.m2\repository\org\lwjgl\lwjgl\lwjgl-platform\2.9.3\lwjgl-platform-2.9.3-natives-windows.jar;C:\Users\w137087\.m2\repository\org\lwjgl\lwjgl\lwjgl-platform\2.9.3\lwjgl-platform-2.9.3-natives-linux.jar;C:\Users\w137087\.m2\repository\org\lwjgl\lwjgl\lwjgl-platform\2.9.3\lwjgl-platform-2.9.3-natives-osx.jar;C:\Users\w137087\.m2\repository\net\java\jinput\jinput\2.0.5\jinput-2.0.5.jar;C:\Users\w137087\.m2\repository\net\java\jutils\jutils\1.0.0\jutils-1.0.0.jar;C:\Users\w137087\.m2\repository\net\java\jinput\jinput-platform\2.0.5\jinput-platform-2.0.5-natives-linux.jar;C:\Users\w137087\.m2\repository\net\java\jinput\jinput-platform\2.0.5\jinput-platform-2.0.5-natives-windows.jar;C:\Users\w137087\.m2\repository\net\java\jinput\jinput-platform\2.0.5\jinput-platform-2.0.5-natives-osx.jar;C:\Users\w137087\.m2\repository\org\lwjgl\lwjgl\lwjgl_util\2.9.3\lwjgl_util-2.9.3.jar;C:\Users\w137087\.m2\repository\com\badlogicgames\jlayer\jlayer\1.0.1-gdx\jlayer-1.0.1-gdx.jar;C:\Users\w137087\.m2\repository\org\jcraft\jorbis\0.0.17\jorbis-0.0.17.jar;C:\Users\w137087\.m2\repository\com\badlogicgames\gdx\gdx-platform\1.9.11\gdx-platform-1.9.11-natives-desktop.jar
Launcher Type: SUN_STANDARD

[Global flags]
     intx CICompilerCount                          = 4                                         {product} {ergonomic}
     uint ConcGCThreads                            = 2                                         {product} {ergonomic}
     uint G1ConcRefinementThreads                  = 8                                         {product} {ergonomic}
   size_t G1HeapRegionSize                         = 4194304                                   {product} {ergonomic}
    uintx GCDrainStackTargetSize                   = 64                                        {product} {ergonomic}
   size_t InitialHeapSize                          = 532676608                                 {product} {ergonomic}
   size_t MarkStackSize                            = 4194304                                   {product} {ergonomic}
   size_t MaxHeapSize                              = 8510242816                                {product} {ergonomic}
   size_t MaxNewSize                               = 5104467968                                {product} {ergonomic}
   size_t MinHeapDeltaBytes                        = 4194304                                   {product} {ergonomic}
   size_t MinHeapSize                              = 8388608                                   {product} {ergonomic}
    uintx NonNMethodCodeHeapSize                   = 5839372                                {pd product} {ergonomic}
    uintx NonProfiledCodeHeapSize                  = 122909434                              {pd product} {ergonomic}
    uintx ProfiledCodeHeapSize                     = 122909434                              {pd product} {ergonomic}
    uintx ReservedCodeCacheSize                    = 251658240                              {pd product} {ergonomic}
     bool SegmentedCodeCache                       = true                                      {product} {ergonomic}
   size_t SoftMaxHeapSize                          = 8510242816                             {manageable} {ergonomic}
     bool UseCompressedOops                        = true                           {product lp64_product} {ergonomic}
     bool UseG1GC                                  = true                                      {product} {ergonomic}
     bool UseLargePagesIndividualAllocation        = false                                  {pd product} {ergonomic}

Logging:
Log output configuration:
 #0: stdout all=off uptime,level,tags foldmultilines=false
 #1: stderr all=off uptime,level,tags foldmultilines=false

Environment Variables:
PATH=C:\Python312\Scripts\;C:\Python312\;C:\Windows\system32;C:\Windows;C:\Windows\System32\Wbem;C:\Windows\System32\WindowsPowerShell\v1.0\;C:\Windows\System32\OpenSSH\;C:\Program Files\PuTTY\;C:\Program Files\nodejs\;C:\ProgramData\chocolatey\bin;C:\Program Files\JetBrains\IntelliJ IDEA Community Edition 2021.1.3\bin;C:\Program Files\Microsoft VS Code\bin;C:\Program Files\Docker\Docker\resources\bin;C:\Program Files\Git\cmd;C:\Program Files\OpenSSL\bin;C:\Users\w137087\AppData\Local\Microsoft\WindowsApps;C:\Users\w137087\AppData\Roaming\npm;C:\Users\w137087\AppData\Local\Google\Cloud SDK\google-cloud-sdk\bin
USERNAME=w137087
OS=Windows_NT
PROCESSOR_IDENTIFIER=Intel64 Family 6 Model 140 Stepping 1, GenuineIntel
TMP=C:\Users\w137087\AppData\Local\Temp
TEMP=C:\Users\w137087\AppData\Local\Temp




Periodic native trim disabled

---------------  S Y S T E M  ---------------

OS:
 Windows 10 , 64 bit Build 19041 (10.0.19041.3636)
OS uptime: 3 days 21:11 hours
Hyper-V role detected

CPU: total 8 (initial active 8) (4 cores per cpu, 2 threads per core) family 6 model 140 stepping 1 microcode 0xac, cx8, cmov, fxsr, ht, mmx, 3dnowpref, sse, sse2, sse3, ssse3, sse4.1, sse4.2, popcnt, lzcnt, tsc, tscinvbit, avx, avx2, aes, erms, clmul, bmi1, bmi2, adx, avx512f, avx512dq, avx512cd, avx512bw, avx512vl, sha, fma, vzeroupper, avx512_vpopcntdq, avx512_vpclmulqdq, avx512_vaes, avx512_vnni, clflush, clflushopt, clwb, avx512_vbmi2, avx512_vbmi, hv, rdtscp, rdpid, fsrm, gfni, avx512_bitalg, f16c, cet_ibt, cet_ss, avx512_ifma
Processor Information for all 8 processors :
  Max Mhz: 2803, Current Mhz: 2803, Mhz Limit: 2803

Memory: 4k page, system-wide physical 32448M (5390M free)
TotalPageFile size 46272M (AvailPageFile size 5940M)
current process WorkingSet (physical memory assigned to process): 183M, peak: 187M
current process commit charge ("private bytes"): 663M, peak: 664M

vm_info: OpenJDK 64-Bit Server VM (21.0.2+13-58) for windows-amd64 JRE (21.0.2+13-58), built on 2024-01-05T18:32:24Z by "mach5one" with MS VC++ 17.1 (VS2022)

END.
