#
# A fatal error has been detected by the Java Runtime Environment:
#
#  EXCEPTION_ACCESS_VIOLATION (0xc0000005) at pc=0x00007ff93948d1cc, pid=16484, tid=40692
#
# JRE version: OpenJDK Runtime Environment (21.0.2+13) (build 21.0.2+13-58)
# Java VM: OpenJDK 64-Bit Server VM (21.0.2+13-58, mixed mode, sharing, tiered, compressed oops, compressed class ptrs, g1 gc, windows-amd64)
# Problematic frame:
# C  [igxelpicd64.dll+0x30d1cc]
#
# No core dump will be written. Minidumps are not enabled by default on client versions of Windows
#
# If you would like to submit a bug report, please visit:
#   https://bugreport.java.com/bugreport/crash.jsp
#

---------------  S U M M A R Y ------------

Command Line: -javaagent:C:\Program Files\JetBrains\IntelliJ IDEA 2023.3.4\lib\idea_rt.jar=57245:C:\Program Files\JetBrains\IntelliJ IDEA 2023.3.4\bin -Dfile.encoding=UTF-8 -Dsun.stdout.encoding=UTF-8 -Dsun.stderr.encoding=UTF-8 main.java.GameServer

Host: 11th Gen Intel(R) Core(TM) i7-1165G7 @ 2.80GHz, 8 cores, 31G,  Windows 10 , 64 bit Build 19041 (10.0.19041.3636)
Time: Thu Apr  4 19:51:07 2024 W. Europe Summer Time elapsed time: 12.266791 seconds (0d 0h 0m 12s)

---------------  T H R E A D  ---------------

Current thread (0x000002065195b250):  VMThread "VM Thread"          [id=40692, stack(0x0000004118900000,0x0000004118a00000) (1024K)]

Stack: [0x0000004118900000,0x0000004118a00000],  sp=0x00000041189fe800,  free space=1018k
Native frames: (J=compiled Java code, j=interpreted, Vv=VM code, C=native code)
C  [igxelpicd64.dll+0x30d1cc]


siginfo: EXCEPTION_ACCESS_VIOLATION (0xc0000005), reading address 0x00000000000356f8


Registers:
RAX=0x0000020697fa8230, RBX=0x0000020697cbebb0, RCX=0x0000000000000000, RDX=0x0000000000000000
RSP=0x00000041189fe800, RBP=0x0000000000000016, RSI=0x0000020697e71290, RDI=0x0000000000000000
R8 =0x0000000000000014, R9 =0x0000000000000000, R10=0x0000000000000000, R11=0x0000000000000246
R12=0x0000020697fa86f8, R13=0x0000000000000000, R14=0x0000020697fa8130, R15=0x0000000000000000
RIP=0x00007ff93948d1cc, EFLAGS=0x0000000000010206


Register to memory mapping:

RAX=0x0000020697fa8230 points into unknown readable memory: 0x0000000000000038 | 38 00 00 00 00 00 00 00
RBX=0x0000020697cbebb0 points into unknown readable memory: 0xffffffffffffffff | ff ff ff ff ff ff ff ff
RCX=0x0 is null
RDX=0x0 is null
RSP=0x00000041189fe800 points into unknown readable memory: 0x0000020697cbebb0 | b0 eb cb 97 06 02 00 00
RBP=0x0000000000000016 is an unknown value
RSI=0x0000020697e71290 points into unknown readable memory: 0x000002062bb20100 | 00 01 b2 2b 06 02 00 00
RDI=0x0 is null
R8 =0x0000000000000014 is an unknown value
R9 =0x0 is null
R10=0x0 is null
R11=0x0000000000000246 is an unknown value
R12=0x0000020697fa86f8 points into unknown readable memory: 0x0000000000000000 | 00 00 00 00 00 00 00 00
R13=0x0 is null
R14=0x0000020697fa8130 points into unknown readable memory: 0x0000020697b65bf0 | f0 5b b6 97 06 02 00 00
R15=0x0 is null

Top of Stack: (sp=0x00000041189fe800)
0x00000041189fe800:   0000020697cbebb0 000036d5ac1f3b13
0x00000041189fe810:   0000000000000018 0000020697d48240
0x00000041189fe820:   0000020697e79220 0000020697cbebb0
0x00000041189fe830:   0000000000000000 0000200100000000
0x00000041189fe840:   0000200100000000 00007ff9391ce41d
0x00000041189fe850:   000000007a000004 0000020697d7d0b8
0x00000041189fe860:   000000000000042b 0000000000000000
0x00000041189fe870:   0000000000000012 0000000000000000
0x00000041189fe880:   0000000000000000 00000041189fe9a0
0x00000041189fe890:   0000020697e71290 00007ff93936d62c
0x00000041189fe8a0:   0000020600000016 0000000000000000
0x00000041189fe8b0:   0000020697d7cd00 0000020697e71200
0x00000041189fe8c0:   0000004100000f90 0000b80200000000
0x00000041189fe8d0:   0000000000000000 0000000000000003
0x00000041189fe8e0:   0000002800800000 0000800400001000
0x00000041189fe8f0:   0000000000000000 0000000000000001
0x00000041189fe900:   0000020697b26210 00007ff93945da70
0x00000041189fe910:   0000000000000000 00007ff93945d2c7
0x00000041189fe920:   0000000000000000 0000000000000000
0x00000041189fe930:   000000000000042b 0000020697e79320
0x00000041189fe940:   0000000000000000 00007ff93921b9e7
0x00000041189fe950:   0000b80200000000 0000000000000f90
0x00000041189fe960:   0000000000000000 4000044000000001
0x00000041189fe970:   0000000000000000 0000000000000000
0x00000041189fe980:   0000000000000000 0000000000000000
0x00000041189fe990:   0000000000000000 0000000000000000
0x00000041189fe9a0:   0000000000000000 0000000000000000
0x00000041189fe9b0:   0000000000000000 0000000000000000
0x00000041189fe9c0:   0000000000000000 0000000000000000
0x00000041189fe9d0:   0000000000000000 0000000000000000
0x00000041189fe9e0:   0000000000000000 0000000000000000
0x00000041189fe9f0:   0000000000000000 0000000000000000 

Instructions: (pc=0x00007ff93948d1cc)
0x00007ff93948d0cc:   41 bf 20 00 00 00 48 8b 04 38 4d 8b 3c 07 0f b6
0x00007ff93948d0dc:   bc 24 b0 00 00 00 4c 3b 3d 57 b4 c3 00 41 0f 44
0x00007ff93948d0ec:   e9 89 ac 24 a0 00 00 00 48 85 c9 0f 84 d4 07 00
0x00007ff93948d0fc:   00 0f 1f 00 4c 8b f1 4c 8d a1 c8 05 00 00 49 8b
0x00007ff93948d10c:   04 24 48 89 84 24 a8 00 00 00 40 84 ff 74 10 48
0x00007ff93948d11c:   8b d1 48 8b 09 e8 6a 46 ee ff e9 4f 07 00 00 8b
0x00007ff93948d12c:   96 c8 01 00 00 48 8b 05 d8 97 b3 00 83 b8 64 03
0x00007ff93948d13c:   00 00 02 0f 85 18 02 00 00 83 fa 10 73 0e 48 8d
0x00007ff93948d14c:   42 04 48 8d 04 c2 48 8d 04 c1 eb 60 8d 4a f0 8b
0x00007ff93948d15c:   c1 c1 e8 04 83 f8 03 73 1d 0f ae e8 83 e1 0f 4d
0x00007ff93948d16c:   8b 84 c6 80 05 00 00 4d 85 c0 74 25 48 8d 0c c9
0x00007ff93948d17c:   49 8d 04 c8 eb 36 49 8b 86 98 05 00 00 48 85 c0
0x00007ff93948d18c:   74 0f 66 90 39 10 74 2f 48 8b 40 50 48 85 c0 75
0x00007ff93948d19c:   f3 41 80 be a0 05 00 00 00 74 22 8b c2 83 e0 0f
0x00007ff93948d1ac:   48 8d 04 c0 48 8d 40 20 49 8d 04 c6 48 85 c0 74
0x00007ff93948d1bc:   0c 48 8b 48 08 eb 09 48 83 c0 08 eb ef 49 8b c9
0x00007ff93948d1cc:   49 3b 8f f8 56 03 00 0f 86 84 01 00 00 83 fa 10
0x00007ff93948d1dc:   73 0a 48 8d 42 04 48 8d 04 c2 eb 5c 8d 4a f0 8b
0x00007ff93948d1ec:   c1 c1 e8 04 83 f8 03 73 1d 0f ae e8 83 e1 0f 4d
0x00007ff93948d1fc:   8b 84 c6 80 05 00 00 4d 85 c0 74 25 48 8d 0c c9
0x00007ff93948d20c:   49 8d 04 c8 eb 36 49 8b 86 98 05 00 00 48 85 c0
0x00007ff93948d21c:   74 0f 66 90 39 10 74 2f 48 8b 40 50 48 85 c0 75
0x00007ff93948d22c:   f3 41 80 be a0 05 00 00 00 74 22 8b c2 83 e0 0f
0x00007ff93948d23c:   48 8d 04 c0 48 8d 40 20 49 8d 04 c6 48 85 c0 74
0x00007ff93948d24c:   0c 48 8b 48 08 eb 09 48 83 c0 08 eb ef 49 8b c9
0x00007ff93948d25c:   49 3b 8e 40 06 00 00 0f 86 f4 00 00 00 48 8b 86
0x00007ff93948d26c:   78 02 00 00 49 89 04 24 4c 89 b6 78 02 00 00 ff
0x00007ff93948d27c:   86 80 02 00 00 49 8b 46 08 48 8b 88 18 01 00 00
0x00007ff93948d28c:   48 81 e1 00 00 ff ff 48 81 c1 00 00 01 00 48 01
0x00007ff93948d29c:   8e 88 02 00 00 ba 01 00 00 00 49 8b 4e 08 e8 11
0x00007ff93948d2ac:   8f d4 ff 48 01 86 98 02 00 00 85 ed 74 75 49 8b
0x00007ff93948d2bc:   9f 58 4f 03 00 0f 57 c0 f3 0f 7f 44 24 30 c7 44 


Stack slot to memory mapping:

stack at sp + 0 slots: 0x0000020697cbebb0 points into unknown readable memory: 0xffffffffffffffff | ff ff ff ff ff ff ff ff
stack at sp + 1 slots: 0x000036d5ac1f3b13 is an unknown value
stack at sp + 2 slots: 0x0000000000000018 is an unknown value
stack at sp + 3 slots: 0x0000020697d48240 points into unknown readable memory: 0x0000020697cc2580 | 80 25 cc 97 06 02 00 00
stack at sp + 4 slots: 0x0000020697e79220 points into unknown readable memory: 0x0000020697b65bf0 | f0 5b b6 97 06 02 00 00
stack at sp + 5 slots: 0x0000020697cbebb0 points into unknown readable memory: 0xffffffffffffffff | ff ff ff ff ff ff ff ff
stack at sp + 6 slots: 0x0 is null
stack at sp + 7 slots: 0x0000200100000000 is an unknown value

VM_Operation (0x0000004119fff010): Exit, mode: safepoint, requested by thread 0x0000020697ae0840


---------------  P R O C E S S  ---------------

Threads class SMR info:
_java_thread_list=0x0000020697486050, length=23, elements={
0x000002069701e620, 0x000002069701f280, 0x00000206970215f0, 0x00000206970245b0,
0x0000020697025100, 0x0000020697025c50, 0x000002069703b850, 0x000002069703f710,
0x00000206519448d0, 0x000002069727aba0, 0x000002069740b0e0, 0x0000020697679dc0,
0x0000020697a9e1f0, 0x0000020697aa4b50, 0x0000020697ac1470, 0x000002069757c940,
0x000002069757d430, 0x0000020697a5e6f0, 0x0000020697adf490, 0x0000020697adfb20,
0x0000020697ae1bf0, 0x0000020697ae01b0, 0x0000020697ae0840
}

Java Threads: ( => current thread )
  0x000002069701e620 JavaThread "Reference Handler"          daemon [_thread_blocked, id=40032, stack(0x0000004118a00000,0x0000004118b00000) (1024K)]
  0x000002069701f280 JavaThread "Finalizer"                  daemon [_thread_blocked, id=15684, stack(0x0000004118b00000,0x0000004118c00000) (1024K)]
  0x00000206970215f0 JavaThread "Signal Dispatcher"          daemon [_thread_blocked, id=21032, stack(0x0000004118c00000,0x0000004118d00000) (1024K)]
  0x00000206970245b0 JavaThread "Attach Listener"            daemon [_thread_blocked, id=39692, stack(0x0000004118d00000,0x0000004118e00000) (1024K)]
  0x0000020697025100 JavaThread "Service Thread"             daemon [_thread_blocked, id=29496, stack(0x0000004118e00000,0x0000004118f00000) (1024K)]
  0x0000020697025c50 JavaThread "Monitor Deflation Thread"   daemon [_thread_blocked, id=35036, stack(0x0000004118f00000,0x0000004119000000) (1024K)]
  0x000002069703b850 JavaThread "C2 CompilerThread0"         daemon [_thread_blocked, id=32264, stack(0x0000004119000000,0x0000004119100000) (1024K)]
  0x000002069703f710 JavaThread "C1 CompilerThread0"         daemon [_thread_blocked, id=13832, stack(0x0000004119100000,0x0000004119200000) (1024K)]
  0x00000206519448d0 JavaThread "Common-Cleaner"             daemon [_thread_blocked, id=35404, stack(0x0000004119200000,0x0000004119300000) (1024K)]
  0x000002069727aba0 JavaThread "Monitor Ctrl-Break"         daemon [_thread_in_native, id=41300, stack(0x0000004119300000,0x0000004119400000) (1024K)]
  0x000002069740b0e0 JavaThread "Notification Thread"        daemon [_thread_blocked, id=41536, stack(0x0000004119400000,0x0000004119500000) (1024K)]
  0x0000020697679dc0 JavaThread "Thread-0"                          [_thread_blocked, id=16400, stack(0x0000004119600000,0x0000004119700000) (1024K)]
  0x0000020697a9e1f0 JavaThread "qtp1664062915-23"                  [_thread_in_native, id=34920, stack(0x0000004119500000,0x0000004119600000) (1024K)]
  0x0000020697aa4b50 JavaThread "qtp1664062915-24"                  [_thread_in_native, id=22552, stack(0x0000004119700000,0x0000004119800000) (1024K)]
  0x0000020697ac1470 JavaThread "qtp1664062915-25"                  [_thread_in_native, id=39300, stack(0x0000004119800000,0x0000004119900000) (1024K)]
  0x000002069757c940 JavaThread "qtp1664062915-26"                  [_thread_in_native, id=27316, stack(0x0000004119900000,0x0000004119a00000) (1024K)]
  0x000002069757d430 JavaThread "qtp1664062915-27-acceptor-0@7249b387-ServerConnector@e2f85b0{HTTP/1.1, (http/1.1)}{0.0.0.0:4567}"        [_thread_in_native, id=39892, stack(0x0000004119a00000,0x0000004119b00000) (1024K)]
  0x0000020697a5e6f0 JavaThread "qtp1664062915-28"                  [_thread_blocked, id=2920, stack(0x0000004119b00000,0x0000004119c00000) (1024K)]
  0x0000020697adf490 JavaThread "qtp1664062915-29"                  [_thread_blocked, id=7744, stack(0x0000004119c00000,0x0000004119d00000) (1024K)]
  0x0000020697adfb20 JavaThread "qtp1664062915-30"                  [_thread_blocked, id=31684, stack(0x0000004119d00000,0x0000004119e00000) (1024K)]
  0x0000020697ae1bf0 JavaThread "Session-HouseKeeper-198643e7-1"        [_thread_blocked, id=39396, stack(0x0000004119e00000,0x0000004119f00000) (1024K)]
  0x0000020697ae01b0 JavaThread "DestroyJavaVM"                     [_thread_blocked, id=26636, stack(0x0000004118200000,0x0000004118300000) (1024K)]
  0x0000020697ae0840 JavaThread "SIGINT handler"             daemon [_thread_blocked, id=40816, stack(0x0000004119f00000,0x000000411a000000) (1024K)]
Total: 23

Other Threads:
=>0x000002065195b250 VMThread "VM Thread"                           [id=40692, stack(0x0000004118900000,0x0000004118a00000) (1024K)]
  0x000002062bcf40e0 WorkerThread "GC Thread#0"                     [id=7068, stack(0x0000004118300000,0x0000004118400000) (1024K)]
  0x0000020651959c90 WorkerThread "GC Thread#1"                     [id=19048, stack(0x000000411a100000,0x000000411a200000) (1024K)]
  0x000002065195a770 WorkerThread "GC Thread#2"                     [id=41688, stack(0x000000411a200000,0x000000411a300000) (1024K)]
  0x00000206519598f0 WorkerThread "GC Thread#3"                     [id=31852, stack(0x000000411a300000,0x000000411a400000) (1024K)]
  0x000002065195a030 WorkerThread "GC Thread#4"                     [id=39548, stack(0x000000411a400000,0x000000411a500000) (1024K)]
  0x000002065195ab10 WorkerThread "GC Thread#5"                     [id=19024, stack(0x000000411a500000,0x000000411a600000) (1024K)]
  0x000002065195aeb0 WorkerThread "GC Thread#6"                     [id=40372, stack(0x000000411a600000,0x000000411a700000) (1024K)]
  0x000002065195a3d0 WorkerThread "GC Thread#7"                     [id=37420, stack(0x000000411a700000,0x000000411a800000) (1024K)]
  0x000002062bd05000 ConcurrentGCThread "G1 Main Marker"            terminated
  0x000002062bd062a0 WorkerThread "G1 Conc#0"                       [id=34268, stack(0x0000004118500000,0x0000004118600000) (1024K)]
  0x00000206518120a0 ConcurrentGCThread "G1 Refine#0"               terminated
  0x0000020651812c10 ConcurrentGCThread "G1 Service"                terminated
Total: 13

Threads with active compile tasks:
Total: 0

VM state: at safepoint (shutting down)

VM Mutex/Monitor currently owned by a thread:  ([mutex/lock_event])
[0x00007ff96cc8cd68] Threads_lock - owner thread: 0x000002065195b250
[0x00007ff96cc8ce68] Heap_lock - owner thread: 0x0000020697ae0840

Heap address: 0x0000000604c00000, size: 8116 MB, Compressed Oops mode: Zero based, Oop shift amount: 3

CDS archive(s) mapped at: [0x0000020652000000-0x0000020652c90000-0x0000020652c90000), size 13172736, SharedBaseAddress: 0x0000020652000000, ArchiveRelocationMode: 1.
Compressed class space mapped at: 0x0000020653000000-0x0000020693000000, reserved size: 1073741824
Narrow klass base: 0x0000020652000000, Narrow klass shift: 0, Narrow klass range: 0x100000000

GC Precious Log:
 CardTable entry size: 512
 Card Set container configuration: InlinePtr #cards 4 size 8 Array Of Cards #cards 32 size 80 Howl #buckets 8 coarsen threshold 7372 Howl Bitmap #cards 1024 size 144 coarsen threshold 921 Card regions per heap region 1 cards per card region 8192
 CPUs: 8 total, 8 available
 Memory: 32448M
 Large Page Support: Disabled
 NUMA Support: Disabled
 Compressed Oops: Enabled (Zero based)
 Heap Region Size: 4M
 Heap Min Capacity: 8M
 Heap Initial Capacity: 508M
 Heap Max Capacity: 8116M
 Pre-touch: Disabled
 Parallel Workers: 8
 Concurrent Workers: 2
 Concurrent Refinement Workers: 8
 Periodic GC: Disabled

Heap:
 garbage-first heap   total 520192K, used 8855K [0x0000000604c00000, 0x0000000800000000)
  region size 4096K, 3 young (12288K), 1 survivors (4096K)
 Metaspace       used 10682K, committed 10944K, reserved 1114112K
  class space    used 1051K, committed 1152K, reserved 1048576K

Heap Regions: E=young(eden), S=young(survivor), O=old, HS=humongous(starts), HC=humongous(continues), CS=collection set, F=free, TAMS=top-at-mark-start, PB=parsable bottom
|   0|0x0000000604c00000, 0x0000000604ca5f48, 0x0000000605000000| 16%| O|  |TAMS 0x0000000604c00000| PB 0x0000000604c00000| Untracked 
|   1|0x0000000605000000, 0x0000000605000000, 0x0000000605400000|  0%| F|  |TAMS 0x0000000605000000| PB 0x0000000605000000| Untracked 
|   2|0x0000000605400000, 0x0000000605400000, 0x0000000605800000|  0%| F|  |TAMS 0x0000000605400000| PB 0x0000000605400000| Untracked 
|   3|0x0000000605800000, 0x0000000605800000, 0x0000000605c00000|  0%| F|  |TAMS 0x0000000605800000| PB 0x0000000605800000| Untracked 
|   4|0x0000000605c00000, 0x0000000605c00000, 0x0000000606000000|  0%| F|  |TAMS 0x0000000605c00000| PB 0x0000000605c00000| Untracked 
|   5|0x0000000606000000, 0x0000000606000000, 0x0000000606400000|  0%| F|  |TAMS 0x0000000606000000| PB 0x0000000606000000| Untracked 
|   6|0x0000000606400000, 0x0000000606400000, 0x0000000606800000|  0%| F|  |TAMS 0x0000000606400000| PB 0x0000000606400000| Untracked 
|   7|0x0000000606800000, 0x0000000606800000, 0x0000000606c00000|  0%| F|  |TAMS 0x0000000606800000| PB 0x0000000606800000| Untracked 
|   8|0x0000000606c00000, 0x0000000606c00000, 0x0000000607000000|  0%| F|  |TAMS 0x0000000606c00000| PB 0x0000000606c00000| Untracked 
|   9|0x0000000607000000, 0x0000000607000000, 0x0000000607400000|  0%| F|  |TAMS 0x0000000607000000| PB 0x0000000607000000| Untracked 
|  10|0x0000000607400000, 0x0000000607400000, 0x0000000607800000|  0%| F|  |TAMS 0x0000000607400000| PB 0x0000000607400000| Untracked 
|  11|0x0000000607800000, 0x0000000607800000, 0x0000000607c00000|  0%| F|  |TAMS 0x0000000607800000| PB 0x0000000607800000| Untracked 
|  12|0x0000000607c00000, 0x0000000607c00000, 0x0000000608000000|  0%| F|  |TAMS 0x0000000607c00000| PB 0x0000000607c00000| Untracked 
|  13|0x0000000608000000, 0x0000000608000000, 0x0000000608400000|  0%| F|  |TAMS 0x0000000608000000| PB 0x0000000608000000| Untracked 
|  14|0x0000000608400000, 0x0000000608400000, 0x0000000608800000|  0%| F|  |TAMS 0x0000000608400000| PB 0x0000000608400000| Untracked 
|  15|0x0000000608800000, 0x0000000608800000, 0x0000000608c00000|  0%| F|  |TAMS 0x0000000608800000| PB 0x0000000608800000| Untracked 
|  16|0x0000000608c00000, 0x0000000608c00000, 0x0000000609000000|  0%| F|  |TAMS 0x0000000608c00000| PB 0x0000000608c00000| Untracked 
|  17|0x0000000609000000, 0x0000000609000000, 0x0000000609400000|  0%| F|  |TAMS 0x0000000609000000| PB 0x0000000609000000| Untracked 
|  18|0x0000000609400000, 0x0000000609400000, 0x0000000609800000|  0%| F|  |TAMS 0x0000000609400000| PB 0x0000000609400000| Untracked 
|  19|0x0000000609800000, 0x0000000609800000, 0x0000000609c00000|  0%| F|  |TAMS 0x0000000609800000| PB 0x0000000609800000| Untracked 
|  20|0x0000000609c00000, 0x0000000609c00000, 0x000000060a000000|  0%| F|  |TAMS 0x0000000609c00000| PB 0x0000000609c00000| Untracked 
|  21|0x000000060a000000, 0x000000060a000000, 0x000000060a400000|  0%| F|  |TAMS 0x000000060a000000| PB 0x000000060a000000| Untracked 
|  22|0x000000060a400000, 0x000000060a400000, 0x000000060a800000|  0%| F|  |TAMS 0x000000060a400000| PB 0x000000060a400000| Untracked 
|  23|0x000000060a800000, 0x000000060a800000, 0x000000060ac00000|  0%| F|  |TAMS 0x000000060a800000| PB 0x000000060a800000| Untracked 
|  24|0x000000060ac00000, 0x000000060ac00000, 0x000000060b000000|  0%| F|  |TAMS 0x000000060ac00000| PB 0x000000060ac00000| Untracked 
|  25|0x000000060b000000, 0x000000060b000000, 0x000000060b400000|  0%| F|  |TAMS 0x000000060b000000| PB 0x000000060b000000| Untracked 
|  26|0x000000060b400000, 0x000000060b400000, 0x000000060b800000|  0%| F|  |TAMS 0x000000060b400000| PB 0x000000060b400000| Untracked 
|  27|0x000000060b800000, 0x000000060b800000, 0x000000060bc00000|  0%| F|  |TAMS 0x000000060b800000| PB 0x000000060b800000| Untracked 
|  28|0x000000060bc00000, 0x000000060bc00000, 0x000000060c000000|  0%| F|  |TAMS 0x000000060bc00000| PB 0x000000060bc00000| Untracked 
|  29|0x000000060c000000, 0x000000060c000000, 0x000000060c400000|  0%| F|  |TAMS 0x000000060c000000| PB 0x000000060c000000| Untracked 
|  30|0x000000060c400000, 0x000000060c400000, 0x000000060c800000|  0%| F|  |TAMS 0x000000060c400000| PB 0x000000060c400000| Untracked 
|  31|0x000000060c800000, 0x000000060c800000, 0x000000060cc00000|  0%| F|  |TAMS 0x000000060c800000| PB 0x000000060c800000| Untracked 
|  32|0x000000060cc00000, 0x000000060cc00000, 0x000000060d000000|  0%| F|  |TAMS 0x000000060cc00000| PB 0x000000060cc00000| Untracked 
|  33|0x000000060d000000, 0x000000060d000000, 0x000000060d400000|  0%| F|  |TAMS 0x000000060d000000| PB 0x000000060d000000| Untracked 
|  34|0x000000060d400000, 0x000000060d400000, 0x000000060d800000|  0%| F|  |TAMS 0x000000060d400000| PB 0x000000060d400000| Untracked 
|  35|0x000000060d800000, 0x000000060d800000, 0x000000060dc00000|  0%| F|  |TAMS 0x000000060d800000| PB 0x000000060d800000| Untracked 
|  36|0x000000060dc00000, 0x000000060dc00000, 0x000000060e000000|  0%| F|  |TAMS 0x000000060dc00000| PB 0x000000060dc00000| Untracked 
|  37|0x000000060e000000, 0x000000060e000000, 0x000000060e400000|  0%| F|  |TAMS 0x000000060e000000| PB 0x000000060e000000| Untracked 
|  38|0x000000060e400000, 0x000000060e400000, 0x000000060e800000|  0%| F|  |TAMS 0x000000060e400000| PB 0x000000060e400000| Untracked 
|  39|0x000000060e800000, 0x000000060e800000, 0x000000060ec00000|  0%| F|  |TAMS 0x000000060e800000| PB 0x000000060e800000| Untracked 
|  40|0x000000060ec00000, 0x000000060ec00000, 0x000000060f000000|  0%| F|  |TAMS 0x000000060ec00000| PB 0x000000060ec00000| Untracked 
|  41|0x000000060f000000, 0x000000060f000000, 0x000000060f400000|  0%| F|  |TAMS 0x000000060f000000| PB 0x000000060f000000| Untracked 
|  42|0x000000060f400000, 0x000000060f400000, 0x000000060f800000|  0%| F|  |TAMS 0x000000060f400000| PB 0x000000060f400000| Untracked 
|  43|0x000000060f800000, 0x000000060f800000, 0x000000060fc00000|  0%| F|  |TAMS 0x000000060f800000| PB 0x000000060f800000| Untracked 
|  44|0x000000060fc00000, 0x000000060fc00000, 0x0000000610000000|  0%| F|  |TAMS 0x000000060fc00000| PB 0x000000060fc00000| Untracked 
|  45|0x0000000610000000, 0x0000000610000000, 0x0000000610400000|  0%| F|  |TAMS 0x0000000610000000| PB 0x0000000610000000| Untracked 
|  46|0x0000000610400000, 0x0000000610400000, 0x0000000610800000|  0%| F|  |TAMS 0x0000000610400000| PB 0x0000000610400000| Untracked 
|  47|0x0000000610800000, 0x0000000610800000, 0x0000000610c00000|  0%| F|  |TAMS 0x0000000610800000| PB 0x0000000610800000| Untracked 
|  48|0x0000000610c00000, 0x0000000610c00000, 0x0000000611000000|  0%| F|  |TAMS 0x0000000610c00000| PB 0x0000000610c00000| Untracked 
|  49|0x0000000611000000, 0x0000000611000000, 0x0000000611400000|  0%| F|  |TAMS 0x0000000611000000| PB 0x0000000611000000| Untracked 
|  50|0x0000000611400000, 0x0000000611400000, 0x0000000611800000|  0%| F|  |TAMS 0x0000000611400000| PB 0x0000000611400000| Untracked 
|  51|0x0000000611800000, 0x0000000611800000, 0x0000000611c00000|  0%| F|  |TAMS 0x0000000611800000| PB 0x0000000611800000| Untracked 
|  52|0x0000000611c00000, 0x0000000611c00000, 0x0000000612000000|  0%| F|  |TAMS 0x0000000611c00000| PB 0x0000000611c00000| Untracked 
|  53|0x0000000612000000, 0x0000000612000000, 0x0000000612400000|  0%| F|  |TAMS 0x0000000612000000| PB 0x0000000612000000| Untracked 
|  54|0x0000000612400000, 0x0000000612400000, 0x0000000612800000|  0%| F|  |TAMS 0x0000000612400000| PB 0x0000000612400000| Untracked 
|  55|0x0000000612800000, 0x0000000612800000, 0x0000000612c00000|  0%| F|  |TAMS 0x0000000612800000| PB 0x0000000612800000| Untracked 
|  56|0x0000000612c00000, 0x0000000612c00000, 0x0000000613000000|  0%| F|  |TAMS 0x0000000612c00000| PB 0x0000000612c00000| Untracked 
|  57|0x0000000613000000, 0x0000000613000000, 0x0000000613400000|  0%| F|  |TAMS 0x0000000613000000| PB 0x0000000613000000| Untracked 
|  58|0x0000000613400000, 0x0000000613400000, 0x0000000613800000|  0%| F|  |TAMS 0x0000000613400000| PB 0x0000000613400000| Untracked 
|  59|0x0000000613800000, 0x0000000613800000, 0x0000000613c00000|  0%| F|  |TAMS 0x0000000613800000| PB 0x0000000613800000| Untracked 
|  60|0x0000000613c00000, 0x0000000613c00000, 0x0000000614000000|  0%| F|  |TAMS 0x0000000613c00000| PB 0x0000000613c00000| Untracked 
|  61|0x0000000614000000, 0x0000000614000000, 0x0000000614400000|  0%| F|  |TAMS 0x0000000614000000| PB 0x0000000614000000| Untracked 
|  62|0x0000000614400000, 0x0000000614400000, 0x0000000614800000|  0%| F|  |TAMS 0x0000000614400000| PB 0x0000000614400000| Untracked 
|  63|0x0000000614800000, 0x0000000614800000, 0x0000000614c00000|  0%| F|  |TAMS 0x0000000614800000| PB 0x0000000614800000| Untracked 
|  64|0x0000000614c00000, 0x0000000614c00000, 0x0000000615000000|  0%| F|  |TAMS 0x0000000614c00000| PB 0x0000000614c00000| Untracked 
|  65|0x0000000615000000, 0x0000000615000000, 0x0000000615400000|  0%| F|  |TAMS 0x0000000615000000| PB 0x0000000615000000| Untracked 
|  66|0x0000000615400000, 0x0000000615400000, 0x0000000615800000|  0%| F|  |TAMS 0x0000000615400000| PB 0x0000000615400000| Untracked 
|  67|0x0000000615800000, 0x0000000615800000, 0x0000000615c00000|  0%| F|  |TAMS 0x0000000615800000| PB 0x0000000615800000| Untracked 
|  68|0x0000000615c00000, 0x0000000615c00000, 0x0000000616000000|  0%| F|  |TAMS 0x0000000615c00000| PB 0x0000000615c00000| Untracked 
|  69|0x0000000616000000, 0x0000000616000000, 0x0000000616400000|  0%| F|  |TAMS 0x0000000616000000| PB 0x0000000616000000| Untracked 
|  70|0x0000000616400000, 0x0000000616400000, 0x0000000616800000|  0%| F|  |TAMS 0x0000000616400000| PB 0x0000000616400000| Untracked 
|  71|0x0000000616800000, 0x0000000616800000, 0x0000000616c00000|  0%| F|  |TAMS 0x0000000616800000| PB 0x0000000616800000| Untracked 
|  72|0x0000000616c00000, 0x0000000616c00000, 0x0000000617000000|  0%| F|  |TAMS 0x0000000616c00000| PB 0x0000000616c00000| Untracked 
|  73|0x0000000617000000, 0x0000000617000000, 0x0000000617400000|  0%| F|  |TAMS 0x0000000617000000| PB 0x0000000617000000| Untracked 
|  74|0x0000000617400000, 0x0000000617400000, 0x0000000617800000|  0%| F|  |TAMS 0x0000000617400000| PB 0x0000000617400000| Untracked 
|  75|0x0000000617800000, 0x0000000617800000, 0x0000000617c00000|  0%| F|  |TAMS 0x0000000617800000| PB 0x0000000617800000| Untracked 
|  76|0x0000000617c00000, 0x0000000617c00000, 0x0000000618000000|  0%| F|  |TAMS 0x0000000617c00000| PB 0x0000000617c00000| Untracked 
|  77|0x0000000618000000, 0x0000000618000000, 0x0000000618400000|  0%| F|  |TAMS 0x0000000618000000| PB 0x0000000618000000| Untracked 
|  78|0x0000000618400000, 0x0000000618400000, 0x0000000618800000|  0%| F|  |TAMS 0x0000000618400000| PB 0x0000000618400000| Untracked 
|  79|0x0000000618800000, 0x0000000618800000, 0x0000000618c00000|  0%| F|  |TAMS 0x0000000618800000| PB 0x0000000618800000| Untracked 
|  80|0x0000000618c00000, 0x0000000618c00000, 0x0000000619000000|  0%| F|  |TAMS 0x0000000618c00000| PB 0x0000000618c00000| Untracked 
|  81|0x0000000619000000, 0x0000000619000000, 0x0000000619400000|  0%| F|  |TAMS 0x0000000619000000| PB 0x0000000619000000| Untracked 
|  82|0x0000000619400000, 0x0000000619400000, 0x0000000619800000|  0%| F|  |TAMS 0x0000000619400000| PB 0x0000000619400000| Untracked 
|  83|0x0000000619800000, 0x0000000619800000, 0x0000000619c00000|  0%| F|  |TAMS 0x0000000619800000| PB 0x0000000619800000| Untracked 
|  84|0x0000000619c00000, 0x0000000619c00000, 0x000000061a000000|  0%| F|  |TAMS 0x0000000619c00000| PB 0x0000000619c00000| Untracked 
|  85|0x000000061a000000, 0x000000061a000000, 0x000000061a400000|  0%| F|  |TAMS 0x000000061a000000| PB 0x000000061a000000| Untracked 
|  86|0x000000061a400000, 0x000000061a400000, 0x000000061a800000|  0%| F|  |TAMS 0x000000061a400000| PB 0x000000061a400000| Untracked 
|  87|0x000000061a800000, 0x000000061a800000, 0x000000061ac00000|  0%| F|  |TAMS 0x000000061a800000| PB 0x000000061a800000| Untracked 
|  88|0x000000061ac00000, 0x000000061ac00000, 0x000000061b000000|  0%| F|  |TAMS 0x000000061ac00000| PB 0x000000061ac00000| Untracked 
|  89|0x000000061b000000, 0x000000061b000000, 0x000000061b400000|  0%| F|  |TAMS 0x000000061b000000| PB 0x000000061b000000| Untracked 
|  90|0x000000061b400000, 0x000000061b400000, 0x000000061b800000|  0%| F|  |TAMS 0x000000061b400000| PB 0x000000061b400000| Untracked 
|  91|0x000000061b800000, 0x000000061b800000, 0x000000061bc00000|  0%| F|  |TAMS 0x000000061b800000| PB 0x000000061b800000| Untracked 
|  92|0x000000061bc00000, 0x000000061bc00000, 0x000000061c000000|  0%| F|  |TAMS 0x000000061bc00000| PB 0x000000061bc00000| Untracked 
|  93|0x000000061c000000, 0x000000061c000000, 0x000000061c400000|  0%| F|  |TAMS 0x000000061c000000| PB 0x000000061c000000| Untracked 
|  94|0x000000061c400000, 0x000000061c400000, 0x000000061c800000|  0%| F|  |TAMS 0x000000061c400000| PB 0x000000061c400000| Untracked 
|  95|0x000000061c800000, 0x000000061c800000, 0x000000061cc00000|  0%| F|  |TAMS 0x000000061c800000| PB 0x000000061c800000| Untracked 
|  96|0x000000061cc00000, 0x000000061cc00000, 0x000000061d000000|  0%| F|  |TAMS 0x000000061cc00000| PB 0x000000061cc00000| Untracked 
|  97|0x000000061d000000, 0x000000061d000000, 0x000000061d400000|  0%| F|  |TAMS 0x000000061d000000| PB 0x000000061d000000| Untracked 
|  98|0x000000061d400000, 0x000000061d400000, 0x000000061d800000|  0%| F|  |TAMS 0x000000061d400000| PB 0x000000061d400000| Untracked 
|  99|0x000000061d800000, 0x000000061d800000, 0x000000061dc00000|  0%| F|  |TAMS 0x000000061d800000| PB 0x000000061d800000| Untracked 
| 100|0x000000061dc00000, 0x000000061dc00000, 0x000000061e000000|  0%| F|  |TAMS 0x000000061dc00000| PB 0x000000061dc00000| Untracked 
| 101|0x000000061e000000, 0x000000061e000000, 0x000000061e400000|  0%| F|  |TAMS 0x000000061e000000| PB 0x000000061e000000| Untracked 
| 102|0x000000061e400000, 0x000000061e400000, 0x000000061e800000|  0%| F|  |TAMS 0x000000061e400000| PB 0x000000061e400000| Untracked 
| 103|0x000000061e800000, 0x000000061e800000, 0x000000061ec00000|  0%| F|  |TAMS 0x000000061e800000| PB 0x000000061e800000| Untracked 
| 104|0x000000061ec00000, 0x000000061ec00000, 0x000000061f000000|  0%| F|  |TAMS 0x000000061ec00000| PB 0x000000061ec00000| Untracked 
| 105|0x000000061f000000, 0x000000061f000000, 0x000000061f400000|  0%| F|  |TAMS 0x000000061f000000| PB 0x000000061f000000| Untracked 
| 106|0x000000061f400000, 0x000000061f400000, 0x000000061f800000|  0%| F|  |TAMS 0x000000061f400000| PB 0x000000061f400000| Untracked 
| 107|0x000000061f800000, 0x000000061f800000, 0x000000061fc00000|  0%| F|  |TAMS 0x000000061f800000| PB 0x000000061f800000| Untracked 
| 108|0x000000061fc00000, 0x000000061fc00000, 0x0000000620000000|  0%| F|  |TAMS 0x000000061fc00000| PB 0x000000061fc00000| Untracked 
| 109|0x0000000620000000, 0x0000000620000000, 0x0000000620400000|  0%| F|  |TAMS 0x0000000620000000| PB 0x0000000620000000| Untracked 
| 110|0x0000000620400000, 0x0000000620400000, 0x0000000620800000|  0%| F|  |TAMS 0x0000000620400000| PB 0x0000000620400000| Untracked 
| 111|0x0000000620800000, 0x0000000620800000, 0x0000000620c00000|  0%| F|  |TAMS 0x0000000620800000| PB 0x0000000620800000| Untracked 
| 112|0x0000000620c00000, 0x0000000620c00000, 0x0000000621000000|  0%| F|  |TAMS 0x0000000620c00000| PB 0x0000000620c00000| Untracked 
| 113|0x0000000621000000, 0x0000000621000000, 0x0000000621400000|  0%| F|  |TAMS 0x0000000621000000| PB 0x0000000621000000| Untracked 
| 114|0x0000000621400000, 0x0000000621400000, 0x0000000621800000|  0%| F|  |TAMS 0x0000000621400000| PB 0x0000000621400000| Untracked 
| 115|0x0000000621800000, 0x0000000621800000, 0x0000000621c00000|  0%| F|  |TAMS 0x0000000621800000| PB 0x0000000621800000| Untracked 
| 116|0x0000000621c00000, 0x0000000621c00000, 0x0000000622000000|  0%| F|  |TAMS 0x0000000621c00000| PB 0x0000000621c00000| Untracked 
| 117|0x0000000622000000, 0x0000000622000000, 0x0000000622400000|  0%| F|  |TAMS 0x0000000622000000| PB 0x0000000622000000| Untracked 
| 118|0x0000000622400000, 0x0000000622400000, 0x0000000622800000|  0%| F|  |TAMS 0x0000000622400000| PB 0x0000000622400000| Untracked 
| 119|0x0000000622800000, 0x0000000622800000, 0x0000000622c00000|  0%| F|  |TAMS 0x0000000622800000| PB 0x0000000622800000| Untracked 
| 120|0x0000000622c00000, 0x0000000623000000, 0x0000000623000000|100%| S|CS|TAMS 0x0000000622c00000| PB 0x0000000622c00000| Complete 
| 121|0x0000000623000000, 0x0000000623000000, 0x0000000623400000|  0%| F|  |TAMS 0x0000000623000000| PB 0x0000000623000000| Untracked 
| 122|0x0000000623400000, 0x0000000623400000, 0x0000000623800000|  0%| F|  |TAMS 0x0000000623400000| PB 0x0000000623400000| Untracked 
| 123|0x0000000623800000, 0x0000000623800000, 0x0000000623c00000|  0%| F|  |TAMS 0x0000000623800000| PB 0x0000000623800000| Untracked 
| 124|0x0000000623c00000, 0x0000000623c00000, 0x0000000624000000|  0%| F|  |TAMS 0x0000000623c00000| PB 0x0000000623c00000| Untracked 
| 125|0x0000000624000000, 0x000000062434aec8, 0x0000000624400000| 82%| E|  |TAMS 0x0000000624000000| PB 0x0000000624000000| Complete 
| 126|0x0000000624400000, 0x0000000624800000, 0x0000000624800000|100%| E|CS|TAMS 0x0000000624400000| PB 0x0000000624400000| Complete 

Card table byte_map: [0x00000206462d0000,0x00000206472b0000] _byte_map_base: 0x00000206432aa000

Marking Bits: (CMBitMap*) 0x000002062bcf47e0
 Bits: [0x00000206472b0000, 0x000002064f180000)

Polling page: 0x000002062bd20000

Metaspace:

Usage:
  Non-class:      9.41 MB used.
      Class:      1.03 MB used.
       Both:     10.43 MB used.

Virtual space:
  Non-class space:       64.00 MB reserved,       9.56 MB ( 15%) committed,  1 nodes.
      Class space:        1.00 GB reserved,       1.12 MB ( <1%) committed,  1 nodes.
             Both:        1.06 GB reserved,      10.69 MB ( <1%) committed. 

Chunk freelists:
   Non-Class:  6.48 MB
       Class:  14.86 MB
        Both:  21.34 MB

MaxMetaspaceSize: unlimited
CompressedClassSpaceSize: 1.00 GB
Initial GC threshold: 21.00 MB
Current GC threshold: 21.00 MB
CDS: on
 - commit_granule_bytes: 65536.
 - commit_granule_words: 8192.
 - virtual_space_node_default_size: 8388608.
 - enlarge_chunks_in_place: 1.
 - use_allocation_guard: 0.


Internal statistics:

num_allocs_failed_limit: 0.
num_arena_births: 82.
num_arena_deaths: 0.
num_vsnodes_births: 2.
num_vsnodes_deaths: 0.
num_space_committed: 169.
num_space_uncommitted: 0.
num_chunks_returned_to_freelist: 0.
num_chunks_taken_from_freelist: 337.
num_chunk_merges: 0.
num_chunk_splits: 224.
num_chunks_enlarged: 184.
num_inconsistent_stats: 0.

CodeHeap 'non-profiled nmethods': size=120000Kb used=497Kb max_used=497Kb free=119503Kb
 bounds [0x000002063d350000, 0x000002063d5c0000, 0x0000020644880000]
CodeHeap 'profiled nmethods': size=120000Kb used=2659Kb max_used=2659Kb free=117340Kb
 bounds [0x0000020635880000, 0x0000020635b20000, 0x000002063cdb0000]
CodeHeap 'non-nmethods': size=5760Kb used=1808Kb max_used=1808Kb free=3951Kb
 bounds [0x000002063cdb0000, 0x000002063d020000, 0x000002063d350000]
 total_blobs=2078 nmethods=1404 adapters=579
 compilation: enabled
              stopped_count=0, restarted_count=0
 full_count=0

Compilation events (20 events):
Event: 3.753 Thread 0x000002069703f710 1396       3       java.io.BufferedReader::implReadLine (301 bytes)
Event: 3.753 Thread 0x000002069703b850 1398       4       java.io.BufferedReader::ensureOpen (18 bytes)
Event: 3.754 Thread 0x000002069703f710 nmethod 1396 0x0000020635b16810 code [0x0000020635b16b00, 0x0000020635b17b60]
Event: 3.754 Thread 0x000002069703f710 1397       3       java.util.StringTokenizer::hasMoreTokens (29 bytes)
Event: 3.754 Thread 0x000002069703f710 nmethod 1397 0x0000020635b18210 code [0x0000020635b183c0, 0x0000020635b18570]
Event: 3.754 Thread 0x000002069703b850 nmethod 1398 0x000002063d3cb210 code [0x000002063d3cb3a0, 0x000002063d3cb448]
Event: 3.764 Thread 0x000002069703f710 1399       3       java.io.FilterInputStream::read (11 bytes)
Event: 3.765 Thread 0x000002069703f710 nmethod 1399 0x0000020635b18610 code [0x0000020635b187c0, 0x0000020635b189a0]
Event: 3.787 Thread 0x000002069703f710 1400       1       com.badlogic.gdx.graphics.glutils.FileTextureData::getWidth (5 bytes)
Event: 3.787 Thread 0x000002069703f710 nmethod 1400 0x000002063d3cb510 code [0x000002063d3cb6a0, 0x000002063d3cb768]
Event: 3.787 Thread 0x000002069703f710 1401       1       com.badlogic.gdx.graphics.glutils.FileTextureData::getHeight (5 bytes)
Event: 3.787 Thread 0x000002069703f710 nmethod 1401 0x000002063d3cb810 code [0x000002063d3cb9a0, 0x000002063d3cba68]
Event: 3.787 Thread 0x000002069703f710 1402       1       com.badlogic.gdx.graphics.g2d.TextureRegion::getTexture (5 bytes)
Event: 3.788 Thread 0x000002069703f710 nmethod 1402 0x000002063d3cbb10 code [0x000002063d3cbca0, 0x000002063d3cbd70]
Event: 3.788 Thread 0x000002069703f710 1403       1       com.badlogic.gdx.graphics.g2d.TextureRegion::getRegionWidth (5 bytes)
Event: 3.788 Thread 0x000002069703f710 nmethod 1403 0x000002063d3cbe10 code [0x000002063d3cbfa0, 0x000002063d3cc068]
Event: 3.788 Thread 0x000002069703f710 1404       1       com.badlogic.gdx.graphics.g2d.TextureRegion::getRegionHeight (5 bytes)
Event: 3.788 Thread 0x000002069703f710 nmethod 1404 0x000002063d3cc110 code [0x000002063d3cc2a0, 0x000002063d3cc368]
Event: 3.800 Thread 0x000002069703f710 1405       3       java.util.concurrent.ConcurrentHashMap::isEmpty (15 bytes)
Event: 3.801 Thread 0x000002069703f710 nmethod 1405 0x0000020635b18a90 code [0x0000020635b18c40, 0x0000020635b18dd8]

GC Heap History (2 events):
Event: 1.970 GC heap before
{Heap before GC invocations=0 (full 0):
 garbage-first heap   total 520192K, used 24576K [0x0000000604c00000, 0x0000000800000000)
  region size 4096K, 6 young (24576K), 0 survivors (0K)
 Metaspace       used 7969K, committed 8128K, reserved 1114112K
  class space    used 866K, committed 960K, reserved 1048576K
}
Event: 1.979 GC heap after
{Heap after GC invocations=1 (full 0):
 garbage-first heap   total 520192K, used 4759K [0x0000000604c00000, 0x0000000800000000)
  region size 4096K, 1 young (4096K), 1 survivors (4096K)
 Metaspace       used 7969K, committed 8128K, reserved 1114112K
  class space    used 866K, committed 960K, reserved 1048576K
}

Dll operation events (16 events):
Event: 0.037 Loaded shared library C:\Users\w137087\.jdks\openjdk-21.0.2\bin\java.dll
Event: 0.106 Loaded shared library C:\Users\w137087\.jdks\openjdk-21.0.2\bin\jsvml.dll
Event: 0.217 Loaded shared library C:\Users\w137087\.jdks\openjdk-21.0.2\bin\zip.dll
Event: 0.226 Loaded shared library C:\Users\w137087\.jdks\openjdk-21.0.2\bin\instrument.dll
Event: 0.234 Loaded shared library C:\Users\w137087\.jdks\openjdk-21.0.2\bin\net.dll
Event: 0.237 Loaded shared library C:\Users\w137087\.jdks\openjdk-21.0.2\bin\nio.dll
Event: 0.243 Loaded shared library C:\Users\w137087\.jdks\openjdk-21.0.2\bin\zip.dll
Event: 0.388 Loaded shared library C:\Program Files\JetBrains\IntelliJ IDEA 2023.3.4\bin\breakgen64.dll
Event: 0.417 Loaded shared library C:\Users\w137087\.jdks\openjdk-21.0.2\bin\extnet.dll
Event: 0.436 Loaded shared library C:\Users\w137087\.jdks\openjdk-21.0.2\bin\jimage.dll
Event: 0.522 Loaded shared library C:\Users\w137087\.jdks\openjdk-21.0.2\bin\verify.dll
Event: 1.130 Loaded shared library C:\Users\w137087\.jdks\openjdk-21.0.2\bin\management.dll
Event: 1.137 Loaded shared library C:\Users\w137087\.jdks\openjdk-21.0.2\bin\management_ext.dll
Event: 1.777 Loaded shared library C:\Users\w137087\.jdks\openjdk-21.0.2\bin\sunmscapi.dll
Event: 1.993 Loaded shared library C:\Users\w137087\AppData\Local\Temp\libgdxw137087\515ef75a\gdx64.dll
Event: 2.050 Loaded shared library C:\Users\w137087\AppData\Local\Temp\libgdxw137087\1cecf4f6\lwjgl64.dll

Deoptimization events (20 events):
Event: 1.789 Thread 0x0000020697679dc0 Uncommon trap: trap_request=0xffffffde fr.pc=0x000002063d396c70 relative=0x0000000000000310
Event: 1.789 Thread 0x0000020697679dc0 Uncommon trap: reason=class_check action=maybe_recompile pc=0x000002063d396c70 method=java.util.HashMap.getNode(Ljava/lang/Object;)Ljava/util/HashMap$Node; @ 128 c2
Event: 1.789 Thread 0x0000020697679dc0 DEOPT PACKING pc=0x000002063d396c70 sp=0x00000041196fbb30
Event: 1.790 Thread 0x0000020697679dc0 DEOPT UNPACKING pc=0x000002063ce07da2 sp=0x00000041196fba98 mode 2
Event: 1.981 Thread 0x000002062bc4df10 Uncommon trap: trap_request=0xffffffc6 fr.pc=0x000002063d3aa6e8 relative=0x0000000000000368
Event: 1.981 Thread 0x000002062bc4df10 Uncommon trap: reason=bimorphic_or_optimized_type_check action=maybe_recompile pc=0x000002063d3aa6e8 method=java.util.HashMap.getNode(Ljava/lang/Object;)Ljava/util/HashMap$Node; @ 128 c2
Event: 1.981 Thread 0x000002062bc4df10 DEOPT PACKING pc=0x000002063d3aa6e8 sp=0x00000041182fe940
Event: 1.981 Thread 0x000002062bc4df10 DEOPT UNPACKING pc=0x000002063ce07da2 sp=0x00000041182fe8b8 mode 2
Event: 1.995 Thread 0x000002062bc4df10 Uncommon trap: trap_request=0xffffffc6 fr.pc=0x000002063d3aa6e8 relative=0x0000000000000368
Event: 1.995 Thread 0x000002062bc4df10 Uncommon trap: reason=bimorphic_or_optimized_type_check action=maybe_recompile pc=0x000002063d3aa6e8 method=java.util.HashMap.getNode(Ljava/lang/Object;)Ljava/util/HashMap$Node; @ 128 c2
Event: 1.995 Thread 0x000002062bc4df10 DEOPT PACKING pc=0x000002063d3aa6e8 sp=0x00000041182fea50
Event: 1.995 Thread 0x000002062bc4df10 DEOPT UNPACKING pc=0x000002063ce07da2 sp=0x00000041182fe9c8 mode 2
Event: 3.746 Thread 0x0000020697ade770 Uncommon trap: trap_request=0xffffffc6 fr.pc=0x000002063d3aa6e8 relative=0x0000000000000368
Event: 3.746 Thread 0x0000020697ade770 Uncommon trap: reason=bimorphic_or_optimized_type_check action=maybe_recompile pc=0x000002063d3aa6e8 method=java.util.HashMap.getNode(Ljava/lang/Object;)Ljava/util/HashMap$Node; @ 128 c2
Event: 3.746 Thread 0x0000020697ade770 DEOPT PACKING pc=0x000002063d3aa6e8 sp=0x0000004119ffe440
Event: 3.746 Thread 0x0000020697ade770 DEOPT UNPACKING pc=0x000002063ce07da2 sp=0x0000004119ffe3b8 mode 2
Event: 3.750 Thread 0x0000020697ade770 Uncommon trap: trap_request=0xffffff45 fr.pc=0x000002063d3a9880 relative=0x00000000000003a0
Event: 3.750 Thread 0x0000020697ade770 Uncommon trap: reason=unstable_if action=reinterpret pc=0x000002063d3a9880 method=java.lang.Integer.parseInt(Ljava/lang/String;I)I @ 119 c2
Event: 3.750 Thread 0x0000020697ade770 DEOPT PACKING pc=0x000002063d3a9880 sp=0x0000004119ffeb70
Event: 3.750 Thread 0x0000020697ade770 DEOPT UNPACKING pc=0x000002063ce07da2 sp=0x0000004119ffead8 mode 2

Classes loaded (20 events):
Event: 11.736 Loading class jdk/internal/logger/AbstractLoggerWrapper
Event: 11.736 Loading class jdk/internal/logger/AbstractLoggerWrapper done
Event: 11.736 Loading class jdk/internal/logger/LazyLoggers$LazyLoggerWrapper done
Event: 11.736 Loading class jdk/internal/logger/LazyLoggers$JdkLazyLogger done
Event: 11.736 Loading class jdk/internal/logger/LazyLoggers$LazyLoggerAccessor
Event: 11.736 Loading class jdk/internal/logger/LazyLoggers$LoggerAccessor
Event: 11.736 Loading class jdk/internal/logger/LazyLoggers$LoggerAccessor done
Event: 11.736 Loading class jdk/internal/logger/LazyLoggers$LazyLoggerAccessor done
Event: 11.737 Loading class java/lang/System$Logger$Level
Event: 11.737 Loading class java/lang/System$Logger$Level done
Event: 11.737 Loading class jdk/internal/logger/SurrogateLogger
Event: 11.737 Loading class jdk/internal/logger/SimpleConsoleLogger
Event: 11.737 Loading class sun/util/logging/PlatformLogger$ConfigurableBridge$LoggerConfiguration
Event: 11.737 Loading class sun/util/logging/PlatformLogger$ConfigurableBridge$LoggerConfiguration done
Event: 11.737 Loading class jdk/internal/logger/SimpleConsoleLogger done
Event: 11.737 Loading class jdk/internal/logger/SurrogateLogger done
Event: 11.738 Loading class sun/util/logging/PlatformLogger
Event: 11.738 Loading class sun/util/logging/PlatformLogger done
Event: 11.738 Loading class sun/util/logging/PlatformLogger$Level
Event: 11.738 Loading class sun/util/logging/PlatformLogger$Level done

Classes unloaded (0 events):
No events

Classes redefined (0 events):
No events

Internal exceptions (20 events):
Event: 0.981 Thread 0x000002062bc4df10 Exception <a 'java/lang/NoSuchMethodError'{0x0000000623c63110}: 'org.slf4j.impl.StaticMDCBinder org.slf4j.impl.StaticMDCBinder.getSingleton()'> (0x0000000623c63110) 
thrown [s\open\src\hotspot\share\interpreter\linkResolver.cpp, line 773]
Event: 1.049 Thread 0x00000206970245b0 Exception <a 'java/lang/NoSuchMethodError'{0x0000000623ce53a8}: 'java.lang.Object java.lang.invoke.Invokers$Holder.invokeExact_MT(java.lang.Object, java.lang.Object, java.lang.Object, java.lang.Object, java.lang.Object, java.lang.Object)'> (0x0000000623ce53a8) 
thrown [s\open\src\hotspot\share\interpreter\linkResolver.cpp, line 773]
Event: 1.145 Thread 0x0000020697679dc0 Exception <a 'java/lang/NoSuchMethodError'{0x0000000623eb1130}: 'int java.lang.invoke.DirectMethodHandle$Holder.invokeSpecial(java.lang.Object, java.lang.Object, java.lang.Object)'> (0x0000000623eb1130) 
thrown [s\open\src\hotspot\share\interpreter\linkResolver.cpp, line 773]
Event: 1.160 Thread 0x0000020697679dc0 Exception <a 'java/lang/NoSuchMethodError'{0x0000000623ebfe00}: 'long java.lang.invoke.DirectMethodHandle$Holder.invokeInterface(java.lang.Object, java.lang.Object)'> (0x0000000623ebfe00) 
thrown [s\open\src\hotspot\share\interpreter\linkResolver.cpp, line 773]
Event: 1.162 Thread 0x0000020697679dc0 Exception <a 'java/lang/NoSuchMethodError'{0x0000000623ec4930}: 'long java.lang.invoke.DelegatingMethodHandle$Holder.reinvoke_L(java.lang.Object, java.lang.Object)'> (0x0000000623ec4930) 
thrown [s\open\src\hotspot\share\interpreter\linkResolver.cpp, line 773]
Event: 1.170 Thread 0x0000020697679dc0 Exception <a 'java/lang/NoSuchMethodError'{0x0000000623ed7138}: 'java.lang.Object java.lang.invoke.DirectMethodHandle$Holder.invokeStatic(java.lang.Object, int, java.lang.Object)'> (0x0000000623ed7138) 
thrown [s\open\src\hotspot\share\interpreter\linkResolver.cpp, line 773]
Event: 1.214 Thread 0x0000020697679dc0 Exception <a 'java/lang/NoSuchMethodError'{0x0000000623f416a8}: 'void java.lang.invoke.DirectMethodHandle$Holder.invokeStaticInit(java.lang.Object)'> (0x0000000623f416a8) 
thrown [s\open\src\hotspot\share\interpreter\linkResolver.cpp, line 773]
Event: 1.442 Thread 0x0000020697679dc0 Exception <a 'java/lang/NoSuchMethodError'{0x0000000623977fd8}: 'int java.lang.invoke.DirectMethodHandle$Holder.invokeSpecial(java.lang.Object, java.lang.Object, int)'> (0x0000000623977fd8) 
thrown [s\open\src\hotspot\share\interpreter\linkResolver.cpp, line 773]
Event: 1.625 Thread 0x0000020697679dc0 Exception <a 'java/lang/NoSuchMethodError'{0x000000062348b400}: 'int java.lang.invoke.DirectMethodHandle$Holder.invokeInterface(java.lang.Object, java.lang.Object)'> (0x000000062348b400) 
thrown [s\open\src\hotspot\share\interpreter\linkResolver.cpp, line 773]
Event: 1.690 Thread 0x0000020697679dc0 Exception <a 'java/lang/NoSuchMethodError'{0x0000000623009cc8}: 'java.lang.Object java.lang.invoke.DirectMethodHandle$Holder.invokeStaticInit(java.lang.Object, int, int, int, int)'> (0x0000000623009cc8) 
thrown [s\open\src\hotspot\share\interpreter\linkResolver.cpp, line 773]
Event: 1.720 Thread 0x0000020697679dc0 Exception <a 'java/lang/NoSuchMethodError'{0x00000006230f8168}: 'int java.lang.invoke.DirectMethodHandle$Holder.invokeStaticInit(java.lang.Object, java.lang.Object)'> (0x00000006230f8168) 
thrown [s\open\src\hotspot\share\interpreter\linkResolver.cpp, line 773]
Event: 1.721 Thread 0x0000020697679dc0 Exception <a 'java/lang/NoSuchMethodError'{0x00000006230fd6b8}: 'void java.lang.invoke.DirectMethodHandle$Holder.invokeStaticInit(java.lang.Object, java.lang.Object, java.lang.Object)'> (0x00000006230fd6b8) 
thrown [s\open\src\hotspot\share\interpreter\linkResolver.cpp, line 773]
Event: 1.740 Thread 0x0000020697679dc0 Exception <a 'java/lang/NoSuchMethodError'{0x000000062313fd50}: 'void java.lang.invoke.DirectMethodHandle$Holder.invokeInterface(java.lang.Object, java.lang.Object, java.lang.Object)'> (0x000000062313fd50) 
thrown [s\open\src\hotspot\share\interpreter\linkResolver.cpp, line 773]
Event: 1.868 Thread 0x0000020697679dc0 Exception <a 'java/lang/NoSuchMethodError'{0x00000006232dc750}: 'java.lang.Object java.lang.invoke.DirectMethodHandle$Holder.invokeStaticInit(java.lang.Object, java.lang.Object, int, int, int, int)'> (0x00000006232dc750) 
thrown [s\open\src\hotspot\share\interpreter\linkResolver.cpp, line 773]
Event: 1.879 Thread 0x0000020697679dc0 Exception <a 'java/lang/NoSuchMethodError'{0x00000006232e5778}: 'void java.lang.invoke.DirectMethodHandle$Holder.invokeInterface(java.lang.Object, java.lang.Object)'> (0x00000006232e5778) 
thrown [s\open\src\hotspot\share\interpreter\linkResolver.cpp, line 773]
Event: 2.002 Thread 0x000002062bc4df10 Exception <a 'java/lang/NoSuchMethodError'{0x0000000624417bd0}: 'int java.lang.invoke.DirectMethodHandle$Holder.invokeVirtual(java.lang.Object, java.lang.Object)'> (0x0000000624417bd0) 
thrown [s\open\src\hotspot\share\interpreter\linkResolver.cpp, line 773]
Event: 2.055 Thread 0x000002062bc4df10 Exception <a 'java/lang/NoSuchMethodError'{0x00000006244f5ee0}: 'java.lang.Object java.lang.invoke.DirectMethodHandle$Holder.invokeInterface(java.lang.Object, java.lang.Object)'> (0x00000006244f5ee0) 
thrown [s\open\src\hotspot\share\interpreter\linkResolver.cpp, line 773]
Event: 2.056 Thread 0x000002062bc4df10 Exception <a 'java/lang/IncompatibleClassChangeError'{0x00000006244f93f8}: Found class java.lang.Object, but interface was expected> (0x00000006244f93f8) 
thrown [s\open\src\hotspot\share\interpreter\linkResolver.cpp, line 840]
Event: 2.742 Thread 0x000002062bc4df10 Exception <a 'java/lang/NoSuchMethodError'{0x00000006245a0f60}: 'int java.lang.invoke.Invokers$Holder.invokeExact_MT(java.lang.Object, java.lang.Object)'> (0x00000006245a0f60) 
thrown [s\open\src\hotspot\share\interpreter\linkResolver.cpp, line 773]
Event: 3.800 Thread 0x0000020697ade770 Exception <a 'java/lang/NoSuchMethodError'{0x00000006242c6ef0}: 'java.lang.String main.java.Game.getNbLivingPlayers()'> (0x00000006242c6ef0) 
thrown [s\open\src\hotspot\share\interpreter\linkResolver.cpp, line 773]

ZGC Phase Switch (0 events):
No events

VM Operations (20 events):
Event: 0.918 Executing VM operation: HandshakeAllThreads (Deoptimize) done
Event: 0.983 Executing VM operation: HandshakeAllThreads (Deoptimize)
Event: 0.983 Executing VM operation: HandshakeAllThreads (Deoptimize) done
Event: 1.250 Executing VM operation: HandshakeAllThreads (Deoptimize)
Event: 1.250 Executing VM operation: HandshakeAllThreads (Deoptimize) done
Event: 1.250 Executing VM operation: Cleanup
Event: 1.250 Executing VM operation: Cleanup done
Event: 1.434 Executing VM operation: HandshakeAllThreads (Deoptimize)
Event: 1.434 Executing VM operation: HandshakeAllThreads (Deoptimize) done
Event: 1.640 Executing VM operation: HandshakeAllThreads (Deoptimize)
Event: 1.640 Executing VM operation: HandshakeAllThreads (Deoptimize) done
Event: 1.785 Executing VM operation: HandshakeAllThreads (Deoptimize)
Event: 1.785 Executing VM operation: HandshakeAllThreads (Deoptimize) done
Event: 1.970 Executing VM operation: G1CollectForAllocation (G1 Evacuation Pause)
Event: 1.979 Executing VM operation: G1CollectForAllocation (G1 Evacuation Pause) done
Event: 2.992 Executing VM operation: Cleanup
Event: 2.992 Executing VM operation: Cleanup done
Event: 3.998 Executing VM operation: Cleanup
Event: 3.998 Executing VM operation: Cleanup done
Event: 11.755 Executing VM operation: Exit

Events (20 events):
Event: 1.629 Thread 0x0000020697a9e1f0 Thread added: 0x0000020697a9e1f0
Event: 1.629 Thread 0x0000020697aa4b50 Thread added: 0x0000020697aa4b50
Event: 1.629 Thread 0x0000020697ac1470 Thread added: 0x0000020697ac1470
Event: 1.629 Thread 0x000002069757c940 Thread added: 0x000002069757c940
Event: 1.629 Thread 0x000002069757d430 Thread added: 0x000002069757d430
Event: 1.629 Thread 0x0000020697a5e6f0 Thread added: 0x0000020697a5e6f0
Event: 1.629 Thread 0x0000020697adf490 Thread added: 0x0000020697adf490
Event: 1.630 Thread 0x0000020697adfb20 Thread added: 0x0000020697adfb20
Event: 1.702 Thread 0x0000020697ae1bf0 Thread added: 0x0000020697ae1bf0
Event: 1.792 Thread 0x0000020697be7340 Thread added: 0x0000020697be7340
Event: 1.792 Thread 0x0000020697be7e00 Thread added: 0x0000020697be7e00
Event: 2.740 Thread 0x0000020697be7e00 Thread exited: 0x0000020697be7e00
Event: 2.740 Thread 0x0000020697be7340 Thread exited: 0x0000020697be7340
Event: 2.763 Thread 0x0000020697ade770 Thread added: 0x0000020697ade770
Event: 2.763 Thread 0x000002062bc4df10 Thread exited: 0x000002062bc4df10
Event: 2.763 Thread 0x0000020697ae01b0 Thread added: 0x0000020697ae01b0
Event: 3.815 Thread 0x0000020697ade770 Thread exited: 0x0000020697ade770
Event: 11.733 Thread 0x0000020697ae0840 Thread added: 0x0000020697ae0840
Event: 11.739 Thread 0x0000020697adee00 Thread added: 0x0000020697adee00
Event: 11.755 Thread 0x0000020697adee00 Thread exited: 0x0000020697adee00


Dynamic libraries:
0x00007ff646e80000 - 0x00007ff646e8e000 	C:\Users\w137087\.jdks\openjdk-21.0.2\bin\java.exe
0x00007ffa26410000 - 0x00007ffa26608000 	C:\Windows\SYSTEM32\ntdll.dll
0x00007ffa25270000 - 0x00007ffa2532d000 	C:\Windows\System32\KERNEL32.DLL
0x00007ffa23ec0000 - 0x00007ffa241b6000 	C:\Windows\System32\KERNELBASE.dll
0x00007ffa24bf0000 - 0x00007ffa24ca0000 	C:\Windows\System32\ADVAPI32.DLL
0x00007ffa257c0000 - 0x00007ffa2585e000 	C:\Windows\System32\msvcrt.dll
0x00007ffa24440000 - 0x00007ffa244e0000 	C:\Windows\System32\sechost.dll
0x00007ffa245a0000 - 0x00007ffa246c5000 	C:\Windows\System32\RPCRT4.dll
0x00007ffa24240000 - 0x00007ffa24267000 	C:\Windows\System32\bcrypt.dll
0x00007ffa23d30000 - 0x00007ffa23e30000 	C:\Windows\System32\ucrtbase.dll
0x00007ffa092a0000 - 0x00007ffa092b8000 	C:\Users\w137087\.jdks\openjdk-21.0.2\bin\jli.dll
0x00007ffa05650000 - 0x00007ffa0566b000 	C:\Users\w137087\.jdks\openjdk-21.0.2\bin\VCRUNTIME140.dll
0x00007ffa25860000 - 0x00007ffa259fe000 	C:\Windows\System32\USER32.dll
0x00007ffa0a430000 - 0x00007ffa0a6ca000 	C:\Windows\WinSxS\amd64_microsoft.windows.common-controls_6595b64144ccf1df_6.0.19041.3636_none_60b6a03d71f818d5\COMCTL32.dll
0x00007ffa241c0000 - 0x00007ffa241e2000 	C:\Windows\System32\win32u.dll
0x00007ffa24750000 - 0x00007ffa2477b000 	C:\Windows\System32\GDI32.dll
0x00007ffa23ac0000 - 0x00007ffa23bd7000 	C:\Windows\System32\gdi32full.dll
0x00007ffa23c90000 - 0x00007ffa23d2d000 	C:\Windows\System32\msvcp_win.dll
0x00007ffa24d10000 - 0x00007ffa24d42000 	C:\Windows\System32\IMM32.DLL
0x00007ffa1c2d0000 - 0x00007ffa1c2dc000 	C:\Users\w137087\.jdks\openjdk-21.0.2\bin\vcruntime140_1.dll
0x00007ffa03bb0000 - 0x00007ffa03c3e000 	C:\Users\w137087\.jdks\openjdk-21.0.2\bin\msvcp140.dll
0x00007ff96c050000 - 0x00007ff96cd67000 	C:\Users\w137087\.jdks\openjdk-21.0.2\bin\server\jvm.dll
0x00007ffa25530000 - 0x00007ffa2559b000 	C:\Windows\System32\WS2_32.dll
0x00007ffa22fe0000 - 0x00007ffa2302b000 	C:\Windows\SYSTEM32\POWRPROF.dll
0x00007ff9ffb30000 - 0x00007ff9ffb57000 	C:\Windows\SYSTEM32\WINMM.dll
0x00007ffa16ca0000 - 0x00007ffa16caa000 	C:\Windows\SYSTEM32\VERSION.dll
0x00007ffa22e90000 - 0x00007ffa22ea2000 	C:\Windows\SYSTEM32\UMPDC.dll
0x00007ffa21ff0000 - 0x00007ffa22002000 	C:\Windows\SYSTEM32\kernel.appcore.dll
0x00007ffa093e0000 - 0x00007ffa093ea000 	C:\Users\w137087\.jdks\openjdk-21.0.2\bin\jimage.dll
0x00007ffa21cc0000 - 0x00007ffa21ea4000 	C:\Windows\SYSTEM32\DBGHELP.DLL
0x00007ffa06430000 - 0x00007ffa06464000 	C:\Windows\SYSTEM32\dbgcore.DLL
0x00007ffa23e30000 - 0x00007ffa23eb2000 	C:\Windows\System32\bcryptPrimitives.dll
0x00007ffa047e0000 - 0x00007ffa047ef000 	C:\Users\w137087\.jdks\openjdk-21.0.2\bin\instrument.dll
0x00007ffa04870000 - 0x00007ffa0488f000 	C:\Users\w137087\.jdks\openjdk-21.0.2\bin\java.dll
0x00007ffa25a00000 - 0x00007ffa2616b000 	C:\Windows\System32\SHELL32.dll
0x00007ffa21520000 - 0x00007ffa21cbe000 	C:\Windows\SYSTEM32\windows.storage.dll
0x00007ffa24e90000 - 0x00007ffa251e3000 	C:\Windows\System32\combase.dll
0x00007ffa23400000 - 0x00007ffa2342e000 	C:\Windows\SYSTEM32\Wldp.dll
0x00007ffa24d50000 - 0x00007ffa24e1d000 	C:\Windows\System32\OLEAUT32.dll
0x00007ffa244e0000 - 0x00007ffa2458d000 	C:\Windows\System32\SHCORE.dll
0x00007ffa24e20000 - 0x00007ffa24e75000 	C:\Windows\System32\shlwapi.dll
0x00007ffa239f0000 - 0x00007ffa23a15000 	C:\Windows\SYSTEM32\profapi.dll
0x00007ff9e2370000 - 0x00007ff9e2447000 	C:\Users\w137087\.jdks\openjdk-21.0.2\bin\jsvml.dll
0x00007ffa03b40000 - 0x00007ffa03b58000 	C:\Users\w137087\.jdks\openjdk-21.0.2\bin\zip.dll
0x00007ffa03ba0000 - 0x00007ffa03bb0000 	C:\Users\w137087\.jdks\openjdk-21.0.2\bin\net.dll
0x00007ffa22a50000 - 0x00007ffa22b5a000 	C:\Windows\SYSTEM32\WINHTTP.dll
0x00007ffa231f0000 - 0x00007ffa2325a000 	C:\Windows\system32\mswsock.dll
0x00007ffa03b60000 - 0x00007ffa03b76000 	C:\Users\w137087\.jdks\openjdk-21.0.2\bin\nio.dll
0x00007ffa03b20000 - 0x00007ffa03b3a000 	C:\Program Files\JetBrains\IntelliJ IDEA 2023.3.4\bin\breakgen64.dll
0x00007ffa02dc0000 - 0x00007ffa02dc9000 	C:\Users\w137087\.jdks\openjdk-21.0.2\bin\extnet.dll
0x00007ffa02db0000 - 0x00007ffa02dc0000 	C:\Users\w137087\.jdks\openjdk-21.0.2\bin\verify.dll
0x00007ffa02da0000 - 0x00007ffa02daa000 	C:\Users\w137087\.jdks\openjdk-21.0.2\bin\management.dll
0x00007ffa016f0000 - 0x00007ffa016fb000 	C:\Users\w137087\.jdks\openjdk-21.0.2\bin\management_ext.dll
0x00007ffa24590000 - 0x00007ffa24598000 	C:\Windows\System32\PSAPI.DLL
0x00007ffa01610000 - 0x00007ffa0161e000 	C:\Users\w137087\.jdks\openjdk-21.0.2\bin\sunmscapi.dll
0x00007ffa242e0000 - 0x00007ffa2443d000 	C:\Windows\System32\CRYPT32.dll
0x00007ffa23560000 - 0x00007ffa23588000 	C:\Windows\SYSTEM32\ncrypt.dll
0x00007ffa23520000 - 0x00007ffa2355b000 	C:\Windows\SYSTEM32\NTASN1.dll
0x00007ffa1c010000 - 0x00007ffa1c017000 	C:\Windows\system32\wshunix.dll
0x00007ffa23450000 - 0x00007ffa23468000 	C:\Windows\SYSTEM32\CRYPTSP.dll
0x00007ffa229c0000 - 0x00007ffa229f4000 	C:\Windows\system32\rsaenh.dll
0x00007ffa23970000 - 0x00007ffa2399e000 	C:\Windows\SYSTEM32\USERENV.dll
0x00007ffa23430000 - 0x00007ffa2343c000 	C:\Windows\SYSTEM32\CRYPTBASE.dll
0x00007ffa22eb0000 - 0x00007ffa22eeb000 	C:\Windows\SYSTEM32\IPHLPAPI.DLL
0x00007ffa24e80000 - 0x00007ffa24e88000 	C:\Windows\System32\NSI.dll
0x0000000065ac0000 - 0x0000000065aec000 	C:\Users\w137087\AppData\Local\Temp\libgdxw137087\515ef75a\gdx64.dll
0x0000000180000000 - 0x0000000180053000 	C:\Users\w137087\AppData\Local\Temp\libgdxw137087\1cecf4f6\lwjgl64.dll
0x00007ff9e53b0000 - 0x00007ff9e54d5000 	C:\Windows\SYSTEM32\OPENGL32.dll
0x00007ff9e5590000 - 0x00007ff9e55bc000 	C:\Windows\SYSTEM32\GLU32.dll
0x0000020698f80000 - 0x0000020698fe4000 	C:\Users\w137087\AppData\Local\Temp\libgdxw137087\1cecf4f6\OpenAL64.dll
0x00007ffa25630000 - 0x00007ffa2575b000 	C:\Windows\System32\ole32.dll
0x00007ffa207e0000 - 0x00007ffa2087e000 	C:\Windows\system32\uxtheme.dll
0x00007ffa26170000 - 0x00007ffa26219000 	C:\Windows\System32\clbcatq.dll
0x00007ff9e1740000 - 0x00007ff9e17dc000 	C:\Windows\SYSTEM32\dsound.dll
0x00007ff9fccb0000 - 0x00007ff9fccd6000 	C:\Windows\SYSTEM32\winmmbase.dll
0x00007ffa19780000 - 0x00007ffa19805000 	C:\Windows\System32\MMDevApi.dll
0x00007ffa23850000 - 0x00007ffa23883000 	C:\Windows\System32\DEVOBJ.dll
0x00007ffa241f0000 - 0x00007ffa2423e000 	C:\Windows\System32\cfgmgr32.dll
0x00007ffa19810000 - 0x00007ffa19992000 	C:\Windows\SYSTEM32\AUDIOSES.DLL
0x00007ffa20ea0000 - 0x00007ffa20eb4000 	C:\Windows\SYSTEM32\resourcepolicyclient.dll
0x00007ffa1aa80000 - 0x00007ffa1ab2e000 	C:\Windows\SYSTEM32\mscms.dll
0x00007ffa1aa30000 - 0x00007ffa1aa41000 	C:\Windows\SYSTEM32\ColorAdapterClient.dll
0x00007ffa105b0000 - 0x00007ffa105f3000 	C:\Windows\System32\Windows.Internal.Graphics.Display.DisplayColorManagement.dll
0x00007ffa25410000 - 0x00007ffa25525000 	C:\Windows\System32\MSCTF.dll
0x00007ffa08c00000 - 0x00007ffa08cf9000 	C:\Windows\SYSTEM32\textinputframework.dll
0x00007ffa20460000 - 0x00007ffa20552000 	C:\Windows\System32\CoreMessaging.dll
0x00007ffa1fd80000 - 0x00007ffa200db000 	C:\Windows\System32\CoreUIComponents.dll
0x00007ffa22c10000 - 0x00007ffa22c43000 	C:\Windows\SYSTEM32\ntmarta.dll
0x00007ffa1eda0000 - 0x00007ffa1eef5000 	C:\Windows\SYSTEM32\wintypes.dll
0x00007ffa18350000 - 0x00007ffa18453000 	C:\Windows\System32\AppXDeploymentClient.dll
0x00007ff939180000 - 0x00007ff93a186000 	C:\Windows\System32\DriverStore\FileRepository\iigd_dch.inf_amd64_bd06817067e305f4\igxelpicd64.dll
0x00007ffa20e70000 - 0x00007ffa20e9f000 	C:\Windows\system32\dwmapi.dll
0x00007ffa22010000 - 0x00007ffa22103000 	C:\Windows\system32\dxgi.dll
0x00007ff970b40000 - 0x00007ff970fde000 	C:\Windows\System32\DriverStore\FileRepository\iigd_dch.inf_amd64_bd06817067e305f4\igdml64.dll
0x00007ffa0e000000 - 0x00007ffa0e3c1000 	C:\Windows\System32\DriverStore\FileRepository\iigd_dch.inf_amd64_bd06817067e305f4\igdgmm64.dll
0x00007ff9e57b0000 - 0x00007ff9e57f3000 	C:\Windows\SYSTEM32\icm32.dll
0x00007ffa0abe0000 - 0x00007ffa0de40000 	C:\Windows\System32\DriverStore\FileRepository\iigd_dch.inf_amd64_bd06817067e305f4\igc64.dll

dbghelp: loaded successfully - version: 4.0.5 - missing functions: none
symbol engine: initialized successfully - sym options: 0x614 - pdb path: .;C:\Users\w137087\.jdks\openjdk-21.0.2\bin;C:\Windows\SYSTEM32;C:\Windows\WinSxS\amd64_microsoft.windows.common-controls_6595b64144ccf1df_6.0.19041.3636_none_60b6a03d71f818d5;C:\Users\w137087\.jdks\openjdk-21.0.2\bin\server;C:\Program Files\JetBrains\IntelliJ IDEA 2023.3.4\bin;C:\Users\w137087\AppData\Local\Temp\libgdxw137087\515ef75a;C:\Users\w137087\AppData\Local\Temp\libgdxw137087\1cecf4f6;C:\Windows\System32\DriverStore\FileRepository\iigd_dch.inf_amd64_bd06817067e305f4

VM Arguments:
jvm_args: -javaagent:C:\Program Files\JetBrains\IntelliJ IDEA 2023.3.4\lib\idea_rt.jar=57245:C:\Program Files\JetBrains\IntelliJ IDEA 2023.3.4\bin -Dfile.encoding=UTF-8 -Dsun.stdout.encoding=UTF-8 -Dsun.stderr.encoding=UTF-8 
java_command: main.java.GameServer
java_class_path (initial): C:\Users\w137087\IdeaProjects\JeuServeur\target\classes;C:\Users\w137087\.m2\repository\com\sparkjava\spark-core\2.9.3\spark-core-2.9.3.jar;C:\Users\w137087\.m2\repository\org\slf4j\slf4j-api\1.7.25\slf4j-api-1.7.25.jar;C:\Users\w137087\.m2\repository\org\eclipse\jetty\jetty-server\9.4.31.v20200723\jetty-server-9.4.31.v20200723.jar;C:\Users\w137087\.m2\repository\javax\servlet\javax.servlet-api\3.1.0\javax.servlet-api-3.1.0.jar;C:\Users\w137087\.m2\repository\org\eclipse\jetty\jetty-http\9.4.31.v20200723\jetty-http-9.4.31.v20200723.jar;C:\Users\w137087\.m2\repository\org\eclipse\jetty\jetty-util\9.4.31.v20200723\jetty-util-9.4.31.v20200723.jar;C:\Users\w137087\.m2\repository\org\eclipse\jetty\jetty-io\9.4.31.v20200723\jetty-io-9.4.31.v20200723.jar;C:\Users\w137087\.m2\repository\org\eclipse\jetty\jetty-webapp\9.4.31.v20200723\jetty-webapp-9.4.31.v20200723.jar;C:\Users\w137087\.m2\repository\org\eclipse\jetty\jetty-xml\9.4.31.v20200723\jetty-xml-9.4.31.v20200723.jar;C:\Users\w137087\.m2\repository\org\eclipse\jetty\jetty-servlet\9.4.31.v20200723\jetty-servlet-9.4.31.v20200723.jar;C:\Users\w137087\.m2\repository\org\eclipse\jetty\jetty-security\9.4.31.v20200723\jetty-security-9.4.31.v20200723.jar;C:\Users\w137087\.m2\repository\org\eclipse\jetty\websocket\websocket-server\9.4.31.v20200723\websocket-server-9.4.31.v20200723.jar;C:\Users\w137087\.m2\repository\org\eclipse\jetty\websocket\websocket-common\9.4.31.v20200723\websocket-common-9.4.31.v20200723.jar;C:\Users\w137087\.m2\repository\org\eclipse\jetty\websocket\websocket-client\9.4.31.v20200723\websocket-client-9.4.31.v20200723.jar;C:\Users\w137087\.m2\repository\org\eclipse\jetty\jetty-client\9.4.31.v20200723\jetty-client-9.4.31.v20200723.jar;C:\Users\w137087\.m2\repository\org\eclipse\jetty\websocket\websocket-servlet\9.4.31.v20200723\websocket-servlet-9.4.31.v20200723.jar;C:\Users\w137087\.m2\repository\org\eclipse\jetty\websocket\websocket-api\9.4.31.v20200723\websocket-api-9.4.31.v20200723.jar;C:\Users\w137087\.m2\repository\com\google\code\gson\gson\2.8.9\gson-2.8.9.jar;C:\Users\w137087\.m2\repository\ch\qos\logback\logback-classic\1.2.6\logback-classic-1.2.6.jar;C:\Users\w137087\.m2\repository\ch\qos\logback\logback-core\1.2.6\logback-core-1.2.6.jar;C:\Users\w137087\.m2\repository\org\json\json\20210307\json-20210307.jar;C:\Users\w137087\.m2\repository\com\badlogicgames\gdx\gdx\1.9.12\gdx-1.9.12.jar;C:\Users\w137087\.m2\repository\com\badlogicgames\gdx\gdx-backend-lwjgl\1.9.12\gdx-backend-lwjgl-1.9.12.jar;C:\Users\w137087\.m2\repository\org\lwjgl\lwjgl\lwjgl\2.9.3\lwjgl-2.9.3.jar;C:\Users\w137087\.m2\repository\org\lwjgl\lwjgl\lwjgl-platform\2.9.3\lwjgl-platform-2.9.3-natives-windows.jar;C:\Users\w137087\.m2\repository\org\lwjgl\lwjgl\lwjgl-platform\2.9.3\lwjgl-platform-2.9.3-natives-linux.jar;C:\Users\w137087\.m2\repository\org\lwjgl\lwjgl\lwjgl-platform\2.9.3\lwjgl-platform-2.9.3-natives-osx.jar;C:\Users\w137087\.m2\repository\net\java\jinput\jinput\2.0.5\jinput-2.0.5.jar;C:\Users\w137087\.m2\repository\net\java\jutils\jutils\1.0.0\jutils-1.0.0.jar;C:\Users\w137087\.m2\repository\net\java\jinput\jinput-platform\2.0.5\jinput-platform-2.0.5-natives-linux.jar;C:\Users\w137087\.m2\repository\net\java\jinput\jinput-platform\2.0.5\jinput-platform-2.0.5-natives-windows.jar;C:\Users\w137087\.m2\repository\net\java\jinput\jinput-platform\2.0.5\jinput-platform-2.0.5-natives-osx.jar;C:\Users\w137087\.m2\repository\org\lwjgl\lwjgl\lwjgl_util\2.9.3\lwjgl_util-2.9.3.jar;C:\Users\w137087\.m2\repository\com\badlogicgames\jlayer\jlayer\1.0.1-gdx\jlayer-1.0.1-gdx.jar;C:\Users\w137087\.m2\repository\org\jcraft\jorbis\0.0.17\jorbis-0.0.17.jar;C:\Users\w137087\.m2\repository\com\badlogicgames\gdx\gdx-platform\1.9.11\gdx-platform-1.9.11-natives-desktop.jar
Launcher Type: SUN_STANDARD

[Global flags]
     intx CICompilerCount                          = 4                                         {product} {ergonomic}
     uint ConcGCThreads                            = 2                                         {product} {ergonomic}
     uint G1ConcRefinementThreads                  = 8                                         {product} {ergonomic}
   size_t G1HeapRegionSize                         = 4194304                                   {product} {ergonomic}
    uintx GCDrainStackTargetSize                   = 64                                        {product} {ergonomic}
   size_t InitialHeapSize                          = 532676608                                 {product} {ergonomic}
   size_t MarkStackSize                            = 4194304                                   {product} {ergonomic}
   size_t MaxHeapSize                              = 8510242816                                {product} {ergonomic}
   size_t MaxNewSize                               = 5104467968                                {product} {ergonomic}
   size_t MinHeapDeltaBytes                        = 4194304                                   {product} {ergonomic}
   size_t MinHeapSize                              = 8388608                                   {product} {ergonomic}
    uintx NonNMethodCodeHeapSize                   = 5839372                                {pd product} {ergonomic}
    uintx NonProfiledCodeHeapSize                  = 122909434                              {pd product} {ergonomic}
    uintx ProfiledCodeHeapSize                     = 122909434                              {pd product} {ergonomic}
    uintx ReservedCodeCacheSize                    = 251658240                              {pd product} {ergonomic}
     bool SegmentedCodeCache                       = true                                      {product} {ergonomic}
   size_t SoftMaxHeapSize                          = 8510242816                             {manageable} {ergonomic}
     bool UseCompressedOops                        = true                           {product lp64_product} {ergonomic}
     bool UseG1GC                                  = true                                      {product} {ergonomic}
     bool UseLargePagesIndividualAllocation        = false                                  {pd product} {ergonomic}

Logging:
Log output configuration:
 #0: stdout all=off uptime,level,tags foldmultilines=false
 #1: stderr all=off uptime,level,tags foldmultilines=false

Environment Variables:
PATH=C:\Python312\Scripts\;C:\Python312\;C:\Windows\system32;C:\Windows;C:\Windows\System32\Wbem;C:\Windows\System32\WindowsPowerShell\v1.0\;C:\Windows\System32\OpenSSH\;C:\Program Files\PuTTY\;C:\Program Files\nodejs\;C:\ProgramData\chocolatey\bin;C:\Program Files\JetBrains\IntelliJ IDEA Community Edition 2021.1.3\bin;C:\Program Files\Microsoft VS Code\bin;C:\Program Files\Docker\Docker\resources\bin;C:\Program Files\Git\cmd;C:\Program Files\OpenSSL\bin;C:\Users\w137087\AppData\Local\Microsoft\WindowsApps;C:\Users\w137087\AppData\Roaming\npm;C:\Users\w137087\AppData\Local\Google\Cloud SDK\google-cloud-sdk\bin
USERNAME=w137087
OS=Windows_NT
PROCESSOR_IDENTIFIER=Intel64 Family 6 Model 140 Stepping 1, GenuineIntel
TMP=C:\Users\w137087\AppData\Local\Temp
TEMP=C:\Users\w137087\AppData\Local\Temp




Periodic native trim disabled

---------------  S Y S T E M  ---------------

OS:
 Windows 10 , 64 bit Build 19041 (10.0.19041.3636)
OS uptime: 3 days 6:31 hours
Hyper-V role detected

CPU: total 8 (initial active 8) (4 cores per cpu, 2 threads per core) family 6 model 140 stepping 1 microcode 0xac, cx8, cmov, fxsr, ht, mmx, 3dnowpref, sse, sse2, sse3, ssse3, sse4.1, sse4.2, popcnt, lzcnt, tsc, tscinvbit, avx, avx2, aes, erms, clmul, bmi1, bmi2, adx, avx512f, avx512dq, avx512cd, avx512bw, avx512vl, sha, fma, vzeroupper, avx512_vpopcntdq, avx512_vpclmulqdq, avx512_vaes, avx512_vnni, clflush, clflushopt, clwb, avx512_vbmi2, avx512_vbmi, hv, rdtscp, rdpid, fsrm, gfni, avx512_bitalg, f16c, cet_ibt, cet_ss, avx512_ifma
Processor Information for processor 0
  Max Mhz: 2803, Current Mhz: 2803, Mhz Limit: 2803
Processor Information for processor 1
  Max Mhz: 2803, Current Mhz: 2803, Mhz Limit: 2803
Processor Information for processor 2
  Max Mhz: 2803, Current Mhz: 1501, Mhz Limit: 2803
Processor Information for processor 3
  Max Mhz: 2803, Current Mhz: 2803, Mhz Limit: 2803
Processor Information for processor 4
  Max Mhz: 2803, Current Mhz: 1501, Mhz Limit: 2803
Processor Information for processor 5
  Max Mhz: 2803, Current Mhz: 2803, Mhz Limit: 2803
Processor Information for processor 6
  Max Mhz: 2803, Current Mhz: 1501, Mhz Limit: 2803
Processor Information for processor 7
  Max Mhz: 2803, Current Mhz: 2803, Mhz Limit: 2803

Memory: 4k page, system-wide physical 32448M (6417M free)
TotalPageFile size 46272M (AvailPageFile size 6530M)
current process WorkingSet (physical memory assigned to process): 176M, peak: 186M
current process commit charge ("private bytes"): 656M, peak: 664M

vm_info: OpenJDK 64-Bit Server VM (21.0.2+13-58) for windows-amd64 JRE (21.0.2+13-58), built on 2024-01-05T18:32:24Z by "mach5one" with MS VC++ 17.1 (VS2022)

END.
